[8A[2K----------------------------------------------------------------------------------------------
[2K[36;1m        VERTICES      MODE        STATUS  TOTAL  COMPLETED  RUNNING  PENDING  FAILED  KILLED  
[22;0m[2K----------------------------------------------------------------------------------------------
[2KMap 1                 llap       RUNNING      1          0        1        0       0       0  
Reducer 2             llap        INITED      8          0        0        8       0       0  
[2K----------------------------------------------------------------------------------------------
[2K[31;1mVERTICES: 00/02  [>>--------------------------] 0%    ELAPSED TIME: 50.20 s    
[22;0m[2K----------------------------------------------------------------------------------------------
[8A[2K----------------------------------------------------------------------------------------------
[2K[36;1m        VERTICES      MODE        STATUS  TOTAL  COMPLETED  RUNNING  PENDING  FAILED  KILLED  
[22;0m[2K----------------------------------------------------------------------------------------------
[2KMap 1                 llap       RUNNING      1          0        1        0       0       0  
Reducer 2             llap        INITED      8          0        0        8       0       0  
[2K----------------------------------------------------------------------------------------------
[2K[31;1mVERTICES: 00/02  [>>--------------------------] 0%    ELAPSED TIME: 53.20 s    
[22;0m[2K----------------------------------------------------------------------------------------------
[8A[2K----------------------------------------------------------------------------------------------
[2K[36;1m        VERTICES      MODE        STATUS  TOTAL  COMPLETED  RUNNING  PENDING  FAILED  KILLED  
[22;0m[2K----------------------------------------------------------------------------------------------
[2KMap 1                 llap       RUNNING      1          0        1        0       0       0  
Reducer 2             llap        INITED      8          0        0        8       0       0  
[2K----------------------------------------------------------------------------------------------
[2K[31;1mVERTICES: 00/02  [>>--------------------------] 0%    ELAPSED TIME: 56.21 s    
[22;0m[2K----------------------------------------------------------------------------------------------
[8A[2K----------------------------------------------------------------------------------------------
[2K[36;1m        VERTICES      MODE        STATUS  TOTAL  COMPLETED  RUNNING  PENDING  FAILED  KILLED  
[22;0m[2K----------------------------------------------------------------------------------------------
[2KMap 1                 llap       RUNNING      1          0        1        0       0       0  
Reducer 2             llap        INITED      8          0        0        8       0       0  
[2K----------------------------------------------------------------------------------------------
[2K[31;1mVERTICES: 00/02  [>>--------------------------] 0%    ELAPSED TIME: 59.71 s    
[22;0m[2K----------------------------------------------------------------------------------------------
[8A[2K----------------------------------------------------------------------------------------------
[2K[36;1m        VERTICES      MODE        STATUS  TOTAL  COMPLETED  RUNNING  PENDING  FAILED  KILLED  
[22;0m[2K----------------------------------------------------------------------------------------------
[2KMap 1                 llap       RUNNING      1          0        1        0       0       0  
Reducer 2             llap        INITED      8          0        0        8       0       0  
[2K----------------------------------------------------------------------------------------------
[2K[31;1mVERTICES: 00/02  [>>--------------------------] 0%    ELAPSED TIME: 63.22 s    
[22;0m[2K----------------------------------------------------------------------------------------------
[8A[2K----------------------------------------------------------------------------------------------
[2K[36;1m        VERTICES      MODE        STATUS  TOTAL  COMPLETED  RUNNING  PENDING  FAILED  KILLED  
[22;0m[2K----------------------------------------------------------------------------------------------
[2KMap 1                 llap       RUNNING      1          0        1        0       0       0  
Reducer 2             llap        INITED      8          0        0        8       0       0  
[2K----------------------------------------------------------------------------------------------
[2K[31;1mVERTICES: 00/02  [>>--------------------------] 0%    ELAPSED TIME: 66.72 s    
[22;0m[2K----------------------------------------------------------------------------------------------
[8A[2K----------------------------------------------------------------------------------------------
[2K[36;1m        VERTICES      MODE        STATUS  TOTAL  COMPLETED  RUNNING  PENDING  FAILED  KILLED  
[22;0m[2K----------------------------------------------------------------------------------------------
[2KMap 1 ..........      llap     SUCCEEDED      1          1        0        0       0       0  
Reducer 2 ...         llap       RUNNING      8          5        3        0       0       0  
[2K----------------------------------------------------------------------------------------------
[2K[31;1mVERTICES: 01/02  [=================>>---------] 66%   ELAPSED TIME: 70.72 s    
[22;0m[2K----------------------------------------------------------------------------------------------
[8A[2K----------------------------------------------------------------------------------------------
[2K[36;1m        VERTICES      MODE        STATUS  TOTAL  COMPLETED  RUNNING  PENDING  FAILED  KILLED  
[22;0m[2K----------------------------------------------------------------------------------------------
[2KMap 1 ..........      llap     SUCCEEDED      1          1        0        0       0       0  
Reducer 2 ......      llap     SUCCEEDED      8          8        0        0       0       0  
[2K----------------------------------------------------------------------------------------------
[2K[31;1mVERTICES: 02/02  [==========================>>] 100%  ELAPSED TIME: 74.73 s    
[22;0m[2K----------------------------------------------------------------------------------------------
[8A[2K----------------------------------------------------------------------------------------------
[2K[36;1m        VERTICES      MODE        STATUS  TOTAL  COMPLETED  RUNNING  PENDING  FAILED  KILLED  
[22;0m[2K----------------------------------------------------------------------------------------------
[2KMap 1 ..........      llap     SUCCEEDED      1          1        0        0       0       0  
Reducer 2 ......      llap     SUCCEEDED      8          8        0        0       0       0  
[2K----------------------------------------------------------------------------------------------
[2K[31;1mVERTICES: 02/02  [==========================>>] 100%  ELAPSED TIME: 78.47 s    
[22;0m[2K----------------------------------------------------------------------------------------------
INFO  : Status: DAG finished successfully in 70.86 seconds
INFO  : 
INFO  : Query Execution Summary
INFO  : ----------------------------------------------------------------------------------------------
INFO  : OPERATION                            DURATION
INFO  : ----------------------------------------------------------------------------------------------
INFO  : Compile Query                           3.00s
INFO  : Prepare Plan                            1.85s
INFO  : Get Query Coordinator (AM)              0.01s
INFO  : Submit Plan                             0.33s
INFO  : Start DAG                               1.44s
INFO  : Run DAG                                70.86s
INFO  : ----------------------------------------------------------------------------------------------
INFO  : 
INFO  : Task Execution Summary
INFO  : ----------------------------------------------------------------------------------------------
INFO  :   VERTICES      DURATION(ms)   CPU_TIME(ms)    GC_TIME(ms)   INPUT_RECORDS   OUTPUT_RECORDS
INFO  : ----------------------------------------------------------------------------------------------
INFO  :      Map 1          67866.00              0              0       5,683,047                1
INFO  :  Reducer 2           2479.00              0              0               1                0
INFO  : ----------------------------------------------------------------------------------------------
INFO  : 
INFO  : LLAP IO Summary
INFO  : ----------------------------------------------------------------------------------------------
INFO  :   VERTICES ROWGROUPS  META_HIT  META_MISS  DATA_HIT  DATA_MISS  TOTAL_IO
INFO  : ----------------------------------------------------------------------------------------------
INFO  :      Map 1       569         0          4        0B    23.54MB    55.95s
INFO  : ----------------------------------------------------------------------------------------------
INFO  : 
INFO  : FileSystem Counters Summary
INFO  : 
INFO  : Scheme: S3A
INFO  : ----------------------------------------------------------------------------------------------
INFO  :   VERTICES      BYTES_READ      READ_OPS     LARGE_READ_OPS      BYTES_WRITTEN     WRITE_OPS
INFO  : ----------------------------------------------------------------------------------------------
INFO  :      Map 1         24.44MB            16                  0                 0B            16
INFO  :  Reducer 2              0B             6                  0                 0B             7
INFO  : ----------------------------------------------------------------------------------------------
INFO  : 
INFO  : Scheme: FILE
INFO  : ----------------------------------------------------------------------------------------------
INFO  :   VERTICES      BYTES_READ      READ_OPS     LARGE_READ_OPS      BYTES_WRITTEN     WRITE_OPS
INFO  : ----------------------------------------------------------------------------------------------
INFO  :      Map 1            400B             0                  0             5.90KB             0
INFO  :  Reducer 2              0B             0                  0                 0B             0
INFO  : ----------------------------------------------------------------------------------------------
INFO  : 
INFO  : org.apache.tez.common.counters.DAGCounter:
INFO  :    NUM_SUCCEEDED_TASKS: 9
INFO  :    TOTAL_LAUNCHED_TASKS: 9
INFO  :    DATA_LOCAL_TASKS: 1
INFO  :    AM_CPU_MILLISECONDS: 5970
INFO  :    AM_GC_TIME_MILLIS: 82
INFO  : File System Counters:
INFO  :    FILE_BYTES_READ: 400
INFO  :    FILE_BYTES_WRITTEN: 5898
INFO  :    FILE_READ_OPS: 0
INFO  :    FILE_LARGE_READ_OPS: 0
INFO  :    FILE_WRITE_OPS: 0
INFO  :    S3A_BYTES_READ: 24438238
INFO  :    S3A_BYTES_WRITTEN: 0
INFO  :    S3A_READ_OPS: 22
INFO  :    S3A_LARGE_READ_OPS: 0
INFO  :    S3A_WRITE_OPS: 23
INFO  : org.apache.tez.common.counters.TaskCounter:
INFO  :    REDUCE_INPUT_GROUPS: 1
INFO  :    REDUCE_INPUT_RECORDS: 1
INFO  :    COMBINE_INPUT_RECORDS: 0
INFO  :    SPILLED_RECORDS: 2
INFO  :    NUM_SHUFFLED_INPUTS: 1
INFO  :    NUM_SKIPPED_INPUTS: 7
INFO  :    NUM_FAILED_SHUFFLE_INPUTS: 0
INFO  :    MERGED_MAP_OUTPUTS: 1
INFO  :    TASK_DURATION_MILLIS: 78210
INFO  :    INPUT_RECORDS_PROCESSED: 5683047
INFO  :    INPUT_SPLIT_LENGTH_BYTES: 32993641
INFO  :    OUTPUT_RECORDS: 1
INFO  :    OUTPUT_LARGE_RECORDS: 0
INFO  :    OUTPUT_BYTES: 10954
INFO  :    OUTPUT_BYTES_WITH_OVERHEAD: 10964
INFO  :    OUTPUT_BYTES_PHYSICAL: 5698
INFO  :    ADDITIONAL_SPILLS_BYTES_WRITTEN: 0
INFO  :    ADDITIONAL_SPILLS_BYTES_READ: 5698
INFO  :    ADDITIONAL_SPILL_COUNT: 0
INFO  :    SHUFFLE_CHUNK_COUNT: 1
INFO  :    SHUFFLE_BYTES: 5698
INFO  :    SHUFFLE_BYTES_DECOMPRESSED: 10964
INFO  :    SHUFFLE_BYTES_TO_MEM: 0
INFO  :    SHUFFLE_BYTES_TO_DISK: 0
INFO  :    SHUFFLE_BYTES_DISK_DIRECT: 5698
INFO  :    NUM_MEM_TO_DISK_MERGES: 0
INFO  :    NUM_DISK_TO_DISK_MERGES: 0
INFO  :    SHUFFLE_PHASE_TIME: 340
INFO  :    MERGE_PHASE_TIME: 405
INFO  :    FIRST_EVENT_RECEIVED: 316
INFO  :    LAST_EVENT_RECEIVED: 316
INFO  : HIVE:
INFO  :    CREATED_DYNAMIC_PARTITIONS: 1
INFO  :    CREATED_FILES: 2
INFO  :    DESERIALIZE_ERRORS: 0
INFO  :    RECORDS_IN_Map_1: 5683047
INFO  :    RECORDS_OUT_0: 1
INFO  :    RECORDS_OUT_1_airline_ontime.flights: 5683047
INFO  :    RECORDS_OUT_INTERMEDIATE_Map_1: 1
INFO  :    RECORDS_OUT_INTERMEDIATE_Reducer_2: 0
INFO  :    RECORDS_OUT_OPERATOR_FS_10: 1
INFO  :    RECORDS_OUT_OPERATOR_FS_3: 5683047
INFO  :    RECORDS_OUT_OPERATOR_GBY_6: 1
INFO  :    RECORDS_OUT_OPERATOR_GBY_8: 1
INFO  :    RECORDS_OUT_OPERATOR_MAP_0: 0
INFO  :    RECORDS_OUT_OPERATOR_RS_7: 1
INFO  :    RECORDS_OUT_OPERATOR_SEL_2: 5683047
INFO  :    RECORDS_OUT_OPERATOR_SEL_5: 5683047
INFO  :    RECORDS_OUT_OPERATOR_SEL_9: 1
INFO  :    RECORDS_OUT_OPERATOR_TS_0: 5683047
INFO  : Shuffle Errors:
INFO  :    BAD_ID: 0
INFO  :    CONNECTION: 0
INFO  :    IO_ERROR: 0
INFO  :    WRONG_LENGTH: 0
INFO  :    WRONG_MAP: 0
INFO  :    WRONG_REDUCE: 0
INFO  : Shuffle Errors_Reducer_2_INPUT_Map_1:
INFO  :    BAD_ID: 0
INFO  :    CONNECTION: 0
INFO  :    IO_ERROR: 0
INFO  :    WRONG_LENGTH: 0
INFO  :    WRONG_MAP: 0
INFO  :    WRONG_REDUCE: 0
INFO  : TaskCounter_Map_1_INPUT_flights_external:
INFO  :    INPUT_RECORDS_PROCESSED: 5683047
INFO  :    INPUT_SPLIT_LENGTH_BYTES: 32993641
INFO  : TaskCounter_Map_1_OUTPUT_Reducer_2:
INFO  :    ADDITIONAL_SPILLS_BYTES_READ: 0
INFO  :    ADDITIONAL_SPILLS_BYTES_WRITTEN: 0
INFO  :    ADDITIONAL_SPILL_COUNT: 0
INFO  :    OUTPUT_BYTES: 10954
INFO  :    OUTPUT_BYTES_PHYSICAL: 5698
INFO  :    OUTPUT_BYTES_WITH_OVERHEAD: 10964
INFO  :    OUTPUT_LARGE_RECORDS: 0
INFO  :    OUTPUT_RECORDS: 1
INFO  :    SHUFFLE_CHUNK_COUNT: 1
INFO  :    SPILLED_RECORDS: 1
INFO  : TaskCounter_Reducer_2_INPUT_Map_1:
INFO  :    ADDITIONAL_SPILLS_BYTES_READ: 5698
INFO  :    ADDITIONAL_SPILLS_BYTES_WRITTEN: 0
INFO  :    COMBINE_INPUT_RECORDS: 0
INFO  :    FIRST_EVENT_RECEIVED: 316
INFO  :    LAST_EVENT_RECEIVED: 316
INFO  :    MERGED_MAP_OUTPUTS: 1
INFO  :    MERGE_PHASE_TIME: 405
INFO  :    NUM_DISK_TO_DISK_MERGES: 0
INFO  :    NUM_FAILED_SHUFFLE_INPUTS: 0
INFO  :    NUM_MEM_TO_DISK_MERGES: 0
INFO  :    NUM_SHUFFLED_INPUTS: 1
INFO  :    NUM_SKIPPED_INPUTS: 7
INFO  :    REDUCE_INPUT_GROUPS: 1
INFO  :    REDUCE_INPUT_RECORDS: 1
INFO  :    SHUFFLE_BYTES: 5698
INFO  :    SHUFFLE_BYTES_DECOMPRESSED: 10964
INFO  :    SHUFFLE_BYTES_DISK_DIRECT: 5698
INFO  :    SHUFFLE_BYTES_TO_DISK: 0
INFO  :    SHUFFLE_BYTES_TO_MEM: 0
INFO  :    SHUFFLE_PHASE_TIME: 340
INFO  :    SPILLED_RECORDS: 1
INFO  : TaskCounter_Reducer_2_OUTPUT_out_Reducer_2:
INFO  :    OUTPUT_RECORDS: 0
INFO  : org.apache.hadoop.hive.llap.counters.LlapIOCounters:
INFO  :    ALLOCATED_BYTES: 123600896
INFO  :    ALLOCATED_USED_BYTES: 98557379
INFO  :    CACHE_HIT_BYTES: 0
INFO  :    CACHE_MISS_BYTES: 23539191
INFO  :    CONSUMER_TIME_NS: 59915530830
INFO  :    DECODE_TIME_NS: 53554131542
INFO  :    HDFS_TIME_NS: 3749770255
INFO  :    METADATA_CACHE_MISS: 4
INFO  :    NUM_DECODED_BATCHES: 569
INFO  :    NUM_VECTOR_BATCHES: 5683
INFO  :    ROWS_EMITTED: 5683047
INFO  :    SELECTED_ROWGROUPS: 569
INFO  :    TOTAL_IO_TIME_NS: 55947951059
INFO  : org.apache.hadoop.hive.llap.counters.LlapWmCounters:
INFO  :    GUARANTEED_QUEUED_NS: 0
INFO  :    GUARANTEED_RUNNING_NS: 0
INFO  :    SPECULATIVE_QUEUED_NS: 4342732
INFO  :    SPECULATIVE_RUNNING_NS: 77094315704
INFO  : org.apache.hadoop.hive.ql.exec.tez.HiveInputCounters:
INFO  :    GROUPED_INPUT_SPLITS_Map_1: 1
INFO  :    INPUT_DIRECTORIES_Map_1: 1
INFO  :    INPUT_FILES_Map_1: 1
INFO  :    RAW_INPUT_SPLITS_Map_1: 1
INFO  : Starting task [Stage-2:DEPENDENCY_COLLECTION] in serial mode
INFO  : Starting task [Stage-0:MOVE] in serial mode
INFO  : Loading data to table airline_ontime.flights partition (year=null) from s3a://edws-llap-perf/clusters/cluster-1547937522-w74v/warehouse-1553742567-ckf6/warehouse/tablespace/managed/hive/airline_ontime.db/flights/.hive-staging_hive_2019-03-28_03-14-04_628_1728925027554348326-4/-ext-10000
INFO  : 

INFO  : 	 Time taken to load dynamic partitions: 3.285 seconds
INFO  : 	 Time taken for adding to write entity : 0.001 seconds
INFO  : Starting task [Stage-3:STATS] in serial mode
INFO  : Completed executing command(queryId=hive_20190328031404_e4a31627-75e3-49e9-8010-c371d0df25a2); Time taken: 82.069 seconds
INFO  : OK
No rows affected (85.138 seconds)
0: jdbc:hive2://hiveserver2-service:10010/> 
0: jdbc:hive2://hiveserver2-service:10010/> create table if not exists airports  (
. . . . . . . . . . . . . . . . . . . . . >   iata string,
. . . . . . . . . . . . . . . . . . . . . >   airport string,
. . . . . . . . . . . . . . . . . . . . . >   city string,
. . . . . . . . . . . . . . . . . . . . . >   state double,
. . . . . . . . . . . . . . . . . . . . . >   country string,
. . . . . . . . . . . . . . . . . . . . . >   lat double,
. . . . . . . . . . . . . . . . . . . . . >   lon double
. . . . . . . . . . . . . . . . . . . . . > )
. . . . . . . . . . . . . . . . . . . . . > stored as orc;
INFO  : Compiling command(queryId=hive_20190328031530_134ca1d7-d659-420e-bcee-00fe92d79957): create table if not exists airports (
iata string,
airport string,
city string,
state double,
country string,
lat double,
lon double
)
stored as orc
INFO  : Semantic Analysis Completed (retrial = false)
INFO  : Returning Hive schema: Schema(fieldSchemas:null, properties:null)
INFO  : Completed compiling command(queryId=hive_20190328031530_134ca1d7-d659-420e-bcee-00fe92d79957); Time taken: 0.039 seconds
INFO  : Executing command(queryId=hive_20190328031530_134ca1d7-d659-420e-bcee-00fe92d79957): create table if not exists airports (
iata string,
airport string,
city string,
state double,
country string,
lat double,
lon double
)
stored as orc
INFO  : Starting task [Stage-0:DDL] in serial mode
INFO  : Completed executing command(queryId=hive_20190328031530_134ca1d7-d659-420e-bcee-00fe92d79957); Time taken: 0.521 seconds
INFO  : OK
No rows affected (0.754 seconds)
0: jdbc:hive2://hiveserver2-service:10010/> 
0: jdbc:hive2://hiveserver2-service:10010/> insert overwrite table airports sele ct * from airline_ontime_external.airports_external;
INFO  : Compiling command(queryId=hive_20190328031530_d3cf71d8-1fcd-4487-adfd-9e7bd9adab5b): insert overwrite table airports select * from airline_ontime_external.airports_external
INFO  : Semantic Analysis Completed (retrial = false)
INFO  : Returning Hive schema: Schema(fieldSchemas:[FieldSchema(name:airports_external.iata, type:string, comment:null), FieldSchema(name:airports_external.airport, type:string, comment:null), FieldSchema(name:airports_external.city, type:string, comment:null), FieldSchema(name:airports_external.state, type:double, comment:null), FieldSchema(name:airports_external.country, type:string, comment:null), FieldSchema(name:airports_external.lat, type:double, comment:null), FieldSchema(name:airports_external.lon, type:double, comment:null)], properties:null)
INFO  : Completed compiling command(queryId=hive_20190328031530_d3cf71d8-1fcd-4487-adfd-9e7bd9adab5b); Time taken: 1.351 seconds
INFO  : Executing command(queryId=hive_20190328031530_d3cf71d8-1fcd-4487-adfd-9e7bd9adab5b): insert overwrite table airports select * from airline_ontime_external.airports_external
INFO  : Query ID = hive_20190328031530_d3cf71d8-1fcd-4487-adfd-9e7bd9adab5b
INFO  : Total jobs = 1
INFO  : Launching Job 1 out of 1
INFO  : Starting task [Stage-1:MAPRED] in serial mode
INFO  : Subscribed to counters: [] for queryId: hive_20190328031530_d3cf71d8-1fcd-4487-adfd-9e7bd9adab5b
INFO  : Session is already open
INFO  : Dag name: insert overwrite tabl...al.airports_external (Stage-1)
INFO  : Status: Running (Executing on YARN cluster with App id application_1553742694586_0000)

[2K----------------------------------------------------------------------------------------------
[2K[36;1m        VERTICES      MODE        STATUS  TOTAL  COMPLETED  RUNNING  PENDING  FAILED  KILLED  
[22;0m[2K----------------------------------------------------------------------------------------------
[2KMap 1                 llap       RUNNING      1          0        1        0       0       0  
Reducer 2             llap        INITED      1          0        0        1       0       0  
[2K----------------------------------------------------------------------------------------------
[2K[31;1mVERTICES: 00/02  [>>--------------------------] 0%    ELAPSED TIME: 1.68 s     
[22;0m[2K----------------------------------------------------------------------------------------------
[8A[2K----------------------------------------------------------------------------------------------
[2K[36;1m        VERTICES      MODE        STATUS  TOTAL  COMPLETED  RUNNING  PENDING  FAILED  KILLED  
[22;0m[2K----------------------------------------------------------------------------------------------
[2KMap 1                 llap       RUNNING      1          0        1        0       0       0  
Reducer 2             llap        INITED      1          0        0        1       0       0  
[2K----------------------------------------------------------------------------------------------
[2K[31;1mVERTICES: 00/02  [>>--------------------------] 0%    ELAPSED TIME: 2.18 s     
[22;0m[2K----------------------------------------------------------------------------------------------
[8A[2K----------------------------------------------------------------------------------------------
[2K[36;1m        VERTICES      MODE        STATUS  TOTAL  COMPLETED  RUNNING  PENDING  FAILED  KILLED  
[22;0m[2K----------------------------------------------------------------------------------------------
[2KMap 1                 llap       RUNNING      1          0        1        0       0       0  
Reducer 2             llap        INITED      1          0        0        1       0       0  
[2K----------------------------------------------------------------------------------------------
[2K[31;1mVERTICES: 00/02  [>>--------------------------] 0%    ELAPSED TIME: 2.69 s     
[22;0m[2K----------------------------------------------------------------------------------------------
[8A[2K----------------------------------------------------------------------------------------------
[2K[36;1m        VERTICES      MODE        STATUS  TOTAL  COMPLETED  RUNNING  PENDING  FAILED  KILLED  
[22;0m[2K----------------------------------------------------------------------------------------------
[2KMap 1 ..........      llap     SUCCEEDED      1          1        0        0       0       0  
Reducer 2             llap        INITED      1          0        0        1       0       0  
[2K----------------------------------------------------------------------------------------------
[2K[31;1mVERTICES: 01/02  [=============>>-------------] 50%   ELAPSED TIME: 3.19 s     
[22;0m[2K----------------------------------------------------------------------------------------------
[8A[2K----------------------------------------------------------------------------------------------
[2K[36;1m        VERTICES      MODE        STATUS  TOTAL  COMPLETED  RUNNING  PENDING  FAILED  KILLED  
[22;0m[2K----------------------------------------------------------------------------------------------
[2KMap 1 ..........      llap     SUCCEEDED      1          1        0        0       0       0  
Reducer 2             llap       RUNNING      1          0        1        0       0       0  
[2K----------------------------------------------------------------------------------------------
[2K[31;1mVERTICES: 01/02  [=============>>-------------] 50%   ELAPSED TIME: 3.70 s     
[22;0m[2K----------------------------------------------------------------------------------------------
[8A[2K----------------------------------------------------------------------------------------------
[2K[36;1m        VERTICES      MODE        STATUS  TOTAL  COMPLETED  RUNNING  PENDING  FAILED  KILLED  
[22;0m[2K----------------------------------------------------------------------------------------------
[2KMap 1 ..........      llap     SUCCEEDED      1          1        0        0       0       0  
Reducer 2             llap       RUNNING      1          0        1        0       0       0  
[2K----------------------------------------------------------------------------------------------
[2K[31;1mVERTICES: 01/02  [=============>>-------------] 50%   ELAPSED TIME: 4.20 s     
[22;0m[2K----------------------------------------------------------------------------------------------
[8A[2K----------------------------------------------------------------------------------------------
[2K[36;1m        VERTICES      MODE        STATUS  TOTAL  COMPLETED  RUNNING  PENDING  FAILED  KILLED  
[22;0m[2K----------------------------------------------------------------------------------------------
[2KMap 1 ..........      llap     SUCCEEDED      1          1        0        0       0       0  
Reducer 2 ......      llap     SUCCEEDED      1          1        0        0       0       0  
[2K----------------------------------------------------------------------------------------------
[2K[31;1mVERTICES: 02/02  [==========================>>] 100%  ELAPSED TIME: 4.70 s     
[22;0m[2K----------------------------------------------------------------------------------------------
[8A[2K----------------------------------------------------------------------------------------------
[2K[36;1m        VERTICES      MODE        STATUS  TOTAL  COMPLETED  RUNNING  PENDING  FAILED  KILLED  
[22;0m[2K----------------------------------------------------------------------------------------------
[2KMap 1 ..........      llap     SUCCEEDED      1          1        0        0       0       0  
Reducer 2 ......      llap     SUCCEEDED      1          1        0        0       0       0  
[2K----------------------------------------------------------------------------------------------
[2K[31;1mVERTICES: 02/02  [==========================>>] 100%  ELAPSED TIME: 5.21 s     
[22;0m[2K----------------------------------------------------------------------------------------------
[8A[2K----------------------------------------------------------------------------------------------
[2K[36;1m        VERTICES      MODE        STATUS  TOTAL  COMPLETED  RUNNING  PENDING  FAILED  KILLED  
[22;0m[2K----------------------------------------------------------------------------------------------
[2KMap 1 ..........      llap     SUCCEEDED      1          1        0        0       0       0  
Reducer 2 ......      llap     SUCCEEDED      1          1        0        0       0       0  
[2K----------------------------------------------------------------------------------------------
[2K[31;1mVERTICES: 02/02  [==========================>>] 100%  ELAPSED TIME: 5.71 s     
[22;0m[2K----------------------------------------------------------------------------------------------
[8A[2K----------------------------------------------------------------------------------------------
[2K[36;1m        VERTICES      MODE        STATUS  TOTAL  COMPLETED  RUNNING  PENDING  FAILED  KILLED  
[22;0m[2K----------------------------------------------------------------------------------------------
[2KMap 1 ..........      llap     SUCCEEDED      1          1        0        0       0       0  
Reducer 2 ......      llap     SUCCEEDED      1          1        0        0       0       0  
[2K----------------------------------------------------------------------------------------------
[2K[31;1mVERTICES: 02/02  [==========================>>] 100%  ELAPSED TIME: 6.22 s     
[22;0m[2K----------------------------------------------------------------------------------------------
[8A[2K----------------------------------------------------------------------------------------------
[2K[36;1m        VERTICES      MODE        STATUS  TOTAL  COMPLETED  RUNNING  PENDING  FAILED  KILLED  
[22;0m[2K----------------------------------------------------------------------------------------------
[2KMap 1 ..........      llap     SUCCEEDED      1          1        0        0       0       0  
Reducer 2 ......      llap     SUCCEEDED      1          1        0        0       0       0  
[2K----------------------------------------------------------------------------------------------
[2K[31;1mVERTICES: 02/02  [==========================>>] 100%  ELAPSED TIME: 6.72 s     
[22;0m[2K----------------------------------------------------------------------------------------------
[8A[2K----------------------------------------------------------------------------------------------
[2K[36;1m        VERTICES      MODE        STATUS  TOTAL  COMPLETED  RUNNING  PENDING  FAILED  KILLED  
[22;0m[2K----------------------------------------------------------------------------------------------
[2KMap 1 ..........      llap     SUCCEEDED      1          1        0        0       0       0  
Reducer 2 ......      llap     SUCCEEDED      1          1        0        0       0       0  
[2K----------------------------------------------------------------------------------------------
[2K[31;1mVERTICES: 02/02  [==========================>>] 100%  ELAPSED TIME: 7.72 s     
[22;0m[2K----------------------------------------------------------------------------------------------
[8A[2K----------------------------------------------------------------------------------------------
[2K[36;1m        VERTICES      MODE        STATUS  TOTAL  COMPLETED  RUNNING  PENDING  FAILED  KILLED  
[22;0m[2K----------------------------------------------------------------------------------------------
[2KMap 1 ..........      llap     SUCCEEDED      1          1        0        0       0       0  
Reducer 2 ......      llap     SUCCEEDED      1          1        0        0       0       0  
[2K----------------------------------------------------------------------------------------------
[2K[31;1mVERTICES: 02/02  [==========================>>] 100%  ELAPSED TIME: 8.73 s     
[22;0m[2K----------------------------------------------------------------------------------------------
[8A[2K----------------------------------------------------------------------------------------------
[2K[36;1m        VERTICES      MODE        STATUS  TOTAL  COMPLETED  RUNNING  PENDING  FAILED  KILLED  
[22;0m[2K----------------------------------------------------------------------------------------------
[2KMap 1 ..........      llap     SUCCEEDED      1          1        0        0       0       0  
Reducer 2 ......      llap     SUCCEEDED      1          1        0        0       0       0  
[2K----------------------------------------------------------------------------------------------
[2K[31;1mVERTICES: 02/02  [==========================>>] 100%  ELAPSED TIME: 9.59 s     
[22;0m[2K----------------------------------------------------------------------------------------------
INFO  : Status: DAG finished successfully in 4.60 seconds
INFO  : 
INFO  : Query Execution Summary
INFO  : ----------------------------------------------------------------------------------------------
INFO  : OPERATION                            DURATION
INFO  : ----------------------------------------------------------------------------------------------
INFO  : Compile Query                           1.35s
INFO  : Prepare Plan                            1.51s
INFO  : Get Query Coordinator (AM)              0.00s
INFO  : Submit Plan                             0.01s
INFO  : Start DAG                               0.59s
INFO  : Run DAG                                 4.60s
INFO  : ----------------------------------------------------------------------------------------------
INFO  : 
INFO  : Task Execution Summary
INFO  : ----------------------------------------------------------------------------------------------
INFO  :   VERTICES      DURATION(ms)   CPU_TIME(ms)    GC_TIME(ms)   INPUT_RECORDS   OUTPUT_RECORDS
INFO  : ----------------------------------------------------------------------------------------------
INFO  :      Map 1           3075.00              0              0           1,491                1
INFO  :  Reducer 2           1017.00              0              0               1                0
INFO  : ----------------------------------------------------------------------------------------------
INFO  : 
INFO  : LLAP IO Summary
INFO  : ----------------------------------------------------------------------------------------------
INFO  :   VERTICES ROWGROUPS  META_HIT  META_MISS  DATA_HIT  DATA_MISS  TOTAL_IO
INFO  : ----------------------------------------------------------------------------------------------
INFO  :      Map 1         0         0          1        0B         0B     0.00s
INFO  : ----------------------------------------------------------------------------------------------
INFO  : 
INFO  : FileSystem Counters Summary
INFO  : 
INFO  : Scheme: S3A
INFO  : ----------------------------------------------------------------------------------------------
INFO  :   VERTICES      BYTES_READ      READ_OPS     LARGE_READ_OPS      BYTES_WRITTEN     WRITE_OPS
INFO  : ----------------------------------------------------------------------------------------------
INFO  :      Map 1         48.29KB            11                  0                 0B             8
INFO  :  Reducer 2              0B             6                  0                 0B             7
INFO  : ----------------------------------------------------------------------------------------------
INFO  : 
INFO  : Scheme: FILE
INFO  : ----------------------------------------------------------------------------------------------
INFO  :   VERTICES      BYTES_READ      READ_OPS     LARGE_READ_OPS      BYTES_WRITTEN     WRITE_OPS
INFO  : ----------------------------------------------------------------------------------------------
INFO  :      Map 1              0B             0                  0             1.31KB             0
INFO  :  Reducer 2          1.28KB             0                  0                 0B             0
INFO  : ----------------------------------------------------------------------------------------------
INFO  : 
INFO  : org.apache.tez.common.counters.DAGCounter:
INFO  :    NUM_SUCCEEDED_TASKS: 2
INFO  :    TOTAL_LAUNCHED_TASKS: 2
INFO  :    DATA_LOCAL_TASKS: 1
INFO  :    AM_CPU_MILLISECONDS: 870
INFO  :    AM_GC_TIME_MILLIS: 0
INFO  : File System Counters:
INFO  :    FILE_BYTES_READ: 1277
INFO  :    FILE_BYTES_WRITTEN: 1309
INFO  :    FILE_READ_OPS: 0
INFO  :    FILE_LARGE_READ_OPS: 0
INFO  :    FILE_WRITE_OPS: 0
INFO  :    S3A_BYTES_READ: 48285
INFO  :    S3A_BYTES_WRITTEN: 0
INFO  :    S3A_READ_OPS: 17
INFO  :    S3A_LARGE_READ_OPS: 0
INFO  :    S3A_WRITE_OPS: 15
INFO  : org.apache.tez.common.counters.TaskCounter:
INFO  :    SPILLED_RECORDS: 0
INFO  :    NUM_SHUFFLED_INPUTS: 1
INFO  :    NUM_FAILED_SHUFFLE_INPUTS: 0
INFO  :    TASK_DURATION_MILLIS: 4590
INFO  :    INPUT_RECORDS_PROCESSED: 1492
INFO  :    INPUT_SPLIT_LENGTH_BYTES: 16208
INFO  :    OUTPUT_RECORDS: 1
INFO  :    OUTPUT_LARGE_RECORDS: 0
INFO  :    OUTPUT_BYTES: 1328
INFO  :    OUTPUT_BYTES_WITH_OVERHEAD: 1338
INFO  :    OUTPUT_BYTES_PHYSICAL: 1301
INFO  :    ADDITIONAL_SPILLS_BYTES_WRITTEN: 0
INFO  :    ADDITIONAL_SPILLS_BYTES_READ: 0
INFO  :    ADDITIONAL_SPILL_COUNT: 0
INFO  :    SHUFFLE_BYTES: 1277
INFO  :    SHUFFLE_BYTES_DECOMPRESSED: 1338
INFO  :    SHUFFLE_BYTES_TO_MEM: 0
INFO  :    SHUFFLE_BYTES_TO_DISK: 0
INFO  :    SHUFFLE_BYTES_DISK_DIRECT: 1277
INFO  :    SHUFFLE_PHASE_TIME: 25
INFO  :    FIRST_EVENT_RECEIVED: 12
INFO  :    LAST_EVENT_RECEIVED: 12
INFO  : HIVE:
INFO  :    CREATED_FILES: 2
INFO  :    DESERIALIZE_ERRORS: 0
INFO  :    RECORDS_IN_Map_1: 1491
INFO  :    RECORDS_OUT_0: 1
INFO  :    RECORDS_OUT_1_airline_ontime.airports: 1491
INFO  :    RECORDS_OUT_INTERMEDIATE_Map_1: 1
INFO  :    RECORDS_OUT_INTERMEDIATE_Reducer_2: 0
INFO  :    RECORDS_OUT_OPERATOR_FS_2: 1491
INFO  :    RECORDS_OUT_OPERATOR_FS_9: 1
INFO  :    RECORDS_OUT_OPERATOR_GBY_5: 1
INFO  :    RECORDS_OUT_OPERATOR_GBY_7: 1
INFO  :    RECORDS_OUT_OPERATOR_MAP_0: 0
INFO  :    RECORDS_OUT_OPERATOR_RS_6: 1
INFO  :    RECORDS_OUT_OPERATOR_SEL_1: 1491
INFO  :    RECORDS_OUT_OPERATOR_SEL_4: 1491
INFO  :    RECORDS_OUT_OPERATOR_TS_0: 1491
INFO  : TaskCounter_Map_1_INPUT_airports_external:
INFO  :    INPUT_RECORDS_PROCESSED: 1491
INFO  :    INPUT_SPLIT_LENGTH_BYTES: 16208
INFO  : TaskCounter_Map_1_OUTPUT_Reducer_2:
INFO  :    ADDITIONAL_SPILLS_BYTES_READ: 0
INFO  :    ADDITIONAL_SPILLS_BYTES_WRITTEN: 0
INFO  :    ADDITIONAL_SPILL_COUNT: 0
INFO  :    OUTPUT_BYTES: 1328
INFO  :    OUTPUT_BYTES_PHYSICAL: 1301
INFO  :    OUTPUT_BYTES_WITH_OVERHEAD: 1338
INFO  :    OUTPUT_LARGE_RECORDS: 0
INFO  :    OUTPUT_RECORDS: 1
INFO  :    SPILLED_RECORDS: 0
INFO  : TaskCounter_Reducer_2_INPUT_Map_1:
INFO  :    FIRST_EVENT_RECEIVED: 12
INFO  :    INPUT_RECORDS_PROCESSED: 1
INFO  :    LAST_EVENT_RECEIVED: 12
INFO  :    NUM_FAILED_SHUFFLE_INPUTS: 0
INFO  :    NUM_SHUFFLED_INPUTS: 1
INFO  :    SHUFFLE_BYTES: 1277
INFO  :    SHUFFLE_BYTES_DECOMPRESSED: 1338
INFO  :    SHUFFLE_BYTES_DISK_DIRECT: 1277
INFO  :    SHUFFLE_BYTES_TO_DISK: 0
INFO  :    SHUFFLE_BYTES_TO_MEM: 0
INFO  :    SHUFFLE_PHASE_TIME: 25
INFO  : TaskCounter_Reducer_2_OUTPUT_out_Reducer_2:
INFO  :    OUTPUT_RECORDS: 0
INFO  : org.apache.hadoop.hive.llap.counters.LlapIOCounters:
INFO  :    HDFS_TIME_NS: 296566869
INFO  :    METADATA_CACHE_MISS: 1
INFO  : org.apache.hadoop.hive.llap.counters.LlapWmCounters:
INFO  :    GUARANTEED_QUEUED_NS: 0
INFO  :    GUARANTEED_RUNNING_NS: 0
INFO  :    SPECULATIVE_QUEUED_NS: 237587
INFO  :    SPECULATIVE_RUNNING_NS: 4581916601
INFO  : org.apache.hadoop.hive.ql.exec.tez.HiveInputCounters:
INFO  :    GROUPED_INPUT_SPLITS_Map_1: 1
INFO  :    INPUT_DIRECTORIES_Map_1: 1
INFO  :    INPUT_FILES_Map_1: 1
INFO  :    RAW_INPUT_SPLITS_Map_1: 1
INFO  : Starting task [Stage-2:DEPENDENCY_COLLECTION] in serial mode
INFO  : Starting task [Stage-0:MOVE] in serial mode
INFO  : Loading data to table airline_ontime.airports from s3a://edws-llap-perf/clusters/cluster-1547937522-w74v/warehouse-1553742567-ckf6/warehouse/tablespace/managed/hive/airline_ontime.db/airports/.hive-staging_hive_2019-03-28_03-15-30_901_6594091565937470154-6/-ext-10000
INFO  : Starting task [Stage-3:STATS] in serial mode
INFO  : Completed executing command(queryId=hive_20190328031530_d3cf71d8-1fcd-4487-adfd-9e7bd9adab5b); Time taken: 11.617 seconds
INFO  : OK
No rows affected (13.062 seconds)
0: jdbc:hive2://hiveserver2-service:10010/> 
0: jdbc:hive2://hiveserver2-service:10010/> create table if not exists airlines  (
. . . . . . . . . . . . . . . . . . . . . >   code string,
. . . . . . . . . . . . . . . . . . . . . >   description string
. . . . . . . . . . . . . . . . . . . . . > )
. . . . . . . . . . . . . . . . . . . . . > stored as orc;
INFO  : Compiling command(queryId=hive_20190328031544_735f7320-2a91-4ad0-86af-008c692d6cdc): create table if not exists airlines (
code string,
description string
)
stored as orc
INFO  : Semantic Analysis Completed (retrial = false)
INFO  : Returning Hive schema: Schema(fieldSchemas:null, properties:null)
INFO  : Completed compiling command(queryId=hive_20190328031544_735f7320-2a91-4ad0-86af-008c692d6cdc); Time taken: 0.035 seconds
INFO  : Executing command(queryId=hive_20190328031544_735f7320-2a91-4ad0-86af-008c692d6cdc): create table if not exists airlines (
code string,
description string
)
stored as orc
INFO  : Starting task [Stage-0:DDL] in serial mode
INFO  : Completed executing command(queryId=hive_20190328031544_735f7320-2a91-4ad0-86af-008c692d6cdc); Time taken: 0.597 seconds
INFO  : OK
No rows affected (0.685 seconds)
0: jdbc:hive2://hiveserver2-service:10010/> 
0: jdbc:hive2://hiveserver2-service:10010/> insert overwrite table airlines sele ct * from airline_ontime_external.airlines_external;
INFO  : Compiling command(queryId=hive_20190328031545_4bf331fc-5614-40b4-8442-7437cdf63a76): insert overwrite table airlines select * from airline_ontime_external.airlines_external
INFO  : Semantic Analysis Completed (retrial = false)
INFO  : Returning Hive schema: Schema(fieldSchemas:[FieldSchema(name:airlines_external.code, type:string, comment:null), FieldSchema(name:airlines_external.description, type:string, comment:null)], properties:null)
INFO  : Completed compiling command(queryId=hive_20190328031545_4bf331fc-5614-40b4-8442-7437cdf63a76); Time taken: 1.412 seconds
INFO  : Executing command(queryId=hive_20190328031545_4bf331fc-5614-40b4-8442-7437cdf63a76): insert overwrite table airlines select * from airline_ontime_external.airlines_external
INFO  : Query ID = hive_20190328031545_4bf331fc-5614-40b4-8442-7437cdf63a76
INFO  : Total jobs = 1
INFO  : Launching Job 1 out of 1
INFO  : Starting task [Stage-1:MAPRED] in serial mode
INFO  : Subscribed to counters: [] for queryId: hive_20190328031545_4bf331fc-5614-40b4-8442-7437cdf63a76
INFO  : Session is already open
INFO  : Dag name: insert overwrite tabl...al.airlines_external (Stage-1)
INFO  : Status: Running (Executing on YARN cluster with App id application_1553742694586_0000)

[2K----------------------------------------------------------------------------------------------
[2K[36;1m        VERTICES      MODE        STATUS  TOTAL  COMPLETED  RUNNING  PENDING  FAILED  KILLED  
[22;0m[2K----------------------------------------------------------------------------------------------
[2KMap 1                 llap       RUNNING      1          0        1        0       0       0  
Reducer 2             llap        INITED      1          0        0        1       0       0  
[2K----------------------------------------------------------------------------------------------
[2K[31;1mVERTICES: 00/02  [>>--------------------------] 0%    ELAPSED TIME: 1.87 s     
[22;0m[2K----------------------------------------------------------------------------------------------
[8A[2K----------------------------------------------------------------------------------------------
[2K[36;1m        VERTICES      MODE        STATUS  TOTAL  COMPLETED  RUNNING  PENDING  FAILED  KILLED  
[22;0m[2K----------------------------------------------------------------------------------------------
[2KMap 1                 llap       RUNNING      1          0        1        0       0       0  
Reducer 2             llap        INITED      1          0        0        1       0       0  
[2K----------------------------------------------------------------------------------------------
[2K[31;1mVERTICES: 00/02  [>>--------------------------] 0%    ELAPSED TIME: 2.37 s     
[22;0m[2K----------------------------------------------------------------------------------------------
[8A[2K----------------------------------------------------------------------------------------------
[2K[36;1m        VERTICES      MODE        STATUS  TOTAL  COMPLETED  RUNNING  PENDING  FAILED  KILLED  
[22;0m[2K----------------------------------------------------------------------------------------------
[2KMap 1 ..........      llap     SUCCEEDED      1          1        0        0       0       0  
Reducer 2             llap       RUNNING      1          0        1        0       0       0  
[2K----------------------------------------------------------------------------------------------
[2K[31;1mVERTICES: 01/02  [=============>>-------------] 50%   ELAPSED TIME: 2.87 s     
[22;0m[2K----------------------------------------------------------------------------------------------
[8A[2K----------------------------------------------------------------------------------------------
[2K[36;1m        VERTICES      MODE        STATUS  TOTAL  COMPLETED  RUNNING  PENDING  FAILED  KILLED  
[22;0m[2K----------------------------------------------------------------------------------------------
[2KMap 1 ..........      llap     SUCCEEDED      1          1        0        0       0       0  
Reducer 2             llap       RUNNING      1          0        1        0       0       0  
[2K----------------------------------------------------------------------------------------------
[2K[31;1mVERTICES: 01/02  [=============>>-------------] 50%   ELAPSED TIME: 3.38 s     
[22;0m[2K----------------------------------------------------------------------------------------------
[8A[2K----------------------------------------------------------------------------------------------
[2K[36;1m        VERTICES      MODE        STATUS  TOTAL  COMPLETED  RUNNING  PENDING  FAILED  KILLED  
[22;0m[2K----------------------------------------------------------------------------------------------
[2KMap 1 ..........      llap     SUCCEEDED      1          1        0        0       0       0  
Reducer 2 ......      llap     SUCCEEDED      1          1        0        0       0       0  
[2K----------------------------------------------------------------------------------------------
[2K[31;1mVERTICES: 02/02  [==========================>>] 100%  ELAPSED TIME: 3.88 s     
[22;0m[2K----------------------------------------------------------------------------------------------
[8A[2K----------------------------------------------------------------------------------------------
[2K[36;1m        VERTICES      MODE        STATUS  TOTAL  COMPLETED  RUNNING  PENDING  FAILED  KILLED  
[22;0m[2K----------------------------------------------------------------------------------------------
[2KMap 1 ..........      llap     SUCCEEDED      1          1        0        0       0       0  
Reducer 2 ......      llap     SUCCEEDED      1          1        0        0       0       0  
[2K----------------------------------------------------------------------------------------------
[2K[31;1mVERTICES: 02/02  [==========================>>] 100%  ELAPSED TIME: 4.39 s     
[22;0m[2K----------------------------------------------------------------------------------------------
[8A[2K----------------------------------------------------------------------------------------------
[2K[36;1m        VERTICES      MODE        STATUS  TOTAL  COMPLETED  RUNNING  PENDING  FAILED  KILLED  
[22;0m[2K----------------------------------------------------------------------------------------------
[2KMap 1 ..........      llap     SUCCEEDED      1          1        0        0       0       0  
Reducer 2 ......      llap     SUCCEEDED      1          1        0        0       0       0  
[2K----------------------------------------------------------------------------------------------
[2K[31;1mVERTICES: 02/02  [==========================>>] 100%  ELAPSED TIME: 4.89 s     
[22;0m[2K----------------------------------------------------------------------------------------------
[8A[2K----------------------------------------------------------------------------------------------
[2K[36;1m        VERTICES      MODE        STATUS  TOTAL  COMPLETED  RUNNING  PENDING  FAILED  KILLED  
[22;0m[2K----------------------------------------------------------------------------------------------
[2KMap 1 ..........      llap     SUCCEEDED      1          1        0        0       0       0  
Reducer 2 ......      llap     SUCCEEDED      1          1        0        0       0       0  
[2K----------------------------------------------------------------------------------------------
[2K[31;1mVERTICES: 02/02  [==========================>>] 100%  ELAPSED TIME: 5.39 s     
[22;0m[2K----------------------------------------------------------------------------------------------
[8A[2K----------------------------------------------------------------------------------------------
[2K[36;1m        VERTICES      MODE        STATUS  TOTAL  COMPLETED  RUNNING  PENDING  FAILED  KILLED  
[22;0m[2K----------------------------------------------------------------------------------------------
[2KMap 1 ..........      llap     SUCCEEDED      1          1        0        0       0       0  
Reducer 2 ......      llap     SUCCEEDED      1          1        0        0       0       0  
[2K----------------------------------------------------------------------------------------------
[2K[31;1mVERTICES: 02/02  [==========================>>] 100%  ELAPSED TIME: 5.90 s     
[22;0m[2K----------------------------------------------------------------------------------------------
[8A[2K----------------------------------------------------------------------------------------------
[2K[36;1m        VERTICES      MODE        STATUS  TOTAL  COMPLETED  RUNNING  PENDING  FAILED  KILLED  
[22;0m[2K----------------------------------------------------------------------------------------------
[2KMap 1 ..........      llap     SUCCEEDED      1          1        0        0       0       0  
Reducer 2 ......      llap     SUCCEEDED      1          1        0        0       0       0  
[2K----------------------------------------------------------------------------------------------
[2K[31;1mVERTICES: 02/02  [==========================>>] 100%  ELAPSED TIME: 6.40 s     
[22;0m[2K----------------------------------------------------------------------------------------------
[8A[2K----------------------------------------------------------------------------------------------
[2K[36;1m        VERTICES      MODE        STATUS  TOTAL  COMPLETED  RUNNING  PENDING  FAILED  KILLED  
[22;0m[2K----------------------------------------------------------------------------------------------
[2KMap 1 ..........      llap     SUCCEEDED      1          1        0        0       0       0  
Reducer 2 ......      llap     SUCCEEDED      1          1        0        0       0       0  
[2K----------------------------------------------------------------------------------------------
[2K[31;1mVERTICES: 02/02  [==========================>>] 100%  ELAPSED TIME: 6.90 s     
[22;0m[2K----------------------------------------------------------------------------------------------
[8A[2K----------------------------------------------------------------------------------------------
[2K[36;1m        VERTICES      MODE        STATUS  TOTAL  COMPLETED  RUNNING  PENDING  FAILED  KILLED  
[22;0m[2K----------------------------------------------------------------------------------------------
[2KMap 1 ..........      llap     SUCCEEDED      1          1        0        0       0       0  
Reducer 2 ......      llap     SUCCEEDED      1          1        0        0       0       0  
[2K----------------------------------------------------------------------------------------------
[2K[31;1mVERTICES: 02/02  [==========================>>] 100%  ELAPSED TIME: 7.91 s     
[22;0m[2K----------------------------------------------------------------------------------------------
[8A[2K----------------------------------------------------------------------------------------------
[2K[36;1m        VERTICES      MODE        STATUS  TOTAL  COMPLETED  RUNNING  PENDING  FAILED  KILLED  
[22;0m[2K----------------------------------------------------------------------------------------------
[2KMap 1 ..........      llap     SUCCEEDED      1          1        0        0       0       0  
Reducer 2 ......      llap     SUCCEEDED      1          1        0        0       0       0  
[2K----------------------------------------------------------------------------------------------
[2K[31;1mVERTICES: 02/02  [==========================>>] 100%  ELAPSED TIME: 8.52 s     
[22;0m[2K----------------------------------------------------------------------------------------------
INFO  : Status: DAG finished successfully in 3.52 seconds
INFO  : 
INFO  : Query Execution Summary
INFO  : ----------------------------------------------------------------------------------------------
INFO  : OPERATION                            DURATION
INFO  : ----------------------------------------------------------------------------------------------
INFO  : Compile Query                           1.41s
INFO  : Prepare Plan                            1.29s
INFO  : Get Query Coordinator (AM)              0.00s
INFO  : Submit Plan                             0.01s
INFO  : Start DAG                               0.51s
INFO  : Run DAG                                 3.52s
INFO  : ----------------------------------------------------------------------------------------------
INFO  : 
INFO  : Task Execution Summary
INFO  : ----------------------------------------------------------------------------------------------
INFO  :   VERTICES      DURATION(ms)   CPU_TIME(ms)    GC_TIME(ms)   INPUT_RECORDS   OUTPUT_RECORDS
INFO  : ----------------------------------------------------------------------------------------------
INFO  :      Map 1           2509.00              0              0           1,491                1
INFO  :  Reducer 2           1011.00              0              0               1                0
INFO  : ----------------------------------------------------------------------------------------------
INFO  : 
INFO  : LLAP IO Summary
INFO  : ----------------------------------------------------------------------------------------------
INFO  :   VERTICES ROWGROUPS  META_HIT  META_MISS  DATA_HIT  DATA_MISS  TOTAL_IO
INFO  : ----------------------------------------------------------------------------------------------
INFO  :      Map 1         1         0          2        0B    15.91KB     0.15s
INFO  : ----------------------------------------------------------------------------------------------
INFO  : 
INFO  : FileSystem Counters Summary
INFO  : 
INFO  : Scheme: S3A
INFO  : ----------------------------------------------------------------------------------------------
INFO  :   VERTICES      BYTES_READ      READ_OPS     LARGE_READ_OPS      BYTES_WRITTEN     WRITE_OPS
INFO  : ----------------------------------------------------------------------------------------------
INFO  :      Map 1         32.18KB            11                  0                 0B             8
INFO  :  Reducer 2              0B             6                  0                 0B             7
INFO  : ----------------------------------------------------------------------------------------------
INFO  : 
INFO  : Scheme: FILE
INFO  : ----------------------------------------------------------------------------------------------
INFO  :   VERTICES      BYTES_READ      READ_OPS     LARGE_READ_OPS      BYTES_WRITTEN     WRITE_OPS
INFO  : ----------------------------------------------------------------------------------------------
INFO  :      Map 1              0B             0                  0             1.27KB             0
INFO  :  Reducer 2          1.23KB             0                  0                 0B             0
INFO  : ----------------------------------------------------------------------------------------------
INFO  : 
INFO  : org.apache.tez.common.counters.DAGCounter:
INFO  :    NUM_SUCCEEDED_TASKS: 2
INFO  :    TOTAL_LAUNCHED_TASKS: 2
INFO  :    DATA_LOCAL_TASKS: 1
INFO  :    AM_CPU_MILLISECONDS: 530
INFO  :    AM_GC_TIME_MILLIS: 0
INFO  : File System Counters:
INFO  :    FILE_BYTES_READ: 1234
INFO  :    FILE_BYTES_WRITTEN: 1266
INFO  :    FILE_READ_OPS: 0
INFO  :    FILE_LARGE_READ_OPS: 0
INFO  :    FILE_WRITE_OPS: 0
INFO  :    S3A_BYTES_READ: 32179
INFO  :    S3A_BYTES_WRITTEN: 0
INFO  :    S3A_READ_OPS: 17
INFO  :    S3A_LARGE_READ_OPS: 0
INFO  :    S3A_WRITE_OPS: 15
INFO  : org.apache.tez.common.counters.TaskCounter:
INFO  :    SPILLED_RECORDS: 0
INFO  :    NUM_SHUFFLED_INPUTS: 1
INFO  :    NUM_FAILED_SHUFFLE_INPUTS: 0
INFO  :    TASK_DURATION_MILLIS: 3701
INFO  :    INPUT_RECORDS_PROCESSED: 1492
INFO  :    INPUT_SPLIT_LENGTH_BYTES: 16208
INFO  :    OUTPUT_RECORDS: 1
INFO  :    OUTPUT_LARGE_RECORDS: 0
INFO  :    OUTPUT_BYTES: 1212
INFO  :    OUTPUT_BYTES_WITH_OVERHEAD: 1222
INFO  :    OUTPUT_BYTES_PHYSICAL: 1258
INFO  :    ADDITIONAL_SPILLS_BYTES_WRITTEN: 0
INFO  :    ADDITIONAL_SPILLS_BYTES_READ: 0
INFO  :    ADDITIONAL_SPILL_COUNT: 0
INFO  :    SHUFFLE_BYTES: 1234
INFO  :    SHUFFLE_BYTES_DECOMPRESSED: 1222
INFO  :    SHUFFLE_BYTES_TO_MEM: 0
INFO  :    SHUFFLE_BYTES_TO_DISK: 0
INFO  :    SHUFFLE_BYTES_DISK_DIRECT: 1234
INFO  :    SHUFFLE_PHASE_TIME: 2
INFO  :    FIRST_EVENT_RECEIVED: 1
INFO  :    LAST_EVENT_RECEIVED: 1
INFO  : HIVE:
INFO  :    CREATED_FILES: 2
INFO  :    DESERIALIZE_ERRORS: 0
INFO  :    RECORDS_IN_Map_1: 1491
INFO  :    RECORDS_OUT_0: 1
INFO  :    RECORDS_OUT_1_airline_ontime.airlines: 1491
INFO  :    RECORDS_OUT_INTERMEDIATE_Map_1: 1
INFO  :    RECORDS_OUT_INTERMEDIATE_Reducer_2: 0
INFO  :    RECORDS_OUT_OPERATOR_FS_2: 1491
INFO  :    RECORDS_OUT_OPERATOR_FS_9: 1
INFO  :    RECORDS_OUT_OPERATOR_GBY_5: 1
INFO  :    RECORDS_OUT_OPERATOR_GBY_7: 1
INFO  :    RECORDS_OUT_OPERATOR_MAP_0: 0
INFO  :    RECORDS_OUT_OPERATOR_RS_6: 1
INFO  :    RECORDS_OUT_OPERATOR_SEL_1: 1491
INFO  :    RECORDS_OUT_OPERATOR_SEL_4: 1491
INFO  :    RECORDS_OUT_OPERATOR_TS_0: 1491
INFO  : TaskCounter_Map_1_INPUT_airlines_external:
INFO  :    INPUT_RECORDS_PROCESSED: 1491
INFO  :    INPUT_SPLIT_LENGTH_BYTES: 16208
INFO  : TaskCounter_Map_1_OUTPUT_Reducer_2:
INFO  :    ADDITIONAL_SPILLS_BYTES_READ: 0
INFO  :    ADDITIONAL_SPILLS_BYTES_WRITTEN: 0
INFO  :    ADDITIONAL_SPILL_COUNT: 0
INFO  :    OUTPUT_BYTES: 1212
INFO  :    OUTPUT_BYTES_PHYSICAL: 1258
INFO  :    OUTPUT_BYTES_WITH_OVERHEAD: 1222
INFO  :    OUTPUT_LARGE_RECORDS: 0
INFO  :    OUTPUT_RECORDS: 1
INFO  :    SPILLED_RECORDS: 0
INFO  : TaskCounter_Reducer_2_INPUT_Map_1:
INFO  :    FIRST_EVENT_RECEIVED: 1
INFO  :    INPUT_RECORDS_PROCESSED: 1
INFO  :    LAST_EVENT_RECEIVED: 1
INFO  :    NUM_FAILED_SHUFFLE_INPUTS: 0
INFO  :    NUM_SHUFFLED_INPUTS: 1
INFO  :    SHUFFLE_BYTES: 1234
INFO  :    SHUFFLE_BYTES_DECOMPRESSED: 1222
INFO  :    SHUFFLE_BYTES_DISK_DIRECT: 1234
INFO  :    SHUFFLE_BYTES_TO_DISK: 0
INFO  :    SHUFFLE_BYTES_TO_MEM: 0
INFO  :    SHUFFLE_PHASE_TIME: 2
INFO  : TaskCounter_Reducer_2_OUTPUT_out_Reducer_2:
INFO  :    OUTPUT_RECORDS: 0
INFO  : org.apache.hadoop.hive.llap.counters.LlapIOCounters:
INFO  :    ALLOCATED_BYTES: 1835008
INFO  :    ALLOCATED_USED_BYTES: 35529
INFO  :    CACHE_HIT_BYTES: 0
INFO  :    CACHE_MISS_BYTES: 15914
INFO  :    CONSUMER_TIME_NS: 573954012
INFO  :    DECODE_TIME_NS: 587990
INFO  :    HDFS_TIME_NS: 243588484
INFO  :    METADATA_CACHE_MISS: 2
INFO  :    NUM_DECODED_BATCHES: 1
INFO  :    NUM_VECTOR_BATCHES: 2
INFO  :    ROWS_EMITTED: 1491
INFO  :    SELECTED_ROWGROUPS: 1
INFO  :    TOTAL_IO_TIME_NS: 147544959
INFO  : org.apache.hadoop.hive.llap.counters.LlapWmCounters:
INFO  :    GUARANTEED_QUEUED_NS: 0
INFO  :    GUARANTEED_RUNNING_NS: 0
INFO  :    SPECULATIVE_QUEUED_NS: 182979
INFO  :    SPECULATIVE_RUNNING_NS: 3696410743
INFO  : org.apache.hadoop.hive.ql.exec.tez.HiveInputCounters:
INFO  :    GROUPED_INPUT_SPLITS_Map_1: 1
INFO  :    INPUT_DIRECTORIES_Map_1: 1
INFO  :    INPUT_FILES_Map_1: 1
INFO  :    RAW_INPUT_SPLITS_Map_1: 1
INFO  : Starting task [Stage-2:DEPENDENCY_COLLECTION] in serial mode
INFO  : Starting task [Stage-0:MOVE] in serial mode
INFO  : Loading data to table airline_ontime.airlines from s3a://edws-llap-perf/clusters/cluster-1547937522-w74v/warehouse-1553742567-ckf6/warehouse/tablespace/managed/hive/airline_ontime.db/airlines/.hive-staging_hive_2019-03-28_03-15-45_012_2041759620634569276-7/-ext-10000
INFO  : Starting task [Stage-3:STATS] in serial mode
INFO  : Completed executing command(queryId=hive_20190328031545_4bf331fc-5614-40b4-8442-7437cdf63a76); Time taken: 10.214 seconds
INFO  : OK
No rows affected (11.761 seconds)
0: jdbc:hive2://hiveserver2-service:10010/> 
0: jdbc:hive2://hiveserver2-service:10010/> create table if not exists planes (
. . . . . . . . . . . . . . . . . . . . . >   tailnum string,
. . . . . . . . . . . . . . . . . . . . . >   owner_type string,
. . . . . . . . . . . . . . . . . . . . . >   manufacturer string,
. . . . . . . . . . . . . . . . . . . . . >   issue_date string,
. . . . . . . . . . . . . . . . . . . . . >   model string,
. . . . . . . . . . . . . . . . . . . . . >   status string,
. . . . . . . . . . . . . . . . . . . . . >   aircraft_type string,
. . . . . . . . . . . . . . . . . . . . . >   engine_type string,
. . . . . . . . . . . . . . . . . . . . . >   year int
. . . . . . . . . . . . . . . . . . . . . > )
. . . . . . . . . . . . . . . . . . . . . > stored as orc;
INFO  : Compiling command(queryId=hive_20190328031557_d730725d-810f-4668-a0f3-f8751acbd89b): create table if not exists planes (
tailnum string,
owner_type string,
manufacturer string,
issue_date string,
model string,
status string,
aircraft_type string,
engine_type string,
year int
)
stored as orc
INFO  : Semantic Analysis Completed (retrial = false)
INFO  : Returning Hive schema: Schema(fieldSchemas:null, properties:null)
INFO  : Completed compiling command(queryId=hive_20190328031557_d730725d-810f-4668-a0f3-f8751acbd89b); Time taken: 0.038 seconds
INFO  : Executing command(queryId=hive_20190328031557_d730725d-810f-4668-a0f3-f8751acbd89b): create table if not exists planes (
tailnum string,
owner_type string,
manufacturer string,
issue_date string,
model string,
status string,
aircraft_type string,
engine_type string,
year int
)
stored as orc
INFO  : Starting task [Stage-0:DDL] in serial mode
INFO  : Completed executing command(queryId=hive_20190328031557_d730725d-810f-4668-a0f3-f8751acbd89b); Time taken: 0.49 seconds
INFO  : OK
No rows affected (0.582 seconds)
0: jdbc:hive2://hiveserver2-service:10010/> 
0: jdbc:hive2://hiveserver2-service:10010/> insert overwrite table planes select  * from airline_ontime_external.planes_external;
INFO  : Compiling command(queryId=hive_20190328031557_3e8f3705-779b-4a14-9602-784a7d307d04): insert overwrite table planes select * from airline_ontime_external.planes_external
INFO  : Semantic Analysis Completed (retrial = false)
INFO  : Returning Hive schema: Schema(fieldSchemas:[FieldSchema(name:planes_external.tailnum, type:string, comment:null), FieldSchema(name:planes_external.owner_type, type:string, comment:null), FieldSchema(name:planes_external.manufacturer, type:string, comment:null), FieldSchema(name:planes_external.issue_date, type:string, comment:null), FieldSchema(name:planes_external.model, type:string, comment:null), FieldSchema(name:planes_external.status, type:string, comment:null), FieldSchema(name:planes_external.aircraft_type, type:string, comment:null), FieldSchema(name:planes_external.engine_type, type:string, comment:null), FieldSchema(name:planes_external.year, type:int, comment:null)], properties:null)
INFO  : Completed compiling command(queryId=hive_20190328031557_3e8f3705-779b-4a14-9602-784a7d307d04); Time taken: 1.4 seconds
INFO  : Executing command(queryId=hive_20190328031557_3e8f3705-779b-4a14-9602-784a7d307d04): insert overwrite table planes select * from airline_ontime_external.planes_external
INFO  : Query ID = hive_20190328031557_3e8f3705-779b-4a14-9602-784a7d307d04
INFO  : Total jobs = 1
INFO  : Launching Job 1 out of 1
INFO  : Starting task [Stage-1:MAPRED] in serial mode
INFO  : Subscribed to counters: [] for queryId: hive_20190328031557_3e8f3705-779b-4a14-9602-784a7d307d04
INFO  : Session is already open
INFO  : Dag name: insert overwrite tabl...rnal.planes_external (Stage-1)
INFO  : Status: Running (Executing on YARN cluster with App id application_1553742694586_0000)

[2K----------------------------------------------------------------------------------------------
[2K[36;1m        VERTICES      MODE        STATUS  TOTAL  COMPLETED  RUNNING  PENDING  FAILED  KILLED  
[22;0m[2K----------------------------------------------------------------------------------------------
[2KMap 1                 llap       RUNNING      1          0        1        0       0       0  
Reducer 2             llap        INITED      1          0        0        1       0       0  
[2K----------------------------------------------------------------------------------------------
[2K[31;1mVERTICES: 00/02  [>>--------------------------] 0%    ELAPSED TIME: 1.95 s     
[22;0m[2K----------------------------------------------------------------------------------------------
[8A[2K----------------------------------------------------------------------------------------------
[2K[36;1m        VERTICES      MODE        STATUS  TOTAL  COMPLETED  RUNNING  PENDING  FAILED  KILLED  
[22;0m[2K----------------------------------------------------------------------------------------------
[2KMap 1                 llap       RUNNING      1          0        1        0       0       0  
Reducer 2             llap        INITED      1          0        0        1       0       0  
[2K----------------------------------------------------------------------------------------------
[2K[31;1mVERTICES: 00/02  [>>--------------------------] 0%    ELAPSED TIME: 2.45 s     
[22;0m[2K----------------------------------------------------------------------------------------------
[8A[2K----------------------------------------------------------------------------------------------
[2K[36;1m        VERTICES      MODE        STATUS  TOTAL  COMPLETED  RUNNING  PENDING  FAILED  KILLED  
[22;0m[2K----------------------------------------------------------------------------------------------
[2KMap 1                 llap       RUNNING      1          0        1        0       0       0  
Reducer 2             llap        INITED      1          0        0        1       0       0  
[2K----------------------------------------------------------------------------------------------
[2K[31;1mVERTICES: 00/02  [>>--------------------------] 0%    ELAPSED TIME: 2.95 s     
[22;0m[2K----------------------------------------------------------------------------------------------
[8A[2K----------------------------------------------------------------------------------------------
[2K[36;1m        VERTICES      MODE        STATUS  TOTAL  COMPLETED  RUNNING  PENDING  FAILED  KILLED  
[22;0m[2K----------------------------------------------------------------------------------------------
[2KMap 1                 llap       RUNNING      1          0        1        0       0       0  
Reducer 2             llap        INITED      1          0        0        1       0       0  
[2K----------------------------------------------------------------------------------------------
[2K[31;1mVERTICES: 00/02  [>>--------------------------] 0%    ELAPSED TIME: 3.46 s     
[22;0m[2K----------------------------------------------------------------------------------------------
[8A[2K----------------------------------------------------------------------------------------------
[2K[36;1m        VERTICES      MODE        STATUS  TOTAL  COMPLETED  RUNNING  PENDING  FAILED  KILLED  
[22;0m[2K----------------------------------------------------------------------------------------------
[2KMap 1 ..........      llap     SUCCEEDED      1          1        0        0       0       0  
Reducer 2             llap       RUNNING      1          0        1        0       0       0  
[2K----------------------------------------------------------------------------------------------
[2K[31;1mVERTICES: 01/02  [=============>>-------------] 50%   ELAPSED TIME: 3.96 s     
[22;0m[2K----------------------------------------------------------------------------------------------
[8A[2K----------------------------------------------------------------------------------------------
[2K[36;1m        VERTICES      MODE        STATUS  TOTAL  COMPLETED  RUNNING  PENDING  FAILED  KILLED  
[22;0m[2K----------------------------------------------------------------------------------------------
[2KMap 1 ..........      llap     SUCCEEDED      1          1        0        0       0       0  
Reducer 2 ......      llap     SUCCEEDED      1          1        0        0       0       0  
[2K----------------------------------------------------------------------------------------------
[2K[31;1mVERTICES: 02/02  [==========================>>] 100%  ELAPSED TIME: 4.47 s     
[22;0m[2K----------------------------------------------------------------------------------------------
[8A[2K----------------------------------------------------------------------------------------------
[2K[36;1m        VERTICES      MODE        STATUS  TOTAL  COMPLETED  RUNNING  PENDING  FAILED  KILLED  
[22;0m[2K----------------------------------------------------------------------------------------------
[2KMap 1 ..........      llap     SUCCEEDED      1          1        0        0       0       0  
Reducer 2 ......      llap     SUCCEEDED      1          1        0        0       0       0  
[2K----------------------------------------------------------------------------------------------
[2K[31;1mVERTICES: 02/02  [==========================>>] 100%  ELAPSED TIME: 4.97 s     
[22;0m[2K----------------------------------------------------------------------------------------------
[8A[2K----------------------------------------------------------------------------------------------
[2K[36;1m        VERTICES      MODE        STATUS  TOTAL  COMPLETED  RUNNING  PENDING  FAILED  KILLED  
[22;0m[2K----------------------------------------------------------------------------------------------
[2KMap 1 ..........      llap     SUCCEEDED      1          1        0        0       0       0  
Reducer 2 ......      llap     SUCCEEDED      1          1        0        0       0       0  
[2K----------------------------------------------------------------------------------------------
[2K[31;1mVERTICES: 02/02  [==========================>>] 100%  ELAPSED TIME: 5.47 s     
[22;0m[2K----------------------------------------------------------------------------------------------
[8A[2K----------------------------------------------------------------------------------------------
[2K[36;1m        VERTICES      MODE        STATUS  TOTAL  COMPLETED  RUNNING  PENDING  FAILED  KILLED  
[22;0m[2K----------------------------------------------------------------------------------------------
[2KMap 1 ..........      llap     SUCCEEDED      1          1        0        0       0       0  
Reducer 2 ......      llap     SUCCEEDED      1          1        0        0       0       0  
[2K----------------------------------------------------------------------------------------------
[2K[31;1mVERTICES: 02/02  [==========================>>] 100%  ELAPSED TIME: 5.98 s     
[22;0m[2K----------------------------------------------------------------------------------------------
[8A[2K----------------------------------------------------------------------------------------------
[2K[36;1m        VERTICES      MODE        STATUS  TOTAL  COMPLETED  RUNNING  PENDING  FAILED  KILLED  
[22;0m[2K----------------------------------------------------------------------------------------------
[2KMap 1 ..........      llap     SUCCEEDED      1          1        0        0       0       0  
Reducer 2 ......      llap     SUCCEEDED      1          1        0        0       0       0  
[2K----------------------------------------------------------------------------------------------
[2K[31;1mVERTICES: 02/02  [==========================>>] 100%  ELAPSED TIME: 6.48 s     
[22;0m[2K----------------------------------------------------------------------------------------------
[8A[2K----------------------------------------------------------------------------------------------
[2K[36;1m        VERTICES      MODE        STATUS  TOTAL  COMPLETED  RUNNING  PENDING  FAILED  KILLED  
[22;0m[2K----------------------------------------------------------------------------------------------
[2KMap 1 ..........      llap     SUCCEEDED      1          1        0        0       0       0  
Reducer 2 ......      llap     SUCCEEDED      1          1        0        0       0       0  
[2K----------------------------------------------------------------------------------------------
[2K[31;1mVERTICES: 02/02  [==========================>>] 100%  ELAPSED TIME: 6.98 s     
[22;0m[2K----------------------------------------------------------------------------------------------
[8A[2K----------------------------------------------------------------------------------------------
[2K[36;1m        VERTICES      MODE        STATUS  TOTAL  COMPLETED  RUNNING  PENDING  FAILED  KILLED  
[22;0m[2K----------------------------------------------------------------------------------------------
[2KMap 1 ..........      llap     SUCCEEDED      1          1        0        0       0       0  
Reducer 2 ......      llap     SUCCEEDED      1          1        0        0       0       0  
[2K----------------------------------------------------------------------------------------------
[2K[31;1mVERTICES: 02/02  [==========================>>] 100%  ELAPSED TIME: 7.99 s     
[22;0m[2K----------------------------------------------------------------------------------------------
[8A[2K----------------------------------------------------------------------------------------------
[2K[36;1m        VERTICES      MODE        STATUS  TOTAL  COMPLETED  RUNNING  PENDING  FAILED  KILLED  
[22;0m[2K----------------------------------------------------------------------------------------------
[2KMap 1 ..........      llap     SUCCEEDED      1          1        0        0       0       0  
Reducer 2 ......      llap     SUCCEEDED      1          1        0        0       0       0  
[2K----------------------------------------------------------------------------------------------
[2K[31;1mVERTICES: 02/02  [==========================>>] 100%  ELAPSED TIME: 8.99 s     
[22;0m[2K----------------------------------------------------------------------------------------------
[8A[2K----------------------------------------------------------------------------------------------
[2K[36;1m        VERTICES      MODE        STATUS  TOTAL  COMPLETED  RUNNING  PENDING  FAILED  KILLED  
[22;0m[2K----------------------------------------------------------------------------------------------
[2KMap 1 ..........      llap     SUCCEEDED      1          1        0        0       0       0  
Reducer 2 ......      llap     SUCCEEDED      1          1        0        0       0       0  
[2K----------------------------------------------------------------------------------------------
[2K[31;1mVERTICES: 02/02  [==========================>>] 100%  ELAPSED TIME: 9.14 s     
[22;0m[2K----------------------------------------------------------------------------------------------
INFO  : Status: DAG finished successfully in 4.15 seconds
INFO  : 
INFO  : Query Execution Summary
INFO  : ----------------------------------------------------------------------------------------------
INFO  : OPERATION                            DURATION
INFO  : ----------------------------------------------------------------------------------------------
INFO  : Compile Query                           1.40s
INFO  : Prepare Plan                            1.13s
INFO  : Get Query Coordinator (AM)              0.00s
INFO  : Submit Plan                             0.10s
INFO  : Start DAG                               0.52s
INFO  : Run DAG                                 4.15s
INFO  : ----------------------------------------------------------------------------------------------
INFO  : 
INFO  : Task Execution Summary
INFO  : ----------------------------------------------------------------------------------------------
INFO  :   VERTICES      DURATION(ms)   CPU_TIME(ms)    GC_TIME(ms)   INPUT_RECORDS   OUTPUT_RECORDS
INFO  : ----------------------------------------------------------------------------------------------
INFO  :      Map 1           3515.00              0              0           5,029                1
INFO  :  Reducer 2            629.00              0              0               1                0
INFO  : ----------------------------------------------------------------------------------------------
INFO  : 
INFO  : LLAP IO Summary
INFO  : ----------------------------------------------------------------------------------------------
INFO  :   VERTICES ROWGROUPS  META_HIT  META_MISS  DATA_HIT  DATA_MISS  TOTAL_IO
INFO  : ----------------------------------------------------------------------------------------------
INFO  :      Map 1         1         0          2        0B    37.78KB     0.14s
INFO  : ----------------------------------------------------------------------------------------------
INFO  : 
INFO  : FileSystem Counters Summary
INFO  : 
INFO  : Scheme: S3A
INFO  : ----------------------------------------------------------------------------------------------
INFO  :   VERTICES      BYTES_READ      READ_OPS     LARGE_READ_OPS      BYTES_WRITTEN     WRITE_OPS
INFO  : ----------------------------------------------------------------------------------------------
INFO  :      Map 1         54.38KB            11                  0                 0B             8
INFO  :  Reducer 2              0B             6                  0                 0B             7
INFO  : ----------------------------------------------------------------------------------------------
INFO  : 
INFO  : Scheme: FILE
INFO  : ----------------------------------------------------------------------------------------------
INFO  :   VERTICES      BYTES_READ      READ_OPS     LARGE_READ_OPS      BYTES_WRITTEN     WRITE_OPS
INFO  : ----------------------------------------------------------------------------------------------
INFO  :      Map 1              0B             0                  0             1.99KB             0
INFO  :  Reducer 2          1.95KB             0                  0                 0B             0
INFO  : ----------------------------------------------------------------------------------------------
INFO  : 
INFO  : org.apache.tez.common.counters.DAGCounter:
INFO  :    NUM_SUCCEEDED_TASKS: 2
INFO  :    TOTAL_LAUNCHED_TASKS: 2
INFO  :    DATA_LOCAL_TASKS: 1
INFO  :    AM_CPU_MILLISECONDS: 620
INFO  :    AM_GC_TIME_MILLIS: 0
INFO  : File System Counters:
INFO  :    FILE_BYTES_READ: 1953
INFO  :    FILE_BYTES_WRITTEN: 1985
INFO  :    FILE_READ_OPS: 0
INFO  :    FILE_LARGE_READ_OPS: 0
INFO  :    FILE_WRITE_OPS: 0
INFO  :    S3A_BYTES_READ: 54377
INFO  :    S3A_BYTES_WRITTEN: 0
INFO  :    S3A_READ_OPS: 17
INFO  :    S3A_LARGE_READ_OPS: 0
INFO  :    S3A_WRITE_OPS: 15
INFO  : org.apache.tez.common.counters.TaskCounter:
INFO  :    SPILLED_RECORDS: 0
INFO  :    NUM_SHUFFLED_INPUTS: 1
INFO  :    NUM_FAILED_SHUFFLE_INPUTS: 0
INFO  :    TASK_DURATION_MILLIS: 4304
INFO  :    INPUT_RECORDS_PROCESSED: 5030
INFO  :    INPUT_SPLIT_LENGTH_BYTES: 38746
INFO  :    OUTPUT_RECORDS: 1
INFO  :    OUTPUT_LARGE_RECORDS: 0
INFO  :    OUTPUT_BYTES: 3982
INFO  :    OUTPUT_BYTES_WITH_OVERHEAD: 3992
INFO  :    OUTPUT_BYTES_PHYSICAL: 1977
INFO  :    ADDITIONAL_SPILLS_BYTES_WRITTEN: 0
INFO  :    ADDITIONAL_SPILLS_BYTES_READ: 0
INFO  :    ADDITIONAL_SPILL_COUNT: 0
INFO  :    SHUFFLE_BYTES: 1953
INFO  :    SHUFFLE_BYTES_DECOMPRESSED: 3992
INFO  :    SHUFFLE_BYTES_TO_MEM: 0
INFO  :    SHUFFLE_BYTES_TO_DISK: 0
INFO  :    SHUFFLE_BYTES_DISK_DIRECT: 1953
INFO  :    SHUFFLE_PHASE_TIME: 22
INFO  :    FIRST_EVENT_RECEIVED: 10
INFO  :    LAST_EVENT_RECEIVED: 10
INFO  : HIVE:
INFO  :    CREATED_FILES: 2
INFO  :    DESERIALIZE_ERRORS: 0
INFO  :    RECORDS_IN_Map_1: 5029
INFO  :    RECORDS_OUT_0: 1
INFO  :    RECORDS_OUT_1_airline_ontime.planes: 5029
INFO  :    RECORDS_OUT_INTERMEDIATE_Map_1: 1
INFO  :    RECORDS_OUT_INTERMEDIATE_Reducer_2: 0
INFO  :    RECORDS_OUT_OPERATOR_FS_2: 5029
INFO  :    RECORDS_OUT_OPERATOR_FS_9: 1
INFO  :    RECORDS_OUT_OPERATOR_GBY_5: 1
INFO  :    RECORDS_OUT_OPERATOR_GBY_7: 1
INFO  :    RECORDS_OUT_OPERATOR_MAP_0: 0
INFO  :    RECORDS_OUT_OPERATOR_RS_6: 1
INFO  :    RECORDS_OUT_OPERATOR_SEL_1: 5029
INFO  :    RECORDS_OUT_OPERATOR_SEL_4: 5029
INFO  :    RECORDS_OUT_OPERATOR_TS_0: 5029
INFO  : TaskCounter_Map_1_INPUT_planes_external:
INFO  :    INPUT_RECORDS_PROCESSED: 5029
INFO  :    INPUT_SPLIT_LENGTH_BYTES: 38746
INFO  : TaskCounter_Map_1_OUTPUT_Reducer_2:
INFO  :    ADDITIONAL_SPILLS_BYTES_READ: 0
INFO  :    ADDITIONAL_SPILLS_BYTES_WRITTEN: 0
INFO  :    ADDITIONAL_SPILL_COUNT: 0
INFO  :    OUTPUT_BYTES: 3982
INFO  :    OUTPUT_BYTES_PHYSICAL: 1977
INFO  :    OUTPUT_BYTES_WITH_OVERHEAD: 3992
INFO  :    OUTPUT_LARGE_RECORDS: 0
INFO  :    OUTPUT_RECORDS: 1
INFO  :    SPILLED_RECORDS: 0
INFO  : TaskCounter_Reducer_2_INPUT_Map_1:
INFO  :    FIRST_EVENT_RECEIVED: 10
INFO  :    INPUT_RECORDS_PROCESSED: 1
INFO  :    LAST_EVENT_RECEIVED: 10
INFO  :    NUM_FAILED_SHUFFLE_INPUTS: 0
INFO  :    NUM_SHUFFLED_INPUTS: 1
INFO  :    SHUFFLE_BYTES: 1953
INFO  :    SHUFFLE_BYTES_DECOMPRESSED: 3992
INFO  :    SHUFFLE_BYTES_DISK_DIRECT: 1953
INFO  :    SHUFFLE_BYTES_TO_DISK: 0
INFO  :    SHUFFLE_BYTES_TO_MEM: 0
INFO  :    SHUFFLE_PHASE_TIME: 22
INFO  : TaskCounter_Reducer_2_OUTPUT_out_Reducer_2:
INFO  :    OUTPUT_RECORDS: 0
INFO  : org.apache.hadoop.hive.llap.counters.LlapIOCounters:
INFO  :    ALLOCATED_BYTES: 11010048
INFO  :    ALLOCATED_USED_BYTES: 88690
INFO  :    CACHE_HIT_BYTES: 0
INFO  :    CACHE_MISS_BYTES: 37775
INFO  :    CONSUMER_TIME_NS: 837909357
INFO  :    DECODE_TIME_NS: 29082073
INFO  :    HDFS_TIME_NS: 384928502
INFO  :    METADATA_CACHE_MISS: 2
INFO  :    NUM_DECODED_BATCHES: 1
INFO  :    NUM_VECTOR_BATCHES: 5
INFO  :    ROWS_EMITTED: 5029
INFO  :    SELECTED_ROWGROUPS: 1
INFO  :    TOTAL_IO_TIME_NS: 142076118
INFO  : org.apache.hadoop.hive.llap.counters.LlapWmCounters:
INFO  :    GUARANTEED_QUEUED_NS: 0
INFO  :    GUARANTEED_RUNNING_NS: 0
INFO  :    SPECULATIVE_QUEUED_NS: 215340
INFO  :    SPECULATIVE_RUNNING_NS: 4288296541
INFO  : org.apache.hadoop.hive.ql.exec.tez.HiveInputCounters:
INFO  :    GROUPED_INPUT_SPLITS_Map_1: 1
INFO  :    INPUT_DIRECTORIES_Map_1: 1
INFO  :    INPUT_FILES_Map_1: 1
INFO  :    RAW_INPUT_SPLITS_Map_1: 1
INFO  : Starting task [Stage-2:DEPENDENCY_COLLECTION] in serial mode
INFO  : Starting task [Stage-0:MOVE] in serial mode
INFO  : Loading data to table airline_ontime.planes from s3a://edws-llap-perf/clusters/cluster-1547937522-w74v/warehouse-1553742567-ckf6/warehouse/tablespace/managed/hive/airline_ontime.db/planes/.hive-staging_hive_2019-03-28_03-15-57_698_7548953648892545240-9/-ext-10000
INFO  : Starting task [Stage-3:STATS] in serial mode
INFO  : Completed executing command(queryId=hive_20190328031557_3e8f3705-779b-4a14-9602-784a7d307d04); Time taken: 10.84 seconds
INFO  : OK
No rows affected (12.295 seconds)
0: jdbc:hive2://hiveserver2-service:10010/> 
0: jdbc:hive2://hiveserver2-service:10010/> drop table airline_ontime_external.f lights_external;
INFO  : Compiling command(queryId=hive_20190328031610_28dc7eb9-2141-4865-81c0-b58f34042a52): drop table airline_ontime_external.flights_external
INFO  : Semantic Analysis Completed (retrial = false)
INFO  : Returning Hive schema: Schema(fieldSchemas:null, properties:null)
INFO  : Completed compiling command(queryId=hive_20190328031610_28dc7eb9-2141-4865-81c0-b58f34042a52); Time taken: 0.048 seconds
INFO  : Executing command(queryId=hive_20190328031610_28dc7eb9-2141-4865-81c0-b58f34042a52): drop table airline_ontime_external.flights_external
INFO  : Starting task [Stage-0:DDL] in serial mode
INFO  : Completed executing command(queryId=hive_20190328031610_28dc7eb9-2141-4865-81c0-b58f34042a52); Time taken: 0.392 seconds
INFO  : OK
No rows affected (0.468 seconds)
0: jdbc:hive2://hiveserver2-service:10010/> drop table airline_ontime_external.a irports_external;
INFO  : Compiling command(queryId=hive_20190328031610_fc5283b4-6881-4349-a9cf-41041ed8e310): drop table airline_ontime_external.airports_external
INFO  : Semantic Analysis Completed (retrial = false)
INFO  : Returning Hive schema: Schema(fieldSchemas:null, properties:null)
INFO  : Completed compiling command(queryId=hive_20190328031610_fc5283b4-6881-4349-a9cf-41041ed8e310); Time taken: 0.046 seconds
INFO  : Executing command(queryId=hive_20190328031610_fc5283b4-6881-4349-a9cf-41041ed8e310): drop table airline_ontime_external.airports_external
INFO  : Starting task [Stage-0:DDL] in serial mode
INFO  : Completed executing command(queryId=hive_20190328031610_fc5283b4-6881-4349-a9cf-41041ed8e310); Time taken: 0.206 seconds
INFO  : OK
No rows affected (0.278 seconds)
0: jdbc:hive2://hiveserver2-service:10010/> drop table airline_ontime_external.a irlines_external;
INFO  : Compiling command(queryId=hive_20190328031611_19c51b0c-41f6-4905-8ad2-641d43f58b62): drop table airline_ontime_external.airlines_external
INFO  : Semantic Analysis Completed (retrial = false)
INFO  : Returning Hive schema: Schema(fieldSchemas:null, properties:null)
INFO  : Completed compiling command(queryId=hive_20190328031611_19c51b0c-41f6-4905-8ad2-641d43f58b62); Time taken: 0.047 seconds
INFO  : Executing command(queryId=hive_20190328031611_19c51b0c-41f6-4905-8ad2-641d43f58b62): drop table airline_ontime_external.airlines_external
INFO  : Starting task [Stage-0:DDL] in serial mode
INFO  : Completed executing command(queryId=hive_20190328031611_19c51b0c-41f6-4905-8ad2-641d43f58b62); Time taken: 0.199 seconds
INFO  : OK
No rows affected (0.273 seconds)
0: jdbc:hive2://hiveserver2-service:10010/> drop table airline_ontime_external.p lanes_external;
INFO  : Compiling command(queryId=hive_20190328031611_d32b076f-b271-412d-87be-4afae490248e): drop table airline_ontime_external.planes_external
INFO  : Semantic Analysis Completed (retrial = false)
INFO  : Returning Hive schema: Schema(fieldSchemas:null, properties:null)
INFO  : Completed compiling command(queryId=hive_20190328031611_d32b076f-b271-412d-87be-4afae490248e); Time taken: 0.047 seconds
INFO  : Executing command(queryId=hive_20190328031611_d32b076f-b271-412d-87be-4afae490248e): drop table airline_ontime_external.planes_external
INFO  : Starting task [Stage-0:DDL] in serial mode
INFO  : Completed executing command(queryId=hive_20190328031611_d32b076f-b271-412d-87be-4afae490248e); Time taken: 0.192 seconds
INFO  : OK
No rows affected (0.268 seconds)
0: jdbc:hive2://hiveserver2-service:10010/> drop database airline_ontime_externa l;
INFO  : Compiling command(queryId=hive_20190328031611_8e916341-0ecb-46c1-a2de-cf9c57648b33): drop database airline_ontime_external
INFO  : Semantic Analysis Completed (retrial = false)
INFO  : Returning Hive schema: Schema(fieldSchemas:null, properties:null)
INFO  : Completed compiling command(queryId=hive_20190328031611_8e916341-0ecb-46c1-a2de-cf9c57648b33); Time taken: 0.033 seconds
INFO  : Executing command(queryId=hive_20190328031611_8e916341-0ecb-46c1-a2de-cf9c57648b33): drop database airline_ontime_external
INFO  : Starting task [Stage-0:DDL] in serial mode
INFO  : Completed executing command(queryId=hive_20190328031611_8e916341-0ecb-46c1-a2de-cf9c57648b33); Time taken: 0.456 seconds
INFO  : OK
No rows affected (103.019 seconds)
0: jdbc:hive2://hiveserver2-service:10010/> [WARN] Failed to create directory: /home/hive/.beeline
No such file or directory
Closing: 0: jdbc:hive2://hiveserver2-service:10010/;transportMode=http;httpPath=cliservice;
+++ date +%s
++ END=1553743075
+++ echo '1553743075 - 1553742827'
+++ bc
++ DIFF=248
++ echo 'Data load job completed successfully! Time taken: 248 seconds'
Data load job completed successfully! Time taken: 248 seconds
