+ cd /airlines-data
+ . load.sh
++ set -x
++ HS2_SERVICE=hiveserver2-service
++ HS2_PORT=10010
++ BEELINE_CONNECTION_URL='jdbc:hive2://hiveserver2-service:10010/;transportMode=http;httpPath=cliservice;'
++ [[ -z '' ]]
++ echo 'HS2_AUTH_USER env is not set. Skipping auth..'
++ [[ -z '' ]]
++ echo 'HS2_AUTH_PASSWORD env is not set. Skipping auth..'
HS2_AUTH_USER env is not set. Skipping auth..
HS2_AUTH_PASSWORD env is not set. Skipping auth..
Waiting for hiveserver2-service to launch on 10010..
++ echo 'Waiting for hiveserver2-service to launch on 10010..'
++ nc -zv -w 5 hiveserver2-service 10010
nc: connect to hiveserver2-service port 10010 (tcp) timed out: Operation now in progress
++ sleep 10
Waiting for hiveserver2-service to launch on 10010..
++ echo 'Waiting for hiveserver2-service to launch on 10010..'
++ nc -zv -w 5 hiveserver2-service 10010
nc: connect to hiveserver2-service port 10010 (tcp) timed out: Operation now in progress
++ sleep 10
Waiting for hiveserver2-service to launch on 10010..
++ echo 'Waiting for hiveserver2-service to launch on 10010..'
++ nc -zv -w 5 hiveserver2-service 10010
nc: connect to hiveserver2-service port 10010 (tcp) timed out: Operation now in progress
++ sleep 10
++ echo 'Waiting for hiveserver2-service to launch on 10010..'
++ nc -zv -w 5 hiveserver2-service 10010
Waiting for hiveserver2-service to launch on 10010..
nc: connect to hiveserver2-service port 10010 (tcp) timed out: Operation now in progress
++ sleep 10
Waiting for hiveserver2-service to launch on 10010..
++ echo 'Waiting for hiveserver2-service to launch on 10010..'
++ nc -zv -w 5 hiveserver2-service 10010
nc: connect to hiveserver2-service port 10010 (tcp) timed out: Operation now in progress
++ sleep 10
Waiting for hiveserver2-service to launch on 10010..
++ echo 'Waiting for hiveserver2-service to launch on 10010..'
++ nc -zv -w 5 hiveserver2-service 10010
nc: connect to hiveserver2-service port 10010 (tcp) timed out: Operation now in progress
++ sleep 10
Waiting for hiveserver2-service to launch on 10010..
++ echo 'Waiting for hiveserver2-service to launch on 10010..'
++ nc -zv -w 5 hiveserver2-service 10010
nc: connect to hiveserver2-service port 10010 (tcp) timed out: Operation now in progress
++ sleep 10
Waiting for hiveserver2-service to launch on 10010..
++ echo 'Waiting for hiveserver2-service to launch on 10010..'
++ nc -zv -w 5 hiveserver2-service 10010
nc: connect to hiveserver2-service port 10010 (tcp) timed out: Operation now in progress
++ sleep 10
Waiting for hiveserver2-service to launch on 10010..
++ echo 'Waiting for hiveserver2-service to launch on 10010..'
++ nc -zv -w 5 hiveserver2-service 10010
nc: connect to hiveserver2-service port 10010 (tcp) timed out: Operation now in progress
++ sleep 10
++ echo 'Waiting for hiveserver2-service to launch on 10010..'
++ nc -zv -w 5 hiveserver2-service 10010
Waiting for hiveserver2-service to launch on 10010..
nc: connect to hiveserver2-service port 10010 (tcp) timed out: Operation now in progress
++ sleep 10
++ echo 'Waiting for hiveserver2-service to launch on 10010..'
++ nc -zv -w 5 hiveserver2-service 10010
Waiting for hiveserver2-service to launch on 10010..
nc: connect to hiveserver2-service port 10010 (tcp) timed out: Operation now in progress
++ sleep 10
Waiting for hiveserver2-service to launch on 10010..
++ echo 'Waiting for hiveserver2-service to launch on 10010..'
++ nc -zv -w 5 hiveserver2-service 10010
nc: connect to hiveserver2-service port 10010 (tcp) timed out: Operation now in progress
++ sleep 10
++ echo 'Waiting for hiveserver2-service to launch on 10010..'
++ nc -zv -w 5 hiveserver2-service 10010
Waiting for hiveserver2-service to launch on 10010..
nc: connect to hiveserver2-service port 10010 (tcp) timed out: Operation now in progress
++ sleep 10
++ echo 'Waiting for hiveserver2-service to launch on 10010..'
++ nc -zv -w 5 hiveserver2-service 10010
Waiting for hiveserver2-service to launch on 10010..
nc: connect to hiveserver2-service port 10010 (tcp) timed out: Operation now in progress
++ sleep 10
++ echo 'Waiting for hiveserver2-service to launch on 10010..'
++ nc -zv -w 5 hiveserver2-service 10010
Waiting for hiveserver2-service to launch on 10010..
Connection to hiveserver2-service 10010 port [tcp/*] succeeded!
++ /usr/hdp/3.0.100.0-383/hive/bin/beeline --skiphadoopversion --skiphbasecp -u 'jdbc:hive2://hiveserver2-service:10010/;transportMode=http;httpPath=cliservice;/' -e 'show databases;'
SLF4J: Class path contains multiple SLF4J bindings.
SLF4J: Found binding in [jar:file:/usr/hdp/3.0.100.0-383/hive/lib/log4j-slf4j-impl-2.10.0.jar!/org/slf4j/impl/StaticLoggerBinder.class]
SLF4J: Found binding in [jar:file:/usr/hdp/3.0.100.0-383/hadoop/lib/slf4j-log4j12-1.7.25.jar!/org/slf4j/impl/StaticLoggerBinder.class]
SLF4J: See http://www.slf4j.org/codes.html#multiple_bindings for an explanation.
SLF4J: Actual binding is of type [org.apache.logging.slf4j.Log4jLoggerFactory]
Connecting to jdbc:hive2://hiveserver2-service:10010/;transportMode=http;httpPath=cliservice;/
Connected to: Apache Hive (version 3.1.0-SNAPSHOT)
Driver: Hive JDBC (version 3.1.0.3.0.100.0-383)
Transaction isolation: TRANSACTION_REPEATABLE_READ
INFO  : Compiling command(queryId=hive_20190328031345_0ae23c3b-f239-4cd9-994e-f49f1ca52add): show databases
INFO  : Semantic Analysis Completed (retrial = false)
INFO  : Returning Hive schema: Schema(fieldSchemas:[FieldSchema(name:database_name, type:string, comment:from deserializer)], properties:null)
INFO  : Completed compiling command(queryId=hive_20190328031345_0ae23c3b-f239-4cd9-994e-f49f1ca52add); Time taken: 0.731 seconds
INFO  : Executing command(queryId=hive_20190328031345_0ae23c3b-f239-4cd9-994e-f49f1ca52add): show databases
INFO  : Starting task [Stage-0:DDL] in serial mode
INFO  : Completed executing command(queryId=hive_20190328031345_0ae23c3b-f239-4cd9-994e-f49f1ca52add); Time taken: 0.6 seconds
INFO  : OK
+---------------------+
|    database_name    |
+---------------------+
| default             |
| information_schema  |
| sys                 |
+---------------------+
3 rows selected (1.66 seconds)
Beeline version 3.1.0.3.0.100.0-383 by Apache Hive
[WARN] Failed to create directory: /home/hive/.beeline
No such file or directory
Closing: 0: jdbc:hive2://hiveserver2-service:10010/;transportMode=http;httpPath=cliservice;/
++ echo 'Connected to hiveserver2-service on 10010! Using beeline url: jdbc:hive2://hiveserver2-service:10010/;transportMode=http;httpPath=cliservice;'
Connected to hiveserver2-service on 10010! Using beeline url: jdbc:hive2://hiveserver2-service:10010/;transportMode=http;httpPath=cliservice;
+++ date +%s
++ START=1553742827
++ /usr/hdp/3.0.100.0-383/hive/bin/beeline --skiphadoopversion --skiphbasecp -u 'jdbc:hive2://hiveserver2-service:10010/;transportMode=http;httpPath=cliservice;' -e 'show databases;'
++ grep airline_ontime
SLF4J: Class path contains multiple SLF4J bindings.
SLF4J: Found binding in [jar:file:/usr/hdp/3.0.100.0-383/hive/lib/log4j-slf4j-impl-2.10.0.jar!/org/slf4j/impl/StaticLoggerBinder.class]
SLF4J: Found binding in [jar:file:/usr/hdp/3.0.100.0-383/hadoop/lib/slf4j-log4j12-1.7.25.jar!/org/slf4j/impl/StaticLoggerBinder.class]
SLF4J: See http://www.slf4j.org/codes.html#multiple_bindings for an explanation.
SLF4J: Actual binding is of type [org.apache.logging.slf4j.Log4jLoggerFactory]
Connecting to jdbc:hive2://hiveserver2-service:10010/;transportMode=http;httpPath=cliservice;
Connected to: Apache Hive (version 3.1.0-SNAPSHOT)
Driver: Hive JDBC (version 3.1.0.3.0.100.0-383)
Transaction isolation: TRANSACTION_REPEATABLE_READ
INFO  : Compiling command(queryId=hive_20190328031350_8a578641-ef46-4493-992e-9e111409ecc0): show databases
INFO  : Semantic Analysis Completed (retrial = false)
INFO  : Returning Hive schema: Schema(fieldSchemas:[FieldSchema(name:database_name, type:string, comment:from deserializer)], properties:null)
INFO  : Completed compiling command(queryId=hive_20190328031350_8a578641-ef46-4493-992e-9e111409ecc0); Time taken: 0.028 seconds
INFO  : Executing command(queryId=hive_20190328031350_8a578641-ef46-4493-992e-9e111409ecc0): show databases
INFO  : Starting task [Stage-0:DDL] in serial mode
INFO  : Completed executing command(queryId=hive_20190328031350_8a578641-ef46-4493-992e-9e111409ecc0); Time taken: 0.007 seconds
INFO  : OK
3 rows selected (0.124 seconds)
Beeline version 3.1.0.3.0.100.0-383 by Apache Hive
[WARN] Failed to create directory: /home/hive/.beeline
No such file or directory
Closing: 0: jdbc:hive2://hiveserver2-service:10010/;transportMode=http;httpPath=cliservice;
++ '[' 1 -eq 0 ']'
++ echo 'Starting orc managed data load of all airlines data..'
++ /usr/hdp/3.0.100.0-383/hive/bin/beeline --skiphadoopversion --skiphbasecp -u 'jdbc:hive2://hiveserver2-service:10010/;transportMode=http;httpPath=cliservice;' -f ddl/airlines_external.sql
Starting orc managed data load of all airlines data..
SLF4J: Class path contains multiple SLF4J bindings.
SLF4J: Found binding in [jar:file:/usr/hdp/3.0.100.0-383/hive/lib/log4j-slf4j-impl-2.10.0.jar!/org/slf4j/impl/StaticLoggerBinder.class]
SLF4J: Found binding in [jar:file:/usr/hdp/3.0.100.0-383/hadoop/lib/slf4j-log4j12-1.7.25.jar!/org/slf4j/impl/StaticLoggerBinder.class]
SLF4J: See http://www.slf4j.org/codes.html#multiple_bindings for an explanation.
SLF4J: Actual binding is of type [org.apache.logging.slf4j.Log4jLoggerFactory]
Connecting to jdbc:hive2://hiveserver2-service:10010/;transportMode=http;httpPath=cliservice;
Connected to: Apache Hive (version 3.1.0-SNAPSHOT)
Driver: Hive JDBC (version 3.1.0.3.0.100.0-383)
Transaction isolation: TRANSACTION_REPEATABLE_READ
0: jdbc:hive2://hiveserver2-service:10010/> create database if not exists airlin e_ontime_external;
INFO  : Compiling command(queryId=hive_20190328031353_d0c2d46d-3838-4265-8492-735bfef2fdce): create database if not exists airline_ontime_external
INFO  : Semantic Analysis Completed (retrial = false)
INFO  : Returning Hive schema: Schema(fieldSchemas:null, properties:null)
INFO  : Completed compiling command(queryId=hive_20190328031353_d0c2d46d-3838-4265-8492-735bfef2fdce); Time taken: 0.171 seconds
INFO  : Executing command(queryId=hive_20190328031353_d0c2d46d-3838-4265-8492-735bfef2fdce): create database if not exists airline_ontime_external
INFO  : Starting task [Stage-0:DDL] in serial mode
INFO  : Completed executing command(queryId=hive_20190328031353_d0c2d46d-3838-4265-8492-735bfef2fdce); Time taken: 1.129 seconds
INFO  : OK
No rows affected (1.387 seconds)
0: jdbc:hive2://hiveserver2-service:10010/> use airline_ontime_external;
INFO  : Compiling command(queryId=hive_20190328031354_95f6b5e7-3c02-405e-8183-47c026cfd066): use airline_ontime_external
INFO  : Semantic Analysis Completed (retrial = false)
INFO  : Returning Hive schema: Schema(fieldSchemas:null, properties:null)
INFO  : Completed compiling command(queryId=hive_20190328031354_95f6b5e7-3c02-405e-8183-47c026cfd066); Time taken: 0.032 seconds
INFO  : Executing command(queryId=hive_20190328031354_95f6b5e7-3c02-405e-8183-47c026cfd066): use airline_ontime_external
INFO  : Starting task [Stage-0:DDL] in serial mode
INFO  : Completed executing command(queryId=hive_20190328031354_95f6b5e7-3c02-405e-8183-47c026cfd066); Time taken: 0.01 seconds
INFO  : OK
No rows affected (0.058 seconds)
0: jdbc:hive2://hiveserver2-service:10010/> 
0: jdbc:hive2://hiveserver2-service:10010/> create external table if not exists  flights_external (
. . . . . . . . . . . . . . . . . . . . . >   Month int,
. . . . . . . . . . . . . . . . . . . . . >   DayofMonth int,
. . . . . . . . . . . . . . . . . . . . . >   DayOfWeek int,
. . . . . . . . . . . . . . . . . . . . . >   DepTime  int,
. . . . . . . . . . . . . . . . . . . . . >   CRSDepTime int,
. . . . . . . . . . . . . . . . . . . . . >   ArrTime int,
. . . . . . . . . . . . . . . . . . . . . >   CRSArrTime int,
. . . . . . . . . . . . . . . . . . . . . >   UniqueCarrier string,
. . . . . . . . . . . . . . . . . . . . . >   FlightNum int,
. . . . . . . . . . . . . . . . . . . . . >   TailNum string,
. . . . . . . . . . . . . . . . . . . . . >   ActualElapsedTime int,
. . . . . . . . . . . . . . . . . . . . . >   CRSElapsedTime int,
. . . . . . . . . . . . . . . . . . . . . >   AirTime int,
. . . . . . . . . . . . . . . . . . . . . >   ArrDelay int,
. . . . . . . . . . . . . . . . . . . . . >   DepDelay int,
. . . . . . . . . . . . . . . . . . . . . >   Origin string,
. . . . . . . . . . . . . . . . . . . . . >   Dest string,
. . . . . . . . . . . . . . . . . . . . . >   Distance int,
. . . . . . . . . . . . . . . . . . . . . >   TaxiIn int,
. . . . . . . . . . . . . . . . . . . . . >   TaxiOut int,
. . . . . . . . . . . . . . . . . . . . . >   Cancelled int,
. . . . . . . . . . . . . . . . . . . . . >   CancellationCode string,
. . . . . . . . . . . . . . . . . . . . . >   Diverted string,
. . . . . . . . . . . . . . . . . . . . . >   CarrierDelay int,
. . . . . . . . . . . . . . . . . . . . . >   WeatherDelay int,
. . . . . . . . . . . . . . . . . . . . . >   NASDelay int,
. . . . . . . . . . . . . . . . . . . . . >   SecurityDelay int,
. . . . . . . . . . . . . . . . . . . . . >   LateAircraftDelay int
. . . . . . . . . . . . . . . . . . . . . > )
. . . . . . . . . . . . . . . . . . . . . > PARTITIONED BY (Year int)
. . . . . . . . . . . . . . . . . . . . . > stored as orc
. . . . . . . . . . . . . . . . . . . . . > location "s3a://airlines-orc/airline _ontime.db/flights";
INFO  : Compiling command(queryId=hive_20190328031355_33c46bfb-d0b6-482f-84b0-d744fce0e72b): create external table if not exists flights_external (
Month int,
DayofMonth int,
DayOfWeek int,
DepTime  int,
CRSDepTime int,
ArrTime int,
CRSArrTime int,
UniqueCarrier string,
FlightNum int,
TailNum string,
ActualElapsedTime int,
CRSElapsedTime int,
AirTime int,
ArrDelay int,
DepDelay int,
Origin string,
Dest string,
Distance int,
TaxiIn int,
TaxiOut int,
Cancelled int,
CancellationCode string,
Diverted string,
CarrierDelay int,
WeatherDelay int,
NASDelay int,
SecurityDelay int,
LateAircraftDelay int
)
PARTITIONED BY (Year int)
stored as orc
location "s3a://airlines-orc/airline_ontime.db/flights"
INFO  : Semantic Analysis Completed (retrial = false)
INFO  : Returning Hive schema: Schema(fieldSchemas:null, properties:null)
INFO  : Completed compiling command(queryId=hive_20190328031355_33c46bfb-d0b6-482f-84b0-d744fce0e72b); Time taken: 0.305 seconds
INFO  : Executing command(queryId=hive_20190328031355_33c46bfb-d0b6-482f-84b0-d744fce0e72b): create external table if not exists flights_external (
Month int,
DayofMonth int,
DayOfWeek int,
DepTime  int,
CRSDepTime int,
ArrTime int,
CRSArrTime int,
UniqueCarrier string,
FlightNum int,
TailNum string,
ActualElapsedTime int,
CRSElapsedTime int,
AirTime int,
ArrDelay int,
DepDelay int,
Origin string,
Dest string,
Distance int,
TaxiIn int,
TaxiOut int,
Cancelled int,
CancellationCode string,
Diverted string,
CarrierDelay int,
WeatherDelay int,
NASDelay int,
SecurityDelay int,
LateAircraftDelay int
)
PARTITIONED BY (Year int)
stored as orc
location "s3a://airlines-orc/airline_ontime.db/flights"
INFO  : Starting task [Stage-0:DDL] in serial mode
INFO  : Completed executing command(queryId=hive_20190328031355_33c46bfb-d0b6-482f-84b0-d744fce0e72b); Time taken: 0.408 seconds
INFO  : OK
No rows affected (0.833 seconds)
0: jdbc:hive2://hiveserver2-service:10010/> 
0: jdbc:hive2://hiveserver2-service:10010/> msck repair table flights_external;
INFO  : Compiling command(queryId=hive_20190328031355_41fe4c31-cddd-401e-9084-59fcf49927c5): msck repair table flights_external
INFO  : Semantic Analysis Completed (retrial = false)
INFO  : Returning Hive schema: Schema(fieldSchemas:null, properties:null)
INFO  : Completed compiling command(queryId=hive_20190328031355_41fe4c31-cddd-401e-9084-59fcf49927c5); Time taken: 0.088 seconds
INFO  : Executing command(queryId=hive_20190328031355_41fe4c31-cddd-401e-9084-59fcf49927c5): msck repair table flights_external
INFO  : Starting task [Stage-0:DDL] in serial mode
INFO  : Completed executing command(queryId=hive_20190328031355_41fe4c31-cddd-401e-9084-59fcf49927c5); Time taken: 1.513 seconds
INFO  : OK
No rows affected (1.679 seconds)
0: jdbc:hive2://hiveserver2-service:10010/> 
0: jdbc:hive2://hiveserver2-service:10010/> create external table if not exists  airports_external (
. . . . . . . . . . . . . . . . . . . . . >     iata string,
. . . . . . . . . . . . . . . . . . . . . >     airport string,
. . . . . . . . . . . . . . . . . . . . . >     city string,
. . . . . . . . . . . . . . . . . . . . . >     state double,
. . . . . . . . . . . . . . . . . . . . . >     country string,
. . . . . . . . . . . . . . . . . . . . . >     lat double,
. . . . . . . . . . . . . . . . . . . . . >     lon double
. . . . . . . . . . . . . . . . . . . . . > )
. . . . . . . . . . . . . . . . . . . . . > stored as orc
. . . . . . . . . . . . . . . . . . . . . > location "s3a://airlines-orc/airline _ontime.db/airports";
INFO  : Compiling command(queryId=hive_20190328031357_a1256473-5a8a-402b-9604-ce8fb87ecf70): create external table if not exists airports_external (
iata string,
airport string,
city string,
state double,
country string,
lat double,
lon double
)
stored as orc
location "s3a://airlines-orc/airline_ontime.db/airports"
INFO  : Semantic Analysis Completed (retrial = false)
INFO  : Returning Hive schema: Schema(fieldSchemas:null, properties:null)
INFO  : Completed compiling command(queryId=hive_20190328031357_a1256473-5a8a-402b-9604-ce8fb87ecf70); Time taken: 0.043 seconds
INFO  : Executing command(queryId=hive_20190328031357_a1256473-5a8a-402b-9604-ce8fb87ecf70): create external table if not exists airports_external (
iata string,
airport string,
city string,
state double,
country string,
lat double,
lon double
)
stored as orc
location "s3a://airlines-orc/airline_ontime.db/airports"
INFO  : Starting task [Stage-0:DDL] in serial mode
INFO  : Completed executing command(queryId=hive_20190328031357_a1256473-5a8a-402b-9604-ce8fb87ecf70); Time taken: 0.212 seconds
INFO  : OK
No rows affected (0.314 seconds)
0: jdbc:hive2://hiveserver2-service:10010/> 
0: jdbc:hive2://hiveserver2-service:10010/> create external table if not exists  airlines_external (
. . . . . . . . . . . . . . . . . . . . . >     code string,
. . . . . . . . . . . . . . . . . . . . . >     description string
. . . . . . . . . . . . . . . . . . . . . > )
. . . . . . . . . . . . . . . . . . . . . > stored as orc
. . . . . . . . . . . . . . . . . . . . . > location "s3a://airlines-orc/airline _ontime.db/airlines";
INFO  : Compiling command(queryId=hive_20190328031357_8b9543c6-55b2-4839-a92f-9544a50a68fa): create external table if not exists airlines_external (
code string,
description string
)
stored as orc
location "s3a://airlines-orc/airline_ontime.db/airlines"
INFO  : Semantic Analysis Completed (retrial = false)
INFO  : Returning Hive schema: Schema(fieldSchemas:null, properties:null)
INFO  : Completed compiling command(queryId=hive_20190328031357_8b9543c6-55b2-4839-a92f-9544a50a68fa); Time taken: 0.095 seconds
INFO  : Executing command(queryId=hive_20190328031357_8b9543c6-55b2-4839-a92f-9544a50a68fa): create external table if not exists airlines_external (
code string,
description string
)
stored as orc
location "s3a://airlines-orc/airline_ontime.db/airlines"
INFO  : Starting task [Stage-0:DDL] in serial mode
INFO  : Completed executing command(queryId=hive_20190328031357_8b9543c6-55b2-4839-a92f-9544a50a68fa); Time taken: 0.222 seconds
INFO  : OK
No rows affected (0.385 seconds)
0: jdbc:hive2://hiveserver2-service:10010/> 
0: jdbc:hive2://hiveserver2-service:10010/> create external table if not exists  planes_external (
. . . . . . . . . . . . . . . . . . . . . >     tailnum string,
. . . . . . . . . . . . . . . . . . . . . >     owner_type string,
. . . . . . . . . . . . . . . . . . . . . >     manufacturer string,
. . . . . . . . . . . . . . . . . . . . . >     issue_date string,
. . . . . . . . . . . . . . . . . . . . . >     model string,
. . . . . . . . . . . . . . . . . . . . . >     status string,
. . . . . . . . . . . . . . . . . . . . . >     aircraft_type string,
. . . . . . . . . . . . . . . . . . . . . >     engine_type string,
. . . . . . . . . . . . . . . . . . . . . >     year int
. . . . . . . . . . . . . . . . . . . . . > )
. . . . . . . . . . . . . . . . . . . . . > stored as orc
. . . . . . . . . . . . . . . . . . . . . > location "s3a://airlines-orc/airline _ontime.db/planes";
INFO  : Compiling command(queryId=hive_20190328031358_0376285b-33dd-477d-bc85-4768c0329939): create external table if not exists planes_external (
tailnum string,
owner_type string,
manufacturer string,
issue_date string,
model string,
status string,
aircraft_type string,
engine_type string,
year int
)
stored as orc
location "s3a://airlines-orc/airline_ontime.db/planes"
INFO  : Semantic Analysis Completed (retrial = false)
INFO  : Returning Hive schema: Schema(fieldSchemas:null, properties:null)
INFO  : Completed compiling command(queryId=hive_20190328031358_0376285b-33dd-477d-bc85-4768c0329939); Time taken: 0.041 seconds
INFO  : Executing command(queryId=hive_20190328031358_0376285b-33dd-477d-bc85-4768c0329939): create external table if not exists planes_external (
tailnum string,
owner_type string,
manufacturer string,
issue_date string,
model string,
status string,
aircraft_type string,
engine_type string,
year int
)
stored as orc
location "s3a://airlines-orc/airline_ontime.db/planes"
INFO  : Starting task [Stage-0:DDL] in serial mode
INFO  : Completed executing command(queryId=hive_20190328031358_0376285b-33dd-477d-bc85-4768c0329939); Time taken: 0.22 seconds
INFO  : OK
No rows affected (0.306 seconds)
0: jdbc:hive2://hiveserver2-service:10010/> [WARN] Failed to create directory: /home/hive/.beeline
No such file or directory
Closing: 0: jdbc:hive2://hiveserver2-service:10010/;transportMode=http;httpPath=cliservice;
++ /usr/hdp/3.0.100.0-383/hive/bin/beeline --skiphadoopversion --skiphbasecp -u 'jdbc:hive2://hiveserver2-service:10010/;transportMode=http;httpPath=cliservice;' -f ddl/airlines_managed.sql
SLF4J: Class path contains multiple SLF4J bindings.
SLF4J: Found binding in [jar:file:/usr/hdp/3.0.100.0-383/hive/lib/log4j-slf4j-impl-2.10.0.jar!/org/slf4j/impl/StaticLoggerBinder.class]
SLF4J: Found binding in [jar:file:/usr/hdp/3.0.100.0-383/hadoop/lib/slf4j-log4j12-1.7.25.jar!/org/slf4j/impl/StaticLoggerBinder.class]
SLF4J: See http://www.slf4j.org/codes.html#multiple_bindings for an explanation.
SLF4J: Actual binding is of type [org.apache.logging.slf4j.Log4jLoggerFactory]
Connecting to jdbc:hive2://hiveserver2-service:10010/;transportMode=http;httpPath=cliservice;
Connected to: Apache Hive (version 3.1.0-SNAPSHOT)
Driver: Hive JDBC (version 3.1.0.3.0.100.0-383)
Transaction isolation: TRANSACTION_REPEATABLE_READ
0: jdbc:hive2://hiveserver2-service:10010/> create database if not exists airlin e_ontime;
INFO  : Compiling command(queryId=hive_20190328031401_68a7e2a0-360c-456a-8b00-56b6ff9266fa): create database if not exists airline_ontime
INFO  : Semantic Analysis Completed (retrial = false)
INFO  : Returning Hive schema: Schema(fieldSchemas:null, properties:null)
INFO  : Completed compiling command(queryId=hive_20190328031401_68a7e2a0-360c-456a-8b00-56b6ff9266fa); Time taken: 0.039 seconds
INFO  : Executing command(queryId=hive_20190328031401_68a7e2a0-360c-456a-8b00-56b6ff9266fa): create database if not exists airline_ontime
INFO  : Starting task [Stage-0:DDL] in serial mode
INFO  : Completed executing command(queryId=hive_20190328031401_68a7e2a0-360c-456a-8b00-56b6ff9266fa); Time taken: 1.489 seconds
INFO  : OK
No rows affected (1.594 seconds)
0: jdbc:hive2://hiveserver2-service:10010/> use airline_ontime;
INFO  : Compiling command(queryId=hive_20190328031403_61db9d06-3bc0-40ba-9128-a577b381cdac): use airline_ontime
INFO  : Semantic Analysis Completed (retrial = false)
INFO  : Returning Hive schema: Schema(fieldSchemas:null, properties:null)
INFO  : Completed compiling command(queryId=hive_20190328031403_61db9d06-3bc0-40ba-9128-a577b381cdac); Time taken: 0.025 seconds
INFO  : Executing command(queryId=hive_20190328031403_61db9d06-3bc0-40ba-9128-a577b381cdac): use airline_ontime
INFO  : Starting task [Stage-0:DDL] in serial mode
INFO  : Completed executing command(queryId=hive_20190328031403_61db9d06-3bc0-40ba-9128-a577b381cdac); Time taken: 0.009 seconds
INFO  : OK
No rows affected (0.05 seconds)
0: jdbc:hive2://hiveserver2-service:10010/> set hive.exec.dynamic.partition.mode =nonstrict;
No rows affected (0.01 seconds)
0: jdbc:hive2://hiveserver2-service:10010/> 
0: jdbc:hive2://hiveserver2-service:10010/> create table if not exists flights ( 
. . . . . . . . . . . . . . . . . . . . . >   month int,
. . . . . . . . . . . . . . . . . . . . . >   dayofmonth int,
. . . . . . . . . . . . . . . . . . . . . >   dayofweek int,
. . . . . . . . . . . . . . . . . . . . . >   deptime  int,
. . . . . . . . . . . . . . . . . . . . . >   crsdeptime int,
. . . . . . . . . . . . . . . . . . . . . >   arrtime int,
. . . . . . . . . . . . . . . . . . . . . >   crsarrtime int,
. . . . . . . . . . . . . . . . . . . . . >   uniquecarrier string,
. . . . . . . . . . . . . . . . . . . . . >   flightnum int,
. . . . . . . . . . . . . . . . . . . . . >   tailnum string,
. . . . . . . . . . . . . . . . . . . . . >   actualelapsedtime int,
. . . . . . . . . . . . . . . . . . . . . >   crselapsedtime int,
. . . . . . . . . . . . . . . . . . . . . >   airtime int,
. . . . . . . . . . . . . . . . . . . . . >   arrdelay int,
. . . . . . . . . . . . . . . . . . . . . >   depdelay int,
. . . . . . . . . . . . . . . . . . . . . >   origin string,
. . . . . . . . . . . . . . . . . . . . . >   dest string,
. . . . . . . . . . . . . . . . . . . . . >   distance int,
. . . . . . . . . . . . . . . . . . . . . >   taxiin int,
. . . . . . . . . . . . . . . . . . . . . >   taxiout int,
. . . . . . . . . . . . . . . . . . . . . >   cancelled int,
. . . . . . . . . . . . . . . . . . . . . >   cancellationcode string,
. . . . . . . . . . . . . . . . . . . . . >   diverted string,
. . . . . . . . . . . . . . . . . . . . . >   carrierdelay int,
. . . . . . . . . . . . . . . . . . . . . >   weatherdelay int,
. . . . . . . . . . . . . . . . . . . . . >   nasdelay int,
. . . . . . . . . . . . . . . . . . . . . >   securitydelay int,
. . . . . . . . . . . . . . . . . . . . . >   lateaircraftdelay int
. . . . . . . . . . . . . . . . . . . . . > )
. . . . . . . . . . . . . . . . . . . . . > partitioned by (year int)
. . . . . . . . . . . . . . . . . . . . . > stored as orc;
INFO  : Compiling command(queryId=hive_20190328031403_18ed50a8-e665-4dfe-85be-c7006d43aa6e): create table if not exists flights (
month int,
dayofmonth int,
dayofweek int,
deptime  int,
crsdeptime int,
arrtime int,
crsarrtime int,
uniquecarrier string,
flightnum int,
tailnum string,
actualelapsedtime int,
crselapsedtime int,
airtime int,
arrdelay int,
depdelay int,
origin string,
dest string,
distance int,
taxiin int,
taxiout int,
cancelled int,
cancellationcode string,
diverted string,
carrierdelay int,
weatherdelay int,
nasdelay int,
securitydelay int,
lateaircraftdelay int
)
partitioned by (year int)
stored as orc
INFO  : Semantic Analysis Completed (retrial = false)
INFO  : Returning Hive schema: Schema(fieldSchemas:null, properties:null)
INFO  : Completed compiling command(queryId=hive_20190328031403_18ed50a8-e665-4dfe-85be-c7006d43aa6e); Time taken: 0.042 seconds
INFO  : Executing command(queryId=hive_20190328031403_18ed50a8-e665-4dfe-85be-c7006d43aa6e): create table if not exists flights (
month int,
dayofmonth int,
dayofweek int,
deptime  int,
crsdeptime int,
arrtime int,
crsarrtime int,
uniquecarrier string,
flightnum int,
tailnum string,
actualelapsedtime int,
crselapsedtime int,
airtime int,
arrdelay int,
depdelay int,
origin string,
dest string,
distance int,
taxiin int,
taxiout int,
cancelled int,
cancellationcode string,
diverted string,
carrierdelay int,
weatherdelay int,
nasdelay int,
securitydelay int,
lateaircraftdelay int
)
partitioned by (year int)
stored as orc
INFO  : Starting task [Stage-0:DDL] in serial mode
INFO  : Completed executing command(queryId=hive_20190328031403_18ed50a8-e665-4dfe-85be-c7006d43aa6e); Time taken: 0.782 seconds
INFO  : OK
No rows affected (0.95 seconds)
0: jdbc:hive2://hiveserver2-service:10010/> 
0: jdbc:hive2://hiveserver2-service:10010/> insert overwrite table flights selec t * from airline_ontime_external.flights_external where year in (2000);
INFO  : Compiling command(queryId=hive_20190328031404_e4a31627-75e3-49e9-8010-c371d0df25a2): insert overwrite table flights select * from airline_ontime_external.flights_external where year in (2000)
INFO  : Semantic Analysis Completed (retrial = false)
INFO  : Returning Hive schema: Schema(fieldSchemas:[FieldSchema(name:flights_external.month, type:int, comment:null), FieldSchema(name:flights_external.dayofmonth, type:int, comment:null), FieldSchema(name:flights_external.dayofweek, type:int, comment:null), FieldSchema(name:flights_external.deptime, type:int, comment:null), FieldSchema(name:flights_external.crsdeptime, type:int, comment:null), FieldSchema(name:flights_external.arrtime, type:int, comment:null), FieldSchema(name:flights_external.crsarrtime, type:int, comment:null), FieldSchema(name:flights_external.uniquecarrier, type:string, comment:null), FieldSchema(name:flights_external.flightnum, type:int, comment:null), FieldSchema(name:flights_external.tailnum, type:string, comment:null), FieldSchema(name:flights_external.actualelapsedtime, type:int, comment:null), FieldSchema(name:flights_external.crselapsedtime, type:int, comment:null), FieldSchema(name:flights_external.airtime, type:int, comment:null), FieldSchema(name:flights_external.arrdelay, type:int, comment:null), FieldSchema(name:flights_external.depdelay, type:int, comment:null), FieldSchema(name:flights_external.origin, type:string, comment:null), FieldSchema(name:flights_external.dest, type:string, comment:null), FieldSchema(name:flights_external.distance, type:int, comment:null), FieldSchema(name:flights_external.taxiin, type:int, comment:null), FieldSchema(name:flights_external.taxiout, type:int, comment:null), FieldSchema(name:flights_external.cancelled, type:int, comment:null), FieldSchema(name:flights_external.cancellationcode, type:string, comment:null), FieldSchema(name:flights_external.diverted, type:string, comment:null), FieldSchema(name:flights_external.carrierdelay, type:int, comment:null), FieldSchema(name:flights_external.weatherdelay, type:int, comment:null), FieldSchema(name:flights_external.nasdelay, type:int, comment:null), FieldSchema(name:flights_external.securitydelay, type:int, comment:null), FieldSchema(name:flights_external.lateaircraftdelay, type:int, comment:null), FieldSchema(name:flights_external.year, type:int, comment:null)], properties:null)
INFO  : Completed compiling command(queryId=hive_20190328031404_e4a31627-75e3-49e9-8010-c371d0df25a2); Time taken: 3.005 seconds
INFO  : Executing command(queryId=hive_20190328031404_e4a31627-75e3-49e9-8010-c371d0df25a2): insert overwrite table flights select * from airline_ontime_external.flights_external where year in (2000)
INFO  : Query ID = hive_20190328031404_e4a31627-75e3-49e9-8010-c371d0df25a2
INFO  : Total jobs = 1
INFO  : Launching Job 1 out of 1
INFO  : Starting task [Stage-1:MAPRED] in serial mode
INFO  : Subscribed to counters: [] for queryId: hive_20190328031404_e4a31627-75e3-49e9-8010-c371d0df25a2
INFO  : Session is already open
INFO  : Dag name: insert overwrite table flights sele...(2000) (Stage-1)
INFO  : Status: Running (Executing on YARN cluster with App id application_1553742694586_0000)

[2K----------------------------------------------------------------------------------------------
[2K[36;1m        VERTICES      MODE        STATUS  TOTAL  COMPLETED  RUNNING  PENDING  FAILED  KILLED  
[22;0m[2K----------------------------------------------------------------------------------------------
[2KMap 1                 llap       RUNNING      1          0        1        0       0       0  
Reducer 2             llap        INITED      8          0        0        8       0       0  
[2K----------------------------------------------------------------------------------------------
[2K[31;1mVERTICES: 00/02  [>>--------------------------] 0%    ELAPSED TIME: 2.56 s     
[22;0m[2K----------------------------------------------------------------------------------------------
[8A[2K----------------------------------------------------------------------------------------------
[2K[36;1m        VERTICES      MODE        STATUS  TOTAL  COMPLETED  RUNNING  PENDING  FAILED  KILLED  
[22;0m[2K----------------------------------------------------------------------------------------------
[2KMap 1                 llap       RUNNING      1          0        1        0       0       0  
Reducer 2             llap        INITED      8          0        0        8       0       0  
[2K----------------------------------------------------------------------------------------------
[2K[31;1mVERTICES: 00/02  [>>--------------------------] 0%    ELAPSED TIME: 3.07 s     
[22;0m[2K----------------------------------------------------------------------------------------------
[8A[2K----------------------------------------------------------------------------------------------
[2K[36;1m        VERTICES      MODE        STATUS  TOTAL  COMPLETED  RUNNING  PENDING  FAILED  KILLED  
[22;0m[2K----------------------------------------------------------------------------------------------
[2KMap 1                 llap       RUNNING      1          0        1        0       0       0  
Reducer 2             llap        INITED      8          0        0        8       0       0  
[2K----------------------------------------------------------------------------------------------
[2K[31;1mVERTICES: 00/02  [>>--------------------------] 0%    ELAPSED TIME: 3.57 s     
[22;0m[2K----------------------------------------------------------------------------------------------
[8A[2K----------------------------------------------------------------------------------------------
[2K[36;1m        VERTICES      MODE        STATUS  TOTAL  COMPLETED  RUNNING  PENDING  FAILED  KILLED  
[22;0m[2K----------------------------------------------------------------------------------------------
[2KMap 1                 llap       RUNNING      1          0        1        0       0       0  
Reducer 2             llap        INITED      8          0        0        8       0       0  
[2K----------------------------------------------------------------------------------------------
[2K[31;1mVERTICES: 00/02  [>>--------------------------] 0%    ELAPSED TIME: 4.58 s     
[22;0m[2K----------------------------------------------------------------------------------------------
[8A[2K----------------------------------------------------------------------------------------------
[2K[36;1m        VERTICES      MODE        STATUS  TOTAL  COMPLETED  RUNNING  PENDING  FAILED  KILLED  
[22;0m[2K----------------------------------------------------------------------------------------------
[2KMap 1                 llap       RUNNING      1          0        1        0       0       0  
Reducer 2             llap        INITED      8          0        0        8       0       0  
[2K----------------------------------------------------------------------------------------------
[2K[31;1mVERTICES: 00/02  [>>--------------------------] 0%    ELAPSED TIME: 5.58 s     
[22;0m[2K----------------------------------------------------------------------------------------------
[8A[2K----------------------------------------------------------------------------------------------
[2K[36;1m        VERTICES      MODE        STATUS  TOTAL  COMPLETED  RUNNING  PENDING  FAILED  KILLED  
[22;0m[2K----------------------------------------------------------------------------------------------
[2KMap 1                 llap       RUNNING      1          0        1        0       0       0  
Reducer 2             llap        INITED      8          0        0        8       0       0  
[2K----------------------------------------------------------------------------------------------
[2K[31;1mVERTICES: 00/02  [>>--------------------------] 0%    ELAPSED TIME: 6.59 s     
[22;0m[2K----------------------------------------------------------------------------------------------
[8A[2K----------------------------------------------------------------------------------------------
[2K[36;1m        VERTICES      MODE        STATUS  TOTAL  COMPLETED  RUNNING  PENDING  FAILED  KILLED  
[22;0m[2K----------------------------------------------------------------------------------------------
[2KMap 1                 llap       RUNNING      1          0        1        0       0       0  
Reducer 2             llap        INITED      8          0        0        8       0       0  
[2K----------------------------------------------------------------------------------------------
[2K[31;1mVERTICES: 00/02  [>>--------------------------] 0%    ELAPSED TIME: 7.59 s     
[22;0m[2K----------------------------------------------------------------------------------------------
[8A[2K----------------------------------------------------------------------------------------------
[2K[36;1m        VERTICES      MODE        STATUS  TOTAL  COMPLETED  RUNNING  PENDING  FAILED  KILLED  
[22;0m[2K----------------------------------------------------------------------------------------------
[2KMap 1                 llap       RUNNING      1          0        1        0       0       0  
Reducer 2             llap        INITED      8          0        0        8       0       0  
[2K----------------------------------------------------------------------------------------------
[2K[31;1mVERTICES: 00/02  [>>--------------------------] 0%    ELAPSED TIME: 8.60 s     
[22;0m[2K----------------------------------------------------------------------------------------------
[8A[2K----------------------------------------------------------------------------------------------
[2K[36;1m        VERTICES      MODE        STATUS  TOTAL  COMPLETED  RUNNING  PENDING  FAILED  KILLED  
[22;0m[2K----------------------------------------------------------------------------------------------
[2KMap 1                 llap       RUNNING      1          0        1        0       0       0  
Reducer 2             llap        INITED      8          0        0        8       0       0  
[2K----------------------------------------------------------------------------------------------
[2K[31;1mVERTICES: 00/02  [>>--------------------------] 0%    ELAPSED TIME: 9.60 s     
[22;0m[2K----------------------------------------------------------------------------------------------
[8A[2K----------------------------------------------------------------------------------------------
[2K[36;1m        VERTICES      MODE        STATUS  TOTAL  COMPLETED  RUNNING  PENDING  FAILED  KILLED  
[22;0m[2K----------------------------------------------------------------------------------------------
[2KMap 1                 llap       RUNNING      1          0        1        0       0       0  
Reducer 2             llap        INITED      8          0        0        8       0       0  
[2K----------------------------------------------------------------------------------------------
[2K[31;1mVERTICES: 00/02  [>>--------------------------] 0%    ELAPSED TIME: 10.60 s    
[22;0m[2K----------------------------------------------------------------------------------------------
[8A[2K----------------------------------------------------------------------------------------------
[2K[36;1m        VERTICES      MODE        STATUS  TOTAL  COMPLETED  RUNNING  PENDING  FAILED  KILLED  
[22;0m[2K----------------------------------------------------------------------------------------------
[2KMap 1                 llap       RUNNING      1          0        1        0       0       0  
Reducer 2             llap        INITED      8          0        0        8       0       0  
[2K----------------------------------------------------------------------------------------------
[2K[31;1mVERTICES: 00/02  [>>--------------------------] 0%    ELAPSED TIME: 11.61 s    
[22;0m[2K----------------------------------------------------------------------------------------------
[8A[2K----------------------------------------------------------------------------------------------
[2K[36;1m        VERTICES      MODE        STATUS  TOTAL  COMPLETED  RUNNING  PENDING  FAILED  KILLED  
[22;0m[2K----------------------------------------------------------------------------------------------
[2KMap 1                 llap       RUNNING      1          0        1        0       0       0  
Reducer 2             llap        INITED      8          0        0        8       0       0  
[2K----------------------------------------------------------------------------------------------
[2K[31;1mVERTICES: 00/02  [>>--------------------------] 0%    ELAPSED TIME: 12.62 s    
[22;0m[2K----------------------------------------------------------------------------------------------
[8A[2K----------------------------------------------------------------------------------------------
[2K[36;1m        VERTICES      MODE        STATUS  TOTAL  COMPLETED  RUNNING  PENDING  FAILED  KILLED  
[22;0m[2K----------------------------------------------------------------------------------------------
[2KMap 1                 llap       RUNNING      1          0        1        0       0       0  
Reducer 2             llap        INITED      8          0        0        8       0       0  
[2K----------------------------------------------------------------------------------------------
[2K[31;1mVERTICES: 00/02  [>>--------------------------] 0%    ELAPSED TIME: 13.62 s    
[22;0m[2K----------------------------------------------------------------------------------------------
[8A[2K----------------------------------------------------------------------------------------------
[2K[36;1m        VERTICES      MODE        STATUS  TOTAL  COMPLETED  RUNNING  PENDING  FAILED  KILLED  
[22;0m[2K----------------------------------------------------------------------------------------------
[2KMap 1                 llap       RUNNING      1          0        1        0       0       0  
Reducer 2             llap        INITED      8          0        0        8       0       0  
[2K----------------------------------------------------------------------------------------------
[2K[31;1mVERTICES: 00/02  [>>--------------------------] 0%    ELAPSED TIME: 15.12 s    
[22;0m[2K----------------------------------------------------------------------------------------------
[8A[2K----------------------------------------------------------------------------------------------
[2K[36;1m        VERTICES      MODE        STATUS  TOTAL  COMPLETED  RUNNING  PENDING  FAILED  KILLED  
[22;0m[2K----------------------------------------------------------------------------------------------
[2KMap 1                 llap       RUNNING      1          0        1        0       0       0  
Reducer 2             llap        INITED      8          0        0        8       0       0  
[2K----------------------------------------------------------------------------------------------
[2K[31;1mVERTICES: 00/02  [>>--------------------------] 0%    ELAPSED TIME: 16.63 s    
[22;0m[2K----------------------------------------------------------------------------------------------
[8A[2K----------------------------------------------------------------------------------------------
[2K[36;1m        VERTICES      MODE        STATUS  TOTAL  COMPLETED  RUNNING  PENDING  FAILED  KILLED  
[22;0m[2K----------------------------------------------------------------------------------------------
[2KMap 1                 llap       RUNNING      1          0        1        0       0       0  
Reducer 2             llap        INITED      8          0        0        8       0       0  
[2K----------------------------------------------------------------------------------------------
[2K[31;1mVERTICES: 00/02  [>>--------------------------] 0%    ELAPSED TIME: 18.13 s    
[22;0m[2K----------------------------------------------------------------------------------------------
[8A[2K----------------------------------------------------------------------------------------------
[2K[36;1m        VERTICES      MODE        STATUS  TOTAL  COMPLETED  RUNNING  PENDING  FAILED  KILLED  
[22;0m[2K----------------------------------------------------------------------------------------------
[2KMap 1                 llap       RUNNING      1          0        1        0       0       0  
Reducer 2             llap        INITED      8          0        0        8       0       0  
[2K----------------------------------------------------------------------------------------------
[2K[31;1mVERTICES: 00/02  [>>--------------------------] 0%    ELAPSED TIME: 19.64 s    
[22;0m[2K----------------------------------------------------------------------------------------------
[8A[2K----------------------------------------------------------------------------------------------
[2K[36;1m        VERTICES      MODE        STATUS  TOTAL  COMPLETED  RUNNING  PENDING  FAILED  KILLED  
[22;0m[2K----------------------------------------------------------------------------------------------
[2KMap 1                 llap       RUNNING      1          0        1        0       0       0  
Reducer 2             llap        INITED      8          0        0        8       0       0  
[2K----------------------------------------------------------------------------------------------
[2K[31;1mVERTICES: 00/02  [>>--------------------------] 0%    ELAPSED TIME: 21.14 s    
[22;0m[2K----------------------------------------------------------------------------------------------
[8A[2K----------------------------------------------------------------------------------------------
[2K[36;1m        VERTICES      MODE        STATUS  TOTAL  COMPLETED  RUNNING  PENDING  FAILED  KILLED  
[22;0m[2K----------------------------------------------------------------------------------------------
[2KMap 1                 llap       RUNNING      1          0        1        0       0       0  
Reducer 2             llap        INITED      8          0        0        8       0       0  
[2K----------------------------------------------------------------------------------------------
[2K[31;1mVERTICES: 00/02  [>>--------------------------] 0%    ELAPSED TIME: 22.65 s    
[22;0m[2K----------------------------------------------------------------------------------------------
[8A[2K----------------------------------------------------------------------------------------------
[2K[36;1m        VERTICES      MODE        STATUS  TOTAL  COMPLETED  RUNNING  PENDING  FAILED  KILLED  
[22;0m[2K----------------------------------------------------------------------------------------------
[2KMap 1                 llap       RUNNING      1          0        1        0       0       0  
Reducer 2             llap        INITED      8          0        0        8       0       0  
[2K----------------------------------------------------------------------------------------------
[2K[31;1mVERTICES: 00/02  [>>--------------------------] 0%    ELAPSED TIME: 24.15 s    
[22;0m[2K----------------------------------------------------------------------------------------------
[8A[2K----------------------------------------------------------------------------------------------
[2K[36;1m        VERTICES      MODE        STATUS  TOTAL  COMPLETED  RUNNING  PENDING  FAILED  KILLED  
[22;0m[2K----------------------------------------------------------------------------------------------
[2KMap 1                 llap       RUNNING      1          0        1        0       0       0  
Reducer 2             llap        INITED      8          0        0        8       0       0  
[2K----------------------------------------------------------------------------------------------
[2K[31;1mVERTICES: 00/02  [>>--------------------------] 0%    ELAPSED TIME: 26.16 s    
[22;0m[2K----------------------------------------------------------------------------------------------
[8A[2K----------------------------------------------------------------------------------------------
[2K[36;1m        VERTICES      MODE        STATUS  TOTAL  COMPLETED  RUNNING  PENDING  FAILED  KILLED  
[22;0m[2K----------------------------------------------------------------------------------------------
[2KMap 1                 llap       RUNNING      1          0        1        0       0       0  
Reducer 2             llap        INITED      8          0        0        8       0       0  
[2K----------------------------------------------------------------------------------------------
[2K[31;1mVERTICES: 00/02  [>>--------------------------] 0%    ELAPSED TIME: 28.16 s    
[22;0m[2K----------------------------------------------------------------------------------------------
[8A[2K----------------------------------------------------------------------------------------------
[2K[36;1m        VERTICES      MODE        STATUS  TOTAL  COMPLETED  RUNNING  PENDING  FAILED  KILLED  
[22;0m[2K----------------------------------------------------------------------------------------------
[2KMap 1                 llap       RUNNING      1          0        1        0       0       0  
Reducer 2             llap        INITED      8          0        0        8       0       0  
[2K----------------------------------------------------------------------------------------------
[2K[31;1mVERTICES: 00/02  [>>--------------------------] 0%    ELAPSED TIME: 30.16 s    
[22;0m[2K----------------------------------------------------------------------------------------------
[8A[2K----------------------------------------------------------------------------------------------
[2K[36;1m        VERTICES      MODE        STATUS  TOTAL  COMPLETED  RUNNING  PENDING  FAILED  KILLED  
[22;0m[2K----------------------------------------------------------------------------------------------
[2KMap 1                 llap       RUNNING      1          0        1        0       0       0  
Reducer 2             llap        INITED      8          0        0        8       0       0  
[2K----------------------------------------------------------------------------------------------
[2K[31;1mVERTICES: 00/02  [>>--------------------------] 0%    ELAPSED TIME: 32.17 s    
[22;0m[2K----------------------------------------------------------------------------------------------
[8A[2K----------------------------------------------------------------------------------------------
[2K[36;1m        VERTICES      MODE        STATUS  TOTAL  COMPLETED  RUNNING  PENDING  FAILED  KILLED  
[22;0m[2K----------------------------------------------------------------------------------------------
[2KMap 1                 llap       RUNNING      1          0        1        0       0       0  
Reducer 2             llap        INITED      8          0        0        8       0       0  
[2K----------------------------------------------------------------------------------------------
[2K[31;1mVERTICES: 00/02  [>>--------------------------] 0%    ELAPSED TIME: 34.17 s    
[22;0m[2K----------------------------------------------------------------------------------------------
[8A[2K----------------------------------------------------------------------------------------------
[2K[36;1m        VERTICES      MODE        STATUS  TOTAL  COMPLETED  RUNNING  PENDING  FAILED  KILLED  
[22;0m[2K----------------------------------------------------------------------------------------------
[2KMap 1                 llap       RUNNING      1          0        1        0       0       0  
Reducer 2             llap        INITED      8          0        0        8       0       0  
[2K----------------------------------------------------------------------------------------------
[2K[31;1mVERTICES: 00/02  [>>--------------------------] 0%    ELAPSED TIME: 36.68 s    
[22;0m[2K----------------------------------------------------------------------------------------------
[8A[2K----------------------------------------------------------------------------------------------
[2K[36;1m        VERTICES      MODE        STATUS  TOTAL  COMPLETED  RUNNING  PENDING  FAILED  KILLED  
[22;0m[2K----------------------------------------------------------------------------------------------
[2KMap 1                 llap       RUNNING      1          0        1        0       0       0  
Reducer 2             llap        INITED      8          0        0        8       0       0  
[2K----------------------------------------------------------------------------------------------
[2K[31;1mVERTICES: 00/02  [>>--------------------------] 0%    ELAPSED TIME: 39.18 s    
[22;0m[2K----------------------------------------------------------------------------------------------
[8A[2K----------------------------------------------------------------------------------------------
[2K[36;1m        VERTICES      MODE        STATUS  TOTAL  COMPLETED  RUNNING  PENDING  FAILED  KILLED  
[22;0m[2K----------------------------------------------------------------------------------------------
[2KMap 1                 llap       RUNNING      1          0        1        0       0       0  
Reducer 2             llap        INITED      8          0        0        8       0       0  
[2K----------------------------------------------------------------------------------------------
[2K[31;1mVERTICES: 00/02  [>>--------------------------] 0%    ELAPSED TIME: 41.69 s    
[22;0m[2K----------------------------------------------------------------------------------------------
[8A[2K----------------------------------------------------------------------------------------------
[2K[36;1m        VERTICES      MODE        STATUS  TOTAL  COMPLETED  RUNNING  PENDING  FAILED  KILLED  
[22;0m[2K----------------------------------------------------------------------------------------------
[2KMap 1                 llap       RUNNING      1          0        1        0       0       0  
Reducer 2             llap        INITED      8          0        0        8       0       0  
[2K----------------------------------------------------------------------------------------------
[2K[31;1mVERTICES: 00/02  [>>--------------------------] 0%    ELAPSED TIME: 44.19 s    
[22;0m[2K----------------------------------------------------------------------------------------------
[8A[2K----------------------------------------------------------------------------------------------
[2K[36;1m        VERTICES      MODE        STATUS  TOTAL  COMPLETED  RUNNING  PENDING  FAILED  KILLED  
[22;0m[2K----------------------------------------------------------------------------------------------
[2KMap 1                 llap       RUNNING      1          0        1        0       0       0  
Reducer 2             llap        INITED      8          0        0        8       0       0  
[2K----------------------------------------------------------------------------------------------
[2K[31;1mVERTICES: 00/02  [>>--------------------------] 0%    ELAPSED TIME: 47.19 s    
[22;0m[2K----------------------------------------------------------------------------------------------
