+ cd /airlines-data
+ . load.sh
++ set -x
++ HS2_SERVICE=hiveserver2-service
++ HS2_PORT=10010
++ BEELINE_CONNECTION_URL='jdbc:hive2://hiveserver2-service:10010/;transportMode=http;httpPath=cliservice;'
++ [[ -z '' ]]
++ echo 'HS2_AUTH_USER env is not set. Skipping auth..'
++ [[ -z '' ]]
++ echo 'HS2_AUTH_PASSWORD env is not set. Skipping auth..'
HS2_AUTH_USER env is not set. Skipping auth..
HS2_AUTH_PASSWORD env is not set. Skipping auth..
Waiting for hiveserver2-service to launch on 10010..
++ echo 'Waiting for hiveserver2-service to launch on 10010..'
++ nc -zv -w 5 hiveserver2-service 10010
nc: connect to hiveserver2-service port 10010 (tcp) timed out: Operation now in progress
++ sleep 10
++ echo 'Waiting for hiveserver2-service to launch on 10010..'
++ nc -zv -w 5 hiveserver2-service 10010
Waiting for hiveserver2-service to launch on 10010..
nc: connect to hiveserver2-service port 10010 (tcp) timed out: Operation now in progress
++ sleep 10
Waiting for hiveserver2-service to launch on 10010..
++ echo 'Waiting for hiveserver2-service to launch on 10010..'
++ nc -zv -w 5 hiveserver2-service 10010
nc: connect to hiveserver2-service port 10010 (tcp) timed out: Operation now in progress
++ sleep 10
++ echo 'Waiting for hiveserver2-service to launch on 10010..'
++ nc -zv -w 5 hiveserver2-service 10010
Waiting for hiveserver2-service to launch on 10010..
nc: connect to hiveserver2-service port 10010 (tcp) timed out: Operation now in progress
++ sleep 10
++ echo 'Waiting for hiveserver2-service to launch on 10010..'
++ nc -zv -w 5 hiveserver2-service 10010
Waiting for hiveserver2-service to launch on 10010..
nc: connect to hiveserver2-service port 10010 (tcp) timed out: Operation now in progress
++ sleep 10
Waiting for hiveserver2-service to launch on 10010..
++ echo 'Waiting for hiveserver2-service to launch on 10010..'
++ nc -zv -w 5 hiveserver2-service 10010
nc: connect to hiveserver2-service port 10010 (tcp) timed out: Operation now in progress
++ sleep 10
Waiting for hiveserver2-service to launch on 10010..
++ echo 'Waiting for hiveserver2-service to launch on 10010..'
++ nc -zv -w 5 hiveserver2-service 10010
nc: connect to hiveserver2-service port 10010 (tcp) timed out: Operation now in progress
++ sleep 10
Waiting for hiveserver2-service to launch on 10010..
++ echo 'Waiting for hiveserver2-service to launch on 10010..'
++ nc -zv -w 5 hiveserver2-service 10010
nc: connect to hiveserver2-service port 10010 (tcp) timed out: Operation now in progress
++ sleep 10
Waiting for hiveserver2-service to launch on 10010..
++ echo 'Waiting for hiveserver2-service to launch on 10010..'
++ nc -zv -w 5 hiveserver2-service 10010
