<14>1 2019-01-09T16:17:17.086-08:00 localhost hs2-k8s 18643 883d82b8-bf79-11e8-be1b-029a6cb2d89e [mdc@18060 class="conf.HiveConf" level="INFO" thread="main"] Found configuration file file:/work/configs/hive/local/hive-site.xml
<12>1 2019-01-09T16:17:17.451-08:00 localhost hs2-k8s 18643 883d82b8-bf79-11e8-be1b-029a6cb2d89e [mdc@18060 class="util.NativeCodeLoader" level="WARN" thread="main"] Unable to load native-hadoop library for your platform... using builtin-java classes where applicable
<12>1 2019-01-09T16:17:17.534-08:00 localhost hs2-k8s 18643 883d82b8-bf79-11e8-be1b-029a6cb2d89e [mdc@18060 class="conf.HiveConf" level="WARN" thread="main"] HiveConf of name hive.enforce.sorting does not exist
<12>1 2019-01-09T16:17:17.535-08:00 localhost hs2-k8s 18643 883d82b8-bf79-11e8-be1b-029a6cb2d89e [mdc@18060 class="conf.HiveConf" level="WARN" thread="main"] HiveConf of name hive.enforce.bucketing does not exist
<12>1 2019-01-09T16:17:17.671-08:00 localhost hs2-k8s 18643 883d82b8-bf79-11e8-be1b-029a6cb2d89e [mdc@18060 class="conf.HiveConf" level="WARN" thread="main"] HiveConf of name hive.enforce.sorting does not exist
<12>1 2019-01-09T16:17:17.672-08:00 localhost hs2-k8s 18643 883d82b8-bf79-11e8-be1b-029a6cb2d89e [mdc@18060 class="conf.HiveConf" level="WARN" thread="main"] HiveConf of name hive.enforce.bucketing does not exist
<14>1 2019-01-09T16:17:17.682-08:00 localhost hs2-k8s 18643 883d82b8-bf79-11e8-be1b-029a6cb2d89e [mdc@18060 class="SessionState" level="INFO" thread="main"] Hive Session ID = f279f359-2e2e-4223-8731-92fdc0db26c3
<14>1 2019-01-09T16:17:17.787-08:00 localhost hs2-k8s 18643 883d82b8-bf79-11e8-be1b-029a6cb2d89e [mdc@18060 class="SessionState" level="INFO" thread="main"] \nLogging initialized using configuration in file:/work/configs/hive/local/hive-log4j2.properties Async: true
<14>1 2019-01-09T16:17:18.169-08:00 localhost hs2-k8s 18643 883d82b8-bf79-11e8-be1b-029a6cb2d89e [mdc@18060 class="session.SessionState" level="INFO" thread="main"] Created HDFS directory: /tmp/hive/pjayachandran/f279f359-2e2e-4223-8731-92fdc0db26c3
<14>1 2019-01-09T16:17:18.178-08:00 localhost hs2-k8s 18643 883d82b8-bf79-11e8-be1b-029a6cb2d89e [mdc@18060 class="session.SessionState" level="INFO" thread="main"] Created local directory: /var/folders/2w/4x52xg597k50_bt27x3_k9tw0000gs/T/pjayachandran/f279f359-2e2e-4223-8731-92fdc0db26c3
<14>1 2019-01-09T16:17:18.187-08:00 localhost hs2-k8s 18643 883d82b8-bf79-11e8-be1b-029a6cb2d89e [mdc@18060 class="session.SessionState" level="INFO" thread="main"] Created HDFS directory: /tmp/hive/pjayachandran/f279f359-2e2e-4223-8731-92fdc0db26c3/_tmp_space.db
<14>1 2019-01-09T16:17:18.205-08:00 localhost hs2-k8s 18643 883d82b8-bf79-11e8-be1b-029a6cb2d89e [mdc@18060 class="tez.TezSessionState" level="INFO" thread="main"] User of session id f279f359-2e2e-4223-8731-92fdc0db26c3 is pjayachandran
<14>1 2019-01-09T16:17:18.225-08:00 localhost hs2-k8s 18643 883d82b8-bf79-11e8-be1b-029a6cb2d89e [mdc@18060 class="tez.TezSessionState" level="INFO" thread="main"] Created new resources: null
<14>1 2019-01-09T16:17:18.227-08:00 localhost hs2-k8s 18643 883d82b8-bf79-11e8-be1b-029a6cb2d89e [mdc@18060 class="tez.DagUtils" level="INFO" thread="main"] Jar dir is null / directory doesn't exist. Choosing HIVE_INSTALL_DIR - file:/tmp/pjayachandran/.hiveJars
<14>1 2019-01-09T16:17:18.558-08:00 localhost hs2-k8s 18643 883d82b8-bf79-11e8-be1b-029a6cb2d89e [mdc@18060 class="tez.TezSessionState" level="INFO" thread="main"] Computed sha: 111ffa18ee17e9ebdced9af1ff31908d85e53d8d107f69e714cba30549efe174 for file: file:/work/hive/hive-git/packaging/target/apache-hive-4.0.0-SNAPSHOT-bin/apache-hive-4.0.0-SNAPSHOT-bin/lib/hive-exec-4.0.0-SNAPSHOT.jar of length: 41.40MB in 320 ms
<14>1 2019-01-09T16:17:18.584-08:00 localhost hs2-k8s 18643 883d82b8-bf79-11e8-be1b-029a6cb2d89e [mdc@18060 class="tez.DagUtils" level="INFO" thread="main"] Resource modification time: 1547021126000 for file:/tmp/pjayachandran/.hiveJars/hive-exec-4.0.0-SNAPSHOT-111ffa18ee17e9ebdced9af1ff31908d85e53d8d107f69e714cba30549efe174.jar
<14>1 2019-01-09T16:17:18.622-08:00 localhost hs2-k8s 18643 883d82b8-bf79-11e8-be1b-029a6cb2d89e [mdc@18060 class="tez.TezSessionState" level="INFO" thread="main"] Config: mr(unset):mapreduce.task.io.sort.mb, mr initial value=100, tez(original):tez.runtime.io.sort.mb=null, tez(final):tez.runtime.io.sort.mb=100
<14>1 2019-01-09T16:17:18.622-08:00 localhost hs2-k8s 18643 883d82b8-bf79-11e8-be1b-029a6cb2d89e [mdc@18060 class="tez.TezSessionState" level="INFO" thread="main"] Config: mr(unset):mapreduce.reduce.shuffle.read.timeout, mr initial value=180000, tez(original):tez.runtime.shuffle.read.timeout=null, tez(final):tez.runtime.shuffle.read.timeout=180000
<14>1 2019-01-09T16:17:18.622-08:00 localhost hs2-k8s 18643 883d82b8-bf79-11e8-be1b-029a6cb2d89e [mdc@18060 class="tez.TezSessionState" level="INFO" thread="main"] Config: mr(unset):mapreduce.ifile.readahead.bytes, mr initial value=4194304, tez(original):tez.runtime.ifile.readahead.bytes=null, tez(final):tez.runtime.ifile.readahead.bytes=4194304
<14>1 2019-01-09T16:17:18.622-08:00 localhost hs2-k8s 18643 883d82b8-bf79-11e8-be1b-029a6cb2d89e [mdc@18060 class="tez.TezSessionState" level="INFO" thread="main"] Config: mr(unset):mapreduce.shuffle.ssl.enabled, mr initial value=false, tez(original):tez.runtime.shuffle.ssl.enable=null, tez(final):tez.runtime.shuffle.ssl.enable=false
<14>1 2019-01-09T16:17:18.622-08:00 localhost hs2-k8s 18643 883d82b8-bf79-11e8-be1b-029a6cb2d89e [mdc@18060 class="tez.TezSessionState" level="INFO" thread="main"] Config: mr(unset):mapreduce.map.sort.spill.percent, mr initial value=0.80, tez(original):tez.runtime.sort.spill.percent=null, tez(final):tez.runtime.sort.spill.percent=0.80
<14>1 2019-01-09T16:17:18.622-08:00 localhost hs2-k8s 18643 883d82b8-bf79-11e8-be1b-029a6cb2d89e [mdc@18060 class="tez.TezSessionState" level="INFO" thread="main"] Config: mr(unset):mapreduce.ifile.readahead, mr initial value=true, tez(original):tez.runtime.ifile.readahead=null, tez(final):tez.runtime.ifile.readahead=true
<14>1 2019-01-09T16:17:18.622-08:00 localhost hs2-k8s 18643 883d82b8-bf79-11e8-be1b-029a6cb2d89e [mdc@18060 class="tez.TezSessionState" level="INFO" thread="main"] Config: mr(unset):mapreduce.reduce.shuffle.merge.percent, mr initial value=0.66, tez(original):tez.runtime.shuffle.merge.percent=null, tez(final):tez.runtime.shuffle.merge.percent=0.66
<14>1 2019-01-09T16:17:18.622-08:00 localhost hs2-k8s 18643 883d82b8-bf79-11e8-be1b-029a6cb2d89e [mdc@18060 class="tez.TezSessionState" level="INFO" thread="main"] Config: mr(unset):mapreduce.reduce.shuffle.parallelcopies, mr initial value=5, tez(original):tez.runtime.shuffle.parallel.copies=null, tez(final):tez.runtime.shuffle.parallel.copies=5
<14>1 2019-01-09T16:17:18.622-08:00 localhost hs2-k8s 18643 883d82b8-bf79-11e8-be1b-029a6cb2d89e [mdc@18060 class="tez.TezSessionState" level="INFO" thread="main"] Config: mr(unset):mapreduce.job.reduce.slowstart.completedmaps, mr initial value=0.05, tez(original):tez.shuffle-vertex-manager.min-src-fraction=null, tez(final):tez.shuffle-vertex-manager.min-src-fraction=0.05
<14>1 2019-01-09T16:17:18.622-08:00 localhost hs2-k8s 18643 883d82b8-bf79-11e8-be1b-029a6cb2d89e [mdc@18060 class="tez.TezSessionState" level="INFO" thread="main"] Config: mr(unset):mapreduce.reduce.shuffle.memory.limit.percent, mr initial value=0.25, tez(original):tez.runtime.shuffle.memory.limit.percent=null, tez(final):tez.runtime.shuffle.memory.limit.percent=0.25
<14>1 2019-01-09T16:17:18.622-08:00 localhost hs2-k8s 18643 883d82b8-bf79-11e8-be1b-029a6cb2d89e [mdc@18060 class="tez.TezSessionState" level="INFO" thread="main"] Config: mr(unset):mapreduce.task.io.sort.factor, mr initial value=10, tez(original):tez.runtime.io.sort.factor=null, tez(final):tez.runtime.io.sort.factor=10
<14>1 2019-01-09T16:17:18.622-08:00 localhost hs2-k8s 18643 883d82b8-bf79-11e8-be1b-029a6cb2d89e [mdc@18060 class="tez.TezSessionState" level="INFO" thread="main"] Config: mr(unset):mapreduce.map.output.compress, mr initial value=false, tez(original):tez.runtime.compress=null, tez(final):tez.runtime.compress=false
<14>1 2019-01-09T16:17:18.622-08:00 localhost hs2-k8s 18643 883d82b8-bf79-11e8-be1b-029a6cb2d89e [mdc@18060 class="tez.TezSessionState" level="INFO" thread="main"] Config: mr(unset):mapreduce.reduce.shuffle.connect.timeout, mr initial value=180000, tez(original):tez.runtime.shuffle.connect.timeout=null, tez(final):tez.runtime.shuffle.connect.timeout=180000
<14>1 2019-01-09T16:17:18.622-08:00 localhost hs2-k8s 18643 883d82b8-bf79-11e8-be1b-029a6cb2d89e [mdc@18060 class="tez.TezSessionState" level="INFO" thread="main"] Config: mr(unset):mapreduce.reduce.input.buffer.percent, mr initial value=0.0, tez(original):tez.runtime.task.input.post-merge.buffer.percent=null, tez(final):tez.runtime.task.input.post-merge.buffer.percent=0.0
<14>1 2019-01-09T16:17:18.622-08:00 localhost hs2-k8s 18643 883d82b8-bf79-11e8-be1b-029a6cb2d89e [mdc@18060 class="tez.TezSessionState" level="INFO" thread="main"] Config: mr(unset):mapreduce.map.output.compress.codec, mr initial value=org.apache.hadoop.io.compress.DefaultCodec, tez(original):tez.runtime.compress.codec=null, tez(final):tez.runtime.compress.codec=org.apache.hadoop.io.compress.DefaultCodec
<14>1 2019-01-09T16:17:18.622-08:00 localhost hs2-k8s 18643 883d82b8-bf79-11e8-be1b-029a6cb2d89e [mdc@18060 class="tez.TezSessionState" level="INFO" thread="main"] Config: mr(unset):mapreduce.task.merge.progress.records, mr initial value=10000, tez(original):tez.runtime.merge.progress.records=null, tez(final):tez.runtime.merge.progress.records=10000
<14>1 2019-01-09T16:17:18.622-08:00 localhost hs2-k8s 18643 883d82b8-bf79-11e8-be1b-029a6cb2d89e [mdc@18060 class="tez.TezSessionState" level="INFO" thread="main"] Config: mr(unset):map.sort.class, mr initial value=org.apache.hadoop.util.QuickSort, tez(original):tez.runtime.internal.sorter.class=null, tez(final):tez.runtime.internal.sorter.class=org.apache.hadoop.util.QuickSort
<14>1 2019-01-09T16:17:18.622-08:00 localhost hs2-k8s 18643 883d82b8-bf79-11e8-be1b-029a6cb2d89e [mdc@18060 class="tez.TezSessionState" level="INFO" thread="main"] Config: mr(unset):mapreduce.reduce.shuffle.input.buffer.percent, mr initial value=0.70, tez(original):tez.runtime.shuffle.fetch.buffer.percent=null, tez(final):tez.runtime.shuffle.fetch.buffer.percent=0.70
<14>1 2019-01-09T16:17:18.622-08:00 localhost hs2-k8s 18643 883d82b8-bf79-11e8-be1b-029a6cb2d89e [mdc@18060 class="tez.TezSessionState" level="INFO" thread="main"] Config: mr(unset):mapreduce.job.maxtaskfailures.per.tracker, mr initial value=3, tez(original):tez.am.maxtaskfailures.per.node=null, tez(final):tez.am.maxtaskfailures.per.node=3
<14>1 2019-01-09T16:17:18.622-08:00 localhost hs2-k8s 18643 883d82b8-bf79-11e8-be1b-029a6cb2d89e [mdc@18060 class="tez.TezSessionState" level="INFO" thread="main"] Config: mr(unset):mapreduce.task.timeout, mr initial value=600000, tez(original):tez.task.timeout-ms=null, tez(final):tez.task.timeout-ms=600000
<14>1 2019-01-09T16:17:18.622-08:00 localhost hs2-k8s 18643 883d82b8-bf79-11e8-be1b-029a6cb2d89e [mdc@18060 class="tez.TezSessionState" level="INFO" thread="main"] Config: mr(unset):mapreduce.job.counters.max, mr initial value=120, tez(original):tez.counters.max=null, tez(final):tez.counters.max=120
<14>1 2019-01-09T16:17:18.622-08:00 localhost hs2-k8s 18643 883d82b8-bf79-11e8-be1b-029a6cb2d89e [mdc@18060 class="tez.TezSessionState" level="INFO" thread="main"] Config: mr(unset):mapreduce.job.queuename, mr initial value=default, tez(original):tez.queue.name=default, tez(final):tez.queue.name=default
<14>1 2019-01-09T16:17:18.622-08:00 localhost hs2-k8s 18643 883d82b8-bf79-11e8-be1b-029a6cb2d89e [mdc@18060 class="tez.TezSessionState" level="INFO" thread="main"] Config: mr(unset):yarn.app.mapreduce.am.job.task.listener.thread-count, mr initial value=30, tez(original):tez.am.task.listener.thread-count=null, tez(final):tez.am.task.listener.thread-count=30
<14>1 2019-01-09T16:17:18.712-08:00 localhost hs2-k8s 18643 883d82b8-bf79-11e8-be1b-029a6cb2d89e [mdc@18060 class="sqlstd.SQLStdHiveAccessController" level="INFO" thread="main"] Created SQLStdHiveAccessController for session context : HiveAuthzSessionContext [sessionString=f279f359-2e2e-4223-8731-92fdc0db26c3, clientType=HIVECLI]
<14>1 2019-01-09T16:17:19.586-08:00 localhost hs2-k8s 18643 883d82b8-bf79-11e8-be1b-029a6cb2d89e [mdc@18060 class="metastore.HiveMetaStore" level="INFO" thread="main"] 0: Opening raw store with implementation class:org.apache.hadoop.hive.metastore.ObjectStore
<12>1 2019-01-09T16:17:19.618-08:00 localhost hs2-k8s 18643 883d82b8-bf79-11e8-be1b-029a6cb2d89e [mdc@18060 class="metastore.PersistenceManagerProvider" level="WARN" thread="main"] datanucleus.autoStartMechanismMode is set to unsupported value null . Setting it to value: ignored
<14>1 2019-01-09T16:17:19.623-08:00 localhost hs2-k8s 18643 883d82b8-bf79-11e8-be1b-029a6cb2d89e [mdc@18060 class="metastore.PersistenceManagerProvider" level="INFO" thread="main"] Updating the pmf due to property change
<14>1 2019-01-09T16:17:19.623-08:00 localhost hs2-k8s 18643 883d82b8-bf79-11e8-be1b-029a6cb2d89e [mdc@18060 class="metastore.PersistenceManagerProvider" level="INFO" thread="main"] Current pmf properties are uninitialized
<14>1 2019-01-09T16:17:19.936-08:00 localhost hs2-k8s 18643 883d82b8-bf79-11e8-be1b-029a6cb2d89e [mdc@18060 class="hikari.HikariDataSource" level="INFO" thread="main"] HikariPool-1 - Starting...
<14>1 2019-01-09T16:17:20.210-08:00 localhost hs2-k8s 18643 883d82b8-bf79-11e8-be1b-029a6cb2d89e [mdc@18060 class="hikari.HikariDataSource" level="INFO" thread="main"] HikariPool-1 - Start completed.
<14>1 2019-01-09T16:17:20.245-08:00 localhost hs2-k8s 18643 883d82b8-bf79-11e8-be1b-029a6cb2d89e [mdc@18060 class="hikari.HikariDataSource" level="INFO" thread="main"] HikariPool-2 - Starting...
<14>1 2019-01-09T16:17:20.265-08:00 localhost hs2-k8s 18643 883d82b8-bf79-11e8-be1b-029a6cb2d89e [mdc@18060 class="hikari.HikariDataSource" level="INFO" thread="main"] HikariPool-2 - Start completed.
<14>1 2019-01-09T16:17:20.307-08:00 localhost hs2-k8s 18643 883d82b8-bf79-11e8-be1b-029a6cb2d89e [mdc@18060 class="metastore.PersistenceManagerProvider" level="INFO" thread="main"] Setting MetaStore object pin classes with hive.metastore.cache.pinobjtypes="Table,StorageDescriptor,SerDeInfo,Partition,Database,Type,FieldSchema,Order"
<14>1 2019-01-09T16:17:20.307-08:00 localhost hs2-k8s 18643 883d82b8-bf79-11e8-be1b-029a6cb2d89e [mdc@18060 class="metastore.ObjectStore" level="INFO" thread="main"] RawStore: org.apache.hadoop.hive.metastore.ObjectStore@7a3269f5, with PersistenceManager: null will be shutdown
<14>1 2019-01-09T16:17:20.327-08:00 localhost hs2-k8s 18643 883d82b8-bf79-11e8-be1b-029a6cb2d89e [mdc@18060 class="metastore.ObjectStore" level="INFO" thread="main"] RawStore: org.apache.hadoop.hive.metastore.ObjectStore@7a3269f5, with PersistenceManager: org.datanucleus.api.jdo.JDOPersistenceManager@1b482cbf created in the thread with id: 1
<14>1 2019-01-09T16:17:24.034-08:00 localhost hs2-k8s 18643 883d82b8-bf79-11e8-be1b-029a6cb2d89e [mdc@18060 class="metastore.HiveMetaStore" level="INFO" thread="main"] Created RawStore: org.apache.hadoop.hive.metastore.ObjectStore@7a3269f5 from thread id: 1
<14>1 2019-01-09T16:17:24.083-08:00 localhost hs2-k8s 18643 883d82b8-bf79-11e8-be1b-029a6cb2d89e [mdc@18060 class="metastore.HiveMetaStore" level="INFO" thread="main"] Added admin role in metastore
<14>1 2019-01-09T16:17:24.086-08:00 localhost hs2-k8s 18643 883d82b8-bf79-11e8-be1b-029a6cb2d89e [mdc@18060 class="metastore.HiveMetaStore" level="INFO" thread="main"] Added public role in metastore
<14>1 2019-01-09T16:17:24.109-08:00 localhost hs2-k8s 18643 883d82b8-bf79-11e8-be1b-029a6cb2d89e [mdc@18060 class="metastore.HiveMetaStore" level="INFO" thread="main"] No user is added in admin role, since config is empty
<14>1 2019-01-09T16:17:24.250-08:00 localhost hs2-k8s 18643 883d82b8-bf79-11e8-be1b-029a6cb2d89e [mdc@18060 class="metastore.RetryingMetaStoreClient" level="INFO" thread="main"] RetryingMetaStoreClient proxy=class org.apache.hadoop.hive.ql.metadata.SessionHiveMetaStoreClient ugi=pjayachandran (auth:SIMPLE) retries=1 delay=1 lifetime=0
<14>1 2019-01-09T16:17:24.279-08:00 localhost hs2-k8s 18643 883d82b8-bf79-11e8-be1b-029a6cb2d89e [mdc@18060 class="HiveMetaStore.audit" level="INFO" thread="main"] ugi=pjayachandran	ip=unknown-ip-addr	cmd=get_all_functions
<14>1 2019-01-09T16:17:24.430-08:00 localhost hs2-k8s 18643 883d82b8-bf79-11e8-be1b-029a6cb2d89e [mdc@18060 class="client.TezClient" level="INFO" thread="main"] Tez Client Version: [ component=tez-api, version=0.9.1, revision=23b58b2b996eee255aab1a045412de00677ca2f1, SCM-URL=scm:git:https://git-wip-us.apache.org/repos/asf/tez.git, buildTime=2018-07-31T21:12:41Z ]
<14>1 2019-01-09T16:17:24.430-08:00 localhost hs2-k8s 18643 883d82b8-bf79-11e8-be1b-029a6cb2d89e [mdc@18060 class="tez.TezSessionState" level="INFO" thread="main"] Opening new Tez Session (id: f279f359-2e2e-4223-8731-92fdc0db26c3, scratch dir: file:/tmp/hive/pjayachandran/_tez_session_dir/f279f359-2e2e-4223-8731-92fdc0db26c3)
<14>1 2019-01-09T16:17:24.435-08:00 localhost hs2-k8s 18643 883d82b8-bf79-11e8-be1b-029a6cb2d89e [mdc@18060 class="conf.HiveConf" level="INFO" thread="main"] Using the default value passed in for log id: f279f359-2e2e-4223-8731-92fdc0db26c3
<14>1 2019-01-09T16:17:24.435-08:00 localhost hs2-k8s 18643 883d82b8-bf79-11e8-be1b-029a6cb2d89e [mdc@18060 class="session.SessionState" level="INFO" thread="main"] Updating thread name to f279f359-2e2e-4223-8731-92fdc0db26c3 main
<14>1 2019-01-09T16:17:24.447-08:00 localhost hs2-k8s 18643 883d82b8-bf79-11e8-be1b-029a6cb2d89e [mdc@18060 class="client.TezClient" level="INFO" thread="Tez session start thread"] Session mode. Starting session.
<14>1 2019-01-09T16:17:24.451-08:00 localhost hs2-k8s 18643 883d82b8-bf79-11e8-be1b-029a6cb2d89e [mdc@18060 class="client.TezClientUtils" level="INFO" thread="Tez session start thread"] Ignoring 'tez.lib.uris' since  'tez.ignore.lib.uris' is set to true
<12>1 2019-01-09T16:17:24.504-08:00 localhost hs2-k8s 18643 883d82b8-bf79-11e8-be1b-029a6cb2d89e [mdc@18060 class="conf.HiveConf" level="WARN" thread="f279f359-2e2e-4223-8731-92fdc0db26c3 main"] HiveConf of name hive.enforce.sorting does not exist
<12>1 2019-01-09T16:17:24.505-08:00 localhost hs2-k8s 18643 883d82b8-bf79-11e8-be1b-029a6cb2d89e [mdc@18060 class="conf.HiveConf" level="WARN" thread="f279f359-2e2e-4223-8731-92fdc0db26c3 main"] HiveConf of name hive.enforce.bucketing does not exist
<14>1 2019-01-09T16:17:24.506-08:00 localhost hs2-k8s 18643 883d82b8-bf79-11e8-be1b-029a6cb2d89e [mdc@18060 class="metastore.HiveMetaStoreClient" level="INFO" thread="f279f359-2e2e-4223-8731-92fdc0db26c3 main"] Mestastore configuration metastore.filter.hook changed from org.apache.hadoop.hive.ql.security.authorization.plugin.AuthorizationMetaStoreFilterHook to org.apache.hadoop.hive.metastore.DefaultMetaStoreFilterHookImpl
<14>1 2019-01-09T16:17:24.508-08:00 localhost hs2-k8s 18643 883d82b8-bf79-11e8-be1b-029a6cb2d89e [mdc@18060 class="HiveMetaStore.audit" level="INFO" thread="f279f359-2e2e-4223-8731-92fdc0db26c3 main"] ugi=pjayachandran	ip=unknown-ip-addr	cmd=Cleaning up thread local RawStore...
<14>1 2019-01-09T16:17:24.508-08:00 localhost hs2-k8s 18643 883d82b8-bf79-11e8-be1b-029a6cb2d89e [mdc@18060 class="metastore.ObjectStore" level="INFO" thread="f279f359-2e2e-4223-8731-92fdc0db26c3 main"] RawStore: org.apache.hadoop.hive.metastore.ObjectStore@7a3269f5, with PersistenceManager: org.datanucleus.api.jdo.JDOPersistenceManager@1b482cbf will be shutdown
<14>1 2019-01-09T16:17:24.509-08:00 localhost hs2-k8s 18643 883d82b8-bf79-11e8-be1b-029a6cb2d89e [mdc@18060 class="HiveMetaStore.audit" level="INFO" thread="f279f359-2e2e-4223-8731-92fdc0db26c3 main"] ugi=pjayachandran	ip=unknown-ip-addr	cmd=Done cleaning up thread local RawStore
<14>1 2019-01-09T16:17:24.511-08:00 localhost hs2-k8s 18643 883d82b8-bf79-11e8-be1b-029a6cb2d89e [mdc@18060 class="SessionState" level="INFO" thread="HiveMaterializedViewsRegistry-0"] Hive Session ID = a9933125-5f95-4bbb-8f83-fb8a144938e2
<14>1 2019-01-09T16:17:24.544-08:00 localhost hs2-k8s 18643 883d82b8-bf79-11e8-be1b-029a6cb2d89e [mdc@18060 class="session.SessionState" level="INFO" thread="HiveMaterializedViewsRegistry-0"] Created HDFS directory: /tmp/hive/pjayachandran/a9933125-5f95-4bbb-8f83-fb8a144938e2
<14>1 2019-01-09T16:17:24.558-08:00 localhost hs2-k8s 18643 883d82b8-bf79-11e8-be1b-029a6cb2d89e [mdc@18060 class="session.SessionState" level="INFO" thread="HiveMaterializedViewsRegistry-0"] Created local directory: /var/folders/2w/4x52xg597k50_bt27x3_k9tw0000gs/T/pjayachandran/a9933125-5f95-4bbb-8f83-fb8a144938e2
<14>1 2019-01-09T16:17:24.559-08:00 localhost hs2-k8s 18643 883d82b8-bf79-11e8-be1b-029a6cb2d89e [mdc@18060 class="client.TezClient" level="INFO" thread="Tez session start thread"] Tez system stage directory file:/tmp/hive/pjayachandran/_tez_session_dir/f279f359-2e2e-4223-8731-92fdc0db26c3/.tez/application_1547079444444_0001 doesn't exist and is created
<14>1 2019-01-09T16:17:24.573-08:00 localhost hs2-k8s 18643 883d82b8-bf79-11e8-be1b-029a6cb2d89e [mdc@18060 class="session.SessionState" level="INFO" thread="HiveMaterializedViewsRegistry-0"] Created HDFS directory: /tmp/hive/pjayachandran/a9933125-5f95-4bbb-8f83-fb8a144938e2/_tmp_space.db
<14>1 2019-01-09T16:17:24.577-08:00 localhost hs2-k8s 18643 883d82b8-bf79-11e8-be1b-029a6cb2d89e [mdc@18060 class="metastore.HiveMetaStore" level="INFO" thread="HiveMaterializedViewsRegistry-0"] 1: Opening raw store with implementation class:org.apache.hadoop.hive.metastore.ObjectStore
<12>1 2019-01-09T16:17:24.577-08:00 localhost hs2-k8s 18643 883d82b8-bf79-11e8-be1b-029a6cb2d89e [mdc@18060 class="metastore.PersistenceManagerProvider" level="WARN" thread="HiveMaterializedViewsRegistry-0"] datanucleus.autoStartMechanismMode is set to unsupported value null . Setting it to value: ignored
<14>1 2019-01-09T16:17:24.577-08:00 localhost hs2-k8s 18643 883d82b8-bf79-11e8-be1b-029a6cb2d89e [mdc@18060 class="metastore.ObjectStore" level="INFO" thread="HiveMaterializedViewsRegistry-0"] RawStore: org.apache.hadoop.hive.metastore.ObjectStore@739e208f, with PersistenceManager: null will be shutdown
<14>1 2019-01-09T16:17:24.578-08:00 localhost hs2-k8s 18643 883d82b8-bf79-11e8-be1b-029a6cb2d89e [mdc@18060 class="metastore.ObjectStore" level="INFO" thread="HiveMaterializedViewsRegistry-0"] RawStore: org.apache.hadoop.hive.metastore.ObjectStore@739e208f, with PersistenceManager: org.datanucleus.api.jdo.JDOPersistenceManager@1cbae3fe created in the thread with id: 30
<14>1 2019-01-09T16:17:24.590-08:00 localhost hs2-k8s 18643 883d82b8-bf79-11e8-be1b-029a6cb2d89e [mdc@18060 class="metastore.HiveMetaStore" level="INFO" thread="HiveMaterializedViewsRegistry-0"] Created RawStore: org.apache.hadoop.hive.metastore.ObjectStore@739e208f from thread id: 30
<14>1 2019-01-09T16:17:24.591-08:00 localhost hs2-k8s 18643 883d82b8-bf79-11e8-be1b-029a6cb2d89e [mdc@18060 class="metastore.RetryingMetaStoreClient" level="INFO" thread="HiveMaterializedViewsRegistry-0"] RetryingMetaStoreClient proxy=class org.apache.hadoop.hive.ql.metadata.SessionHiveMetaStoreClient ugi=pjayachandran (auth:SIMPLE) retries=1 delay=1 lifetime=0
<14>1 2019-01-09T16:17:24.591-08:00 localhost hs2-k8s 18643 883d82b8-bf79-11e8-be1b-029a6cb2d89e [mdc@18060 class="HiveMetaStore.audit" level="INFO" thread="HiveMaterializedViewsRegistry-0"] ugi=pjayachandran	ip=unknown-ip-addr	cmd=get_databases: @hive#
<14>1 2019-01-09T16:17:24.598-08:00 localhost hs2-k8s 18643 883d82b8-bf79-11e8-be1b-029a6cb2d89e [mdc@18060 class="HiveMetaStore.audit" level="INFO" thread="HiveMaterializedViewsRegistry-0"] ugi=pjayachandran	ip=unknown-ip-addr	cmd=get_tables_by_type: db=@hive#default pat=.*,type=MATERIALIZED_VIEW
<14>1 2019-01-09T16:17:24.607-08:00 localhost hs2-k8s 18643 883d82b8-bf79-11e8-be1b-029a6cb2d89e [mdc@18060 class="conf.Configuration" level="INFO" thread="Tez session start thread"] resource-types.xml not found
<14>1 2019-01-09T16:17:24.607-08:00 localhost hs2-k8s 18643 883d82b8-bf79-11e8-be1b-029a6cb2d89e [mdc@18060 class="HiveMetaStore.audit" level="INFO" thread="HiveMaterializedViewsRegistry-0"] ugi=pjayachandran	ip=unknown-ip-addr	cmd=get_multi_table : db=default tbls=
<14>1 2019-01-09T16:17:24.608-08:00 localhost hs2-k8s 18643 883d82b8-bf79-11e8-be1b-029a6cb2d89e [mdc@18060 class="resource.ResourceUtils" level="INFO" thread="Tez session start thread"] Unable to find 'resource-types.xml'.
<14>1 2019-01-09T16:17:24.609-08:00 localhost hs2-k8s 18643 883d82b8-bf79-11e8-be1b-029a6cb2d89e [mdc@18060 class="metadata.HiveMaterializedViewsRegistry" level="INFO" thread="HiveMaterializedViewsRegistry-0"] Materialized views registry has been initialized
<14>1 2019-01-09T16:17:24.611-08:00 localhost hs2-k8s 18643 883d82b8-bf79-11e8-be1b-029a6cb2d89e [mdc@18060 class="common.TezYARNUtils" level="INFO" thread="Tez session start thread"] Ignoring 'tez.lib.uris' since  'tez.ignore.lib.uris' is set to true
<14>1 2019-01-09T16:17:24.623-08:00 localhost hs2-k8s 18643 883d82b8-bf79-11e8-be1b-029a6cb2d89e [mdc@18060 class="Configuration.deprecation" level="INFO" thread="Tez session start thread"] fs.default.name is deprecated. Instead, use fs.defaultFS
<14>1 2019-01-09T16:17:24.627-08:00 localhost hs2-k8s 18643 883d82b8-bf79-11e8-be1b-029a6cb2d89e [mdc@18060 class="Configuration.deprecation" level="INFO" thread="Tez session start thread"] yarn.resourcemanager.system-metrics-publisher.enabled is deprecated. Instead, use yarn.system-metrics-publisher.enabled
<14>1 2019-01-09T16:17:24.800-08:00 localhost hs2-k8s 18643 883d82b8-bf79-11e8-be1b-029a6cb2d89e [mdc@18060 class="client.LocalClient" level="INFO" thread="Tez session start thread"] DAGAppMaster thread has been created
<14>1 2019-01-09T16:17:24.801-08:00 localhost hs2-k8s 18643 883d82b8-bf79-11e8-be1b-029a6cb2d89e [mdc@18060 class="client.LocalClient" level="INFO" thread="Tez session start thread"] DAGAppMaster is not created wait for 100ms...
<14>1 2019-01-09T16:17:24.801-08:00 localhost hs2-k8s 18643 883d82b8-bf79-11e8-be1b-029a6cb2d89e [mdc@18060 class="client.LocalClient" level="INFO" thread="DAGAppMaster Thread"] Using working directory: /tmp/hive/pjayachandran/_tez_session_dir/f279f359-2e2e-4223-8731-92fdc0db26c3/.tez/application_1547079444444_0001_wd
<14>1 2019-01-09T16:17:25.220-08:00 localhost hs2-k8s 18643 883d82b8-bf79-11e8-be1b-029a6cb2d89e [mdc@18060 class="client.LocalClient" level="INFO" thread="Tez session start thread"] DAGAppMaster is not created wait for 100ms...
<14>1 2019-01-09T16:17:25.275-08:00 localhost hs2-k8s 18643 883d82b8-bf79-11e8-be1b-029a6cb2d89e [mdc@18060 class="app.DAGAppMaster" level="INFO" thread="DAGAppMaster Thread"] Created DAGAppMaster for application appattempt_1547079444444_0001_000000, versionInfo=[ component=tez-dag, version=0.9.1, revision=23b58b2b996eee255aab1a045412de00677ca2f1, SCM-URL=scm:git:https://git-wip-us.apache.org/repos/asf/tez.git, buildTime=2018-07-31T21:12:41Z ]
<14>1 2019-01-09T16:17:25.284-08:00 localhost hs2-k8s 18643 883d82b8-bf79-11e8-be1b-029a6cb2d89e [mdc@18060 class="shim.HadoopShimsLoader" level="INFO" thread="DAGAppMaster Thread"] Trying to locate HadoopShimProvider for hadoopVersion=3.1.0, majorVersion=3, minorVersion=1
<14>1 2019-01-09T16:17:25.286-08:00 localhost hs2-k8s 18643 883d82b8-bf79-11e8-be1b-029a6cb2d89e [mdc@18060 class="shim.HadoopShimsLoader" level="INFO" thread="DAGAppMaster Thread"] Picked HadoopShim org.apache.tez.hadoop.shim.DefaultHadoopShim, providerName=null, overrideProviderViaConfig=null, hadoopVersion=3.1.0, majorVersion=3, minorVersion=1
<14>1 2019-01-09T16:17:25.298-08:00 localhost hs2-k8s 18643 883d82b8-bf79-11e8-be1b-029a6cb2d89e [mdc@18060 class="app.DAGAppMaster" level="INFO" thread="DAGAppMaster Thread"] AM Level configured TaskSchedulers: [0:TezUber:null]
<14>1 2019-01-09T16:17:25.298-08:00 localhost hs2-k8s 18643 883d82b8-bf79-11e8-be1b-029a6cb2d89e [mdc@18060 class="app.DAGAppMaster" level="INFO" thread="DAGAppMaster Thread"] AM Level configured ContainerLaunchers: [0:TezUber:null]
<14>1 2019-01-09T16:17:25.298-08:00 localhost hs2-k8s 18643 883d82b8-bf79-11e8-be1b-029a6cb2d89e [mdc@18060 class="app.DAGAppMaster" level="INFO" thread="DAGAppMaster Thread"] AM Level configured TaskCommunicators: [0:TezUber:null]
<14>1 2019-01-09T16:17:25.298-08:00 localhost hs2-k8s 18643 883d82b8-bf79-11e8-be1b-029a6cb2d89e [mdc@18060 class="app.DAGAppMaster" level="INFO" thread="DAGAppMaster Thread"] Comparing client version with AM version, clientVersion=0.9.1, AMVersion=0.9.1
<14>1 2019-01-09T16:17:25.324-08:00 localhost hs2-k8s 18643 883d82b8-bf79-11e8-be1b-029a6cb2d89e [mdc@18060 class="client.LocalClient" level="INFO" thread="Tez session start thread"] DAGAppMaster state: NEW
<14>1 2019-01-09T16:17:25.324-08:00 localhost hs2-k8s 18643 883d82b8-bf79-11e8-be1b-029a6cb2d89e [mdc@18060 class="client.LocalClient" level="INFO" thread="Tez session start thread"] DAGAppMaster is not started wait for 100ms...
<14>1 2019-01-09T16:17:25.324-08:00 localhost hs2-k8s 18643 883d82b8-bf79-11e8-be1b-029a6cb2d89e [mdc@18060 class="client.LocalClient" level="INFO" thread="Tez session start thread"] DAGAppMaster is not created wait for 100ms...
<14>1 2019-01-09T16:17:25.324-08:00 localhost hs2-k8s 18643 883d82b8-bf79-11e8-be1b-029a6cb2d89e [mdc@18060 class="app.TaskCommunicatorManager" level="INFO" thread="DAGAppMaster Thread"] Creating Default Local Task Communicator
<14>1 2019-01-09T16:17:25.344-08:00 localhost hs2-k8s 18643 883d82b8-bf79-11e8-be1b-029a6cb2d89e [mdc@18060 class="common.AsyncDispatcher" level="INFO" thread="DAGAppMaster Thread"] Registering class org.apache.tez.dag.app.rm.container.AMContainerEventType for class org.apache.tez.dag.app.rm.container.AMContainerMap
<14>1 2019-01-09T16:17:25.347-08:00 localhost hs2-k8s 18643 883d82b8-bf79-11e8-be1b-029a6cb2d89e [mdc@18060 class="common.AsyncDispatcher" level="INFO" thread="DAGAppMaster Thread"] Registering class org.apache.tez.dag.app.rm.node.AMNodeEventType for class org.apache.tez.dag.app.rm.node.AMNodeTracker
<14>1 2019-01-09T16:17:25.349-08:00 localhost hs2-k8s 18643 883d82b8-bf79-11e8-be1b-029a6cb2d89e [mdc@18060 class="common.AsyncDispatcher" level="INFO" thread="DAGAppMaster Thread"] Registering class org.apache.tez.dag.app.dag.event.DAGAppMasterEventType for class org.apache.tez.dag.app.DAGAppMaster$DAGAppMasterEventHandler
<14>1 2019-01-09T16:17:25.350-08:00 localhost hs2-k8s 18643 883d82b8-bf79-11e8-be1b-029a6cb2d89e [mdc@18060 class="common.AsyncDispatcher" level="INFO" thread="DAGAppMaster Thread"] Registering class org.apache.tez.dag.app.dag.event.DAGEventType for class org.apache.tez.dag.app.DAGAppMaster$DagEventDispatcher
<14>1 2019-01-09T16:17:25.350-08:00 localhost hs2-k8s 18643 883d82b8-bf79-11e8-be1b-029a6cb2d89e [mdc@18060 class="common.AsyncDispatcher" level="INFO" thread="DAGAppMaster Thread"] Registering class org.apache.tez.dag.app.dag.event.VertexEventType for class org.apache.tez.dag.app.DAGAppMaster$VertexEventDispatcher
<14>1 2019-01-09T16:17:25.351-08:00 localhost hs2-k8s 18643 883d82b8-bf79-11e8-be1b-029a6cb2d89e [mdc@18060 class="app.DAGAppMaster" level="INFO" thread="DAGAppMaster Thread"] Using concurrent dispatcher: false
<14>1 2019-01-09T16:17:25.351-08:00 localhost hs2-k8s 18643 883d82b8-bf79-11e8-be1b-029a6cb2d89e [mdc@18060 class="common.AsyncDispatcher" level="INFO" thread="DAGAppMaster Thread"] Registering class org.apache.tez.dag.app.dag.event.TaskEventType for class org.apache.tez.dag.app.DAGAppMaster$TaskEventDispatcher
<14>1 2019-01-09T16:17:25.352-08:00 localhost hs2-k8s 18643 883d82b8-bf79-11e8-be1b-029a6cb2d89e [mdc@18060 class="common.AsyncDispatcher" level="INFO" thread="DAGAppMaster Thread"] Registering class org.apache.tez.dag.app.dag.event.TaskAttemptEventType for class org.apache.tez.dag.app.DAGAppMaster$TaskAttemptEventDispatcher
<14>1 2019-01-09T16:17:25.353-08:00 localhost hs2-k8s 18643 883d82b8-bf79-11e8-be1b-029a6cb2d89e [mdc@18060 class="common.AsyncDispatcher" level="INFO" thread="DAGAppMaster Thread"] Registering class org.apache.tez.dag.app.dag.event.SpeculatorEventType for independent dispatch using: class org.apache.tez.dag.app.DAGAppMaster$SpeculatorEventHandler
<14>1 2019-01-09T16:17:25.353-08:00 localhost hs2-k8s 18643 883d82b8-bf79-11e8-be1b-029a6cb2d89e [mdc@18060 class="common.AsyncDispatcher" level="INFO" thread="DAGAppMaster Thread"] Registering class org.apache.tez.dag.app.dag.event.SpeculatorEventType for class org.apache.tez.dag.app.DAGAppMaster$SpeculatorEventHandler
<14>1 2019-01-09T16:17:25.361-08:00 localhost hs2-k8s 18643 883d82b8-bf79-11e8-be1b-029a6cb2d89e [mdc@18060 class="common.AsyncDispatcher" level="INFO" thread="DAGAppMaster Thread"] Registering class org.apache.tez.dag.app.rm.AMSchedulerEventType for class org.apache.tez.dag.app.rm.TaskSchedulerManager
<14>1 2019-01-09T16:17:25.367-08:00 localhost hs2-k8s 18643 883d82b8-bf79-11e8-be1b-029a6cb2d89e [mdc@18060 class="launcher.TezContainerLauncherImpl" level="INFO" thread="DAGAppMaster Thread"] Creating LocalContainerLauncher
<14>1 2019-01-09T16:17:25.388-08:00 localhost hs2-k8s 18643 883d82b8-bf79-11e8-be1b-029a6cb2d89e [mdc@18060 class="common.AsyncDispatcher" level="INFO" thread="DAGAppMaster Thread"] Registering class org.apache.tez.dag.app.rm.ContainerLauncherEventType for class org.apache.tez.dag.app.launcher.ContainerLauncherManager
<14>1 2019-01-09T16:17:25.391-08:00 localhost hs2-k8s 18643 883d82b8-bf79-11e8-be1b-029a6cb2d89e [mdc@18060 class="node.AMNodeTracker" level="INFO" thread="DAGAppMaster Thread"] blacklistDisablePercent is 33, blacklistingEnabled: false, maxTaskFailuresPerNode: 3, nodeUpdatesRescheduleEnabled: false
<14>1 2019-01-09T16:17:25.392-08:00 localhost hs2-k8s 18643 883d82b8-bf79-11e8-be1b-029a6cb2d89e [mdc@18060 class="history.HistoryEventHandler" level="INFO" thread="DAGAppMaster Thread"] Initializing HistoryEventHandler withrecoveryEnabled=true, historyServiceClassName=org.apache.tez.dag.history.logging.impl.SimpleHistoryLoggingService
<14>1 2019-01-09T16:17:25.396-08:00 localhost hs2-k8s 18643 883d82b8-bf79-11e8-be1b-029a6cb2d89e [mdc@18060 class="impl.SimpleHistoryLoggingService" level="INFO" thread="DAGAppMaster Thread"] Log file location for SimpleHistoryLoggingService not specified, defaulting to containerLogDir=/tmp/hive/pjayachandran/_tez_session_dir/f279f359-2e2e-4223-8731-92fdc0db26c3/.tez/application_1547079444444_0001_wd/localmode-log-dir
<14>1 2019-01-09T16:17:25.397-08:00 localhost hs2-k8s 18643 883d82b8-bf79-11e8-be1b-029a6cb2d89e [mdc@18060 class="impl.SimpleHistoryLoggingService" level="INFO" thread="DAGAppMaster Thread"] Initializing SimpleHistoryLoggingService, logFileLocation=/tmp/hive/pjayachandran/_tez_session_dir/f279f359-2e2e-4223-8731-92fdc0db26c3/.tez/application_1547079444444_0001_wd/localmode-log-dir/history.txt.appattempt_1547079444444_0001_000000, maxErrors=10
<14>1 2019-01-09T16:17:25.397-08:00 localhost hs2-k8s 18643 883d82b8-bf79-11e8-be1b-029a6cb2d89e [mdc@18060 class="recovery.RecoveryService" level="INFO" thread="DAGAppMaster Thread"] RecoveryService initialized with recoveryPath=file:/tmp/hive/pjayachandran/_tez_session_dir/f279f359-2e2e-4223-8731-92fdc0db26c3/.tez/application_1547079444444_0001/recovery/0, bufferSize(bytes)=8192, flushInterval(s)=30, maxUnflushedEvents=100
<14>1 2019-01-09T16:17:25.398-08:00 localhost hs2-k8s 18643 883d82b8-bf79-11e8-be1b-029a6cb2d89e [mdc@18060 class="HistoryEventHandler.criticalEvents" level="INFO" thread="DAGAppMaster Thread"] [HISTORY][DAG:N/A][Event:AM_LAUNCHED]: appAttemptId=appattempt_1547079444444_0001_000000, appSubmitTime=1547079445245, launchTime=1547079445274
<14>1 2019-01-09T16:17:25.401-08:00 localhost hs2-k8s 18643 883d82b8-bf79-11e8-be1b-029a6cb2d89e [mdc@18060 class="impl.SimpleHistoryLoggingService" level="INFO" thread="ServiceThread:org.apache.tez.dag.history.HistoryEventHandler"] Starting SimpleHistoryLoggingService
<14>1 2019-01-09T16:17:25.425-08:00 localhost hs2-k8s 18643 883d82b8-bf79-11e8-be1b-029a6cb2d89e [mdc@18060 class="client.LocalClient" level="INFO" thread="Tez session start thread"] DAGAppMaster state: INITED
<14>1 2019-01-09T16:17:25.425-08:00 localhost hs2-k8s 18643 883d82b8-bf79-11e8-be1b-029a6cb2d89e [mdc@18060 class="client.LocalClient" level="INFO" thread="Tez session start thread"] DAGAppMaster is not startetd wait for 100ms...
<14>1 2019-01-09T16:17:25.425-08:00 localhost hs2-k8s 18643 883d82b8-bf79-11e8-be1b-029a6cb2d89e [mdc@18060 class="client.LocalClient" level="INFO" thread="Tez session start thread"] DAGAppMaster is not created wait for 100ms...
<14>1 2019-01-09T16:17:25.428-08:00 localhost hs2-k8s 18643 883d82b8-bf79-11e8-be1b-029a6cb2d89e [mdc@18060 class="ipc.CallQueueManager" level="INFO" thread="ServiceThread:DAGClientRPCServer"] Using callQueue: class java.util.concurrent.LinkedBlockingQueue queueCapacity: 200 scheduler: class org.apache.hadoop.ipc.DefaultRpcScheduler
<14>1 2019-01-09T16:17:25.457-08:00 localhost hs2-k8s 18643 883d82b8-bf79-11e8-be1b-029a6cb2d89e [mdc@18060 class="ipc.Server" level="INFO" thread="Socket Reader #1 for port 62754"] Starting Socket Reader #1 for port 62754
<14>1 2019-01-09T16:17:25.479-08:00 localhost hs2-k8s 18643 883d82b8-bf79-11e8-be1b-029a6cb2d89e [mdc@18060 class="ipc.Server" level="INFO" thread="IPC Server Responder"] IPC Server Responder: starting
<14>1 2019-01-09T16:17:25.479-08:00 localhost hs2-k8s 18643 883d82b8-bf79-11e8-be1b-029a6cb2d89e [mdc@18060 class="ipc.Server" level="INFO" thread="IPC Server listener on 62754"] IPC Server listener on 62754: starting
<14>1 2019-01-09T16:17:25.488-08:00 localhost hs2-k8s 18643 883d82b8-bf79-11e8-be1b-029a6cb2d89e [mdc@18060 class="client.DAGClientServer" level="INFO" thread="ServiceThread:DAGClientRPCServer"] Instantiated DAGClientRPCServer at localhost/0.0.0.0:62754
<14>1 2019-01-09T16:17:25.490-08:00 localhost hs2-k8s 18643 883d82b8-bf79-11e8-be1b-029a6cb2d89e [mdc@18060 class="rm.TaskSchedulerManager" level="INFO" thread="ServiceThread:org.apache.tez.dag.app.rm.TaskSchedulerManager"] Creating TaskScheduler: Local TaskScheduler with clusterIdentifier=1547079444444
<14>1 2019-01-09T16:17:25.499-08:00 localhost hs2-k8s 18643 883d82b8-bf79-11e8-be1b-029a6cb2d89e [mdc@18060 class="HistoryEventHandler.criticalEvents" level="INFO" thread="DAGAppMaster Thread"] [HISTORY][DAG:N/A][Event:AM_STARTED]: appAttemptId=appattempt_1547079444444_0001_000000, startTime=1547079445499
<14>1 2019-01-09T16:17:25.499-08:00 localhost hs2-k8s 18643 883d82b8-bf79-11e8-be1b-029a6cb2d89e [mdc@18060 class="app.DAGAppMaster" level="INFO" thread="DAGAppMaster Thread"] In Session mode. Waiting for DAG over RPC
<14>1 2019-01-09T16:17:25.527-08:00 localhost hs2-k8s 18643 883d82b8-bf79-11e8-be1b-029a6cb2d89e [mdc@18060 class="client.LocalClient" level="INFO" thread="Tez session start thread"] DAGAppMaster state: IDLE
<14>1 2019-01-09T16:17:25.544-08:00 localhost hs2-k8s 18643 883d82b8-bf79-11e8-be1b-029a6cb2d89e [mdc@18060 class="client.TezClient" level="INFO" thread="Tez session start thread"] The url to track the Tez Session: N/A
<14>1 2019-01-09T16:17:29.231-08:00 localhost hs2-k8s 18643 883d82b8-bf79-11e8-be1b-029a6cb2d89e [mdc@18060 class="conf.HiveConf" level="INFO" thread="f279f359-2e2e-4223-8731-92fdc0db26c3 main"] Using the default value passed in for log id: f279f359-2e2e-4223-8731-92fdc0db26c3
<15>1 2019-01-09T16:17:29.278-08:00 localhost hs2-k8s 18643 883d82b8-bf79-11e8-be1b-029a6cb2d89e [mdc@18060 class="log.PerfLogger" level="DEBUG" thread="f279f359-2e2e-4223-8731-92fdc0db26c3 main"] <PERFLOG method=waitCompile from=org.apache.hadoop.hive.ql.Driver>
<15>1 2019-01-09T16:17:29.280-08:00 localhost hs2-k8s 18643 883d82b8-bf79-11e8-be1b-029a6cb2d89e [mdc@18060 class="log.PerfLogger" level="DEBUG" thread="f279f359-2e2e-4223-8731-92fdc0db26c3 main"] </PERFLOG method=waitCompile start=1547079449278 end=1547079449280 duration=2 from=org.apache.hadoop.hive.ql.Driver>
<15>1 2019-01-09T16:17:29.280-08:00 localhost hs2-k8s 18643 883d82b8-bf79-11e8-be1b-029a6cb2d89e [mdc@18060 class="log.PerfLogger" level="DEBUG" thread="f279f359-2e2e-4223-8731-92fdc0db26c3 main"] <PERFLOG method=compile from=org.apache.hadoop.hive.ql.Driver>
<14>1 2019-01-09T16:17:29.305-08:00 localhost hs2-k8s 18643 883d82b8-bf79-11e8-be1b-029a6cb2d89e [mdc@18060 class="ql.Driver" level="INFO" thread="f279f359-2e2e-4223-8731-92fdc0db26c3 main"] Compiling command(queryId=pjayachandran_20190109161729_669e95da-d293-40d0-b5ca-c30422905f6f): show database
<15>1 2019-01-09T16:17:29.319-08:00 localhost hs2-k8s 18643 883d82b8-bf79-11e8-be1b-029a6cb2d89e [mdc@18060 class="log.PerfLogger" level="DEBUG" thread="f279f359-2e2e-4223-8731-92fdc0db26c3 main"] <PERFLOG method=parse from=org.apache.hadoop.hive.ql.Driver>
<11>1 2019-01-09T16:17:29.837-08:00 localhost hs2-k8s 18643 883d82b8-bf79-11e8-be1b-029a6cb2d89e [mdc@18060 class="ql.Driver" level="ERROR" thread="f279f359-2e2e-4223-8731-92fdc0db26c3 main"] FAILED: ParseException line 1:5 cannot recognize input near 'show' 'database' '<EOF>' in ddl statement\norg.apache.hadoop.hive.ql.parse.ParseException: line 1:5 cannot recognize input near 'show' 'database' '<EOF>' in ddl statement\n	at org.apache.hadoop.hive.ql.parse.ParseDriver.parse(ParseDriver.java:232)\n	at org.apache.hadoop.hive.ql.parse.ParseUtils.parse(ParseUtils.java:79)\n	at org.apache.hadoop.hive.ql.parse.ParseUtils.parse(ParseUtils.java:72)\n	at org.apache.hadoop.hive.ql.Driver.compile(Driver.java:623)\n	at org.apache.hadoop.hive.ql.Driver.compileInternal(Driver.java:1893)\n	at org.apache.hadoop.hive.ql.Driver.compileAndRespond(Driver.java:1840)\n	at org.apache.hadoop.hive.ql.Driver.compileAndRespond(Driver.java:1835)\n	at org.apache.hadoop.hive.ql.reexec.ReExecDriver.compileAndRespond(ReExecDriver.java:126)\n	at org.apache.hadoop.hive.ql.reexec.ReExecDriver.run(ReExecDriver.java:219)\n	at org.apache.hadoop.hive.cli.CliDriver.processLocalCmd(CliDriver.java:243)\n	at org.apache.hadoop.hive.cli.CliDriver.processCmd(CliDriver.java:190)\n	at org.apache.hadoop.hive.cli.CliDriver.processLine(CliDriver.java:409)\n	at org.apache.hadoop.hive.cli.CliDriver.executeDriver(CliDriver.java:839)\n	at org.apache.hadoop.hive.cli.CliDriver.run(CliDriver.java:777)\n	at org.apache.hadoop.hive.cli.CliDriver.main(CliDriver.java:701)\n	at sun.reflect.NativeMethodAccessorImpl.invoke0(Native Method)\n	at sun.reflect.NativeMethodAccessorImpl.invoke(NativeMethodAccessorImpl.java:62)\n	at sun.reflect.DelegatingMethodAccessorImpl.invoke(DelegatingMethodAccessorImpl.java:43)\n	at java.lang.reflect.Method.invoke(Method.java:498)\n	at org.apache.hadoop.util.RunJar.run(RunJar.java:308)\n	at org.apache.hadoop.util.RunJar.main(RunJar.java:222)\n
<15>1 2019-01-09T16:17:29.837-08:00 localhost hs2-k8s 18643 883d82b8-bf79-11e8-be1b-029a6cb2d89e [mdc@18060 class="log.PerfLogger" level="DEBUG" thread="f279f359-2e2e-4223-8731-92fdc0db26c3 main"] </PERFLOG method=compile start=1547079449280 end=1547079449837 duration=557 from=org.apache.hadoop.hive.ql.Driver>
<14>1 2019-01-09T16:17:29.838-08:00 localhost hs2-k8s 18643 883d82b8-bf79-11e8-be1b-029a6cb2d89e [mdc@18060 class="ql.Driver" level="INFO" thread="f279f359-2e2e-4223-8731-92fdc0db26c3 main"] Completed compiling command(queryId=pjayachandran_20190109161729_669e95da-d293-40d0-b5ca-c30422905f6f); Time taken: 0.557 seconds
<15>1 2019-01-09T16:17:29.838-08:00 localhost hs2-k8s 18643 883d82b8-bf79-11e8-be1b-029a6cb2d89e [mdc@18060 class="log.PerfLogger" level="DEBUG" thread="f279f359-2e2e-4223-8731-92fdc0db26c3 main"] <PERFLOG method=releaseLocks from=org.apache.hadoop.hive.ql.Driver>
<15>1 2019-01-09T16:17:29.838-08:00 localhost hs2-k8s 18643 883d82b8-bf79-11e8-be1b-029a6cb2d89e [mdc@18060 class="log.PerfLogger" level="DEBUG" thread="f279f359-2e2e-4223-8731-92fdc0db26c3 main"] </PERFLOG method=releaseLocks start=1547079449838 end=1547079449838 duration=0 from=org.apache.hadoop.hive.ql.Driver>
<14>1 2019-01-09T16:17:29.838-08:00 localhost hs2-k8s 18643 883d82b8-bf79-11e8-be1b-029a6cb2d89e [mdc@18060 class="conf.HiveConf" level="INFO" thread="f279f359-2e2e-4223-8731-92fdc0db26c3 main"] Using the default value passed in for log id: f279f359-2e2e-4223-8731-92fdc0db26c3
<14>1 2019-01-09T16:17:29.838-08:00 localhost hs2-k8s 18643 883d82b8-bf79-11e8-be1b-029a6cb2d89e [mdc@18060 class="session.SessionState" level="INFO" thread="f279f359-2e2e-4223-8731-92fdc0db26c3 main"] Resetting thread name to  main
<14>1 2019-01-09T16:17:32.038-08:00 localhost hs2-k8s 18643 883d82b8-bf79-11e8-be1b-029a6cb2d89e [mdc@18060 class="conf.HiveConf" level="INFO" thread="main"] Using the default value passed in for log id: f279f359-2e2e-4223-8731-92fdc0db26c3
<14>1 2019-01-09T16:17:32.038-08:00 localhost hs2-k8s 18643 883d82b8-bf79-11e8-be1b-029a6cb2d89e [mdc@18060 class="session.SessionState" level="INFO" thread="main"] Updating thread name to f279f359-2e2e-4223-8731-92fdc0db26c3 main
<14>1 2019-01-09T16:17:32.052-08:00 localhost hs2-k8s 18643 883d82b8-bf79-11e8-be1b-029a6cb2d89e [mdc@18060 class="tez.TezSessionPoolManager" level="INFO" thread="f279f359-2e2e-4223-8731-92fdc0db26c3 main"] Closing tez session if not default: sessionId=f279f359-2e2e-4223-8731-92fdc0db26c3, queueName=null, user=pjayachandran, doAs=true, isOpen=true, isDefault=false
<14>1 2019-01-09T16:17:32.052-08:00 localhost hs2-k8s 18643 883d82b8-bf79-11e8-be1b-029a6cb2d89e [mdc@18060 class="tez.TezSessionState" level="INFO" thread="f279f359-2e2e-4223-8731-92fdc0db26c3 main"] Closing Tez Session
<14>1 2019-01-09T16:17:32.052-08:00 localhost hs2-k8s 18643 883d82b8-bf79-11e8-be1b-029a6cb2d89e [mdc@18060 class="client.TezClient" level="INFO" thread="f279f359-2e2e-4223-8731-92fdc0db26c3 main"] Shutting down Tez Session, sessionName=HIVE-f279f359-2e2e-4223-8731-92fdc0db26c3, applicationId=application_1547079444444_0001
<14>1 2019-01-09T16:17:32.060-08:00 localhost hs2-k8s 18643 883d82b8-bf79-11e8-be1b-029a6cb2d89e [mdc@18060 class="client.DAGClientHandler" level="INFO" thread="IPC Server handler 1 on 62754"] Received message to shutdown AM from pjayachandran (auth:SIMPLE) at 127.0.0.1
<14>1 2019-01-09T16:17:32.060-08:00 localhost hs2-k8s 18643 883d82b8-bf79-11e8-be1b-029a6cb2d89e [mdc@18060 class="rm.TaskSchedulerManager" level="INFO" thread="IPC Server handler 1 on 62754"] TaskScheduler notified that it should unregister from RM
<14>1 2019-01-09T16:17:32.060-08:00 localhost hs2-k8s 18643 883d82b8-bf79-11e8-be1b-029a6cb2d89e [mdc@18060 class="app.DAGAppMaster" level="INFO" thread="IPC Server handler 1 on 62754"] No current running DAG, shutting down the AM
<14>1 2019-01-09T16:17:32.060-08:00 localhost hs2-k8s 18643 883d82b8-bf79-11e8-be1b-029a6cb2d89e [mdc@18060 class="app.DAGAppMaster" level="INFO" thread="IPC Server handler 1 on 62754"] DAGAppMasterShutdownHandler invoked
<14>1 2019-01-09T16:17:32.060-08:00 localhost hs2-k8s 18643 883d82b8-bf79-11e8-be1b-029a6cb2d89e [mdc@18060 class="app.DAGAppMaster" level="INFO" thread="IPC Server handler 1 on 62754"] Handling DAGAppMaster shutdown
<14>1 2019-01-09T16:17:32.061-08:00 localhost hs2-k8s 18643 883d82b8-bf79-11e8-be1b-029a6cb2d89e [mdc@18060 class="app.DAGAppMaster" level="INFO" thread="AMShutdownThread"] Sleeping for 5000 ms before shutting down
<14>1 2019-01-09T16:17:32.064-08:00 localhost hs2-k8s 18643 883d82b8-bf79-11e8-be1b-029a6cb2d89e [mdc@18060 class="history.HistoryEventHandler" level="INFO" thread="f279f359-2e2e-4223-8731-92fdc0db26c3 main"] Stopping HistoryEventHandler
<14>1 2019-01-09T16:17:32.064-08:00 localhost hs2-k8s 18643 883d82b8-bf79-11e8-be1b-029a6cb2d89e [mdc@18060 class="recovery.RecoveryService" level="INFO" thread="f279f359-2e2e-4223-8731-92fdc0db26c3 main"] Stopping RecoveryService
<14>1 2019-01-09T16:17:32.064-08:00 localhost hs2-k8s 18643 883d82b8-bf79-11e8-be1b-029a6cb2d89e [mdc@18060 class="recovery.RecoveryService" level="INFO" thread="f279f359-2e2e-4223-8731-92fdc0db26c3 main"] Handle the remaining events in queue, queue size=0
<14>1 2019-01-09T16:17:32.064-08:00 localhost hs2-k8s 18643 883d82b8-bf79-11e8-be1b-029a6cb2d89e [mdc@18060 class="recovery.RecoveryService" level="INFO" thread="RecoveryEventHandlingThread"] EventQueue take interrupted. Returning
<14>1 2019-01-09T16:17:32.064-08:00 localhost hs2-k8s 18643 883d82b8-bf79-11e8-be1b-029a6cb2d89e [mdc@18060 class="impl.SimpleHistoryLoggingService" level="INFO" thread="f279f359-2e2e-4223-8731-92fdc0db26c3 main"] Stopping SimpleHistoryLoggingService, eventQueueBacklog=0
<14>1 2019-01-09T16:17:32.065-08:00 localhost hs2-k8s 18643 883d82b8-bf79-11e8-be1b-029a6cb2d89e [mdc@18060 class="impl.SimpleHistoryLoggingService" level="INFO" thread="HistoryEventHandlingThread"] EventQueue take interrupted. Returning
<14>1 2019-01-09T16:17:32.065-08:00 localhost hs2-k8s 18643 883d82b8-bf79-11e8-be1b-029a6cb2d89e [mdc@18060 class="rm.TaskSchedulerManager" level="INFO" thread="f279f359-2e2e-4223-8731-92fdc0db26c3 main"] Shutting down AppCallbackExecutor
<14>1 2019-01-09T16:17:32.066-08:00 localhost hs2-k8s 18643 883d82b8-bf79-11e8-be1b-029a6cb2d89e [mdc@18060 class="ipc.Server" level="INFO" thread="f279f359-2e2e-4223-8731-92fdc0db26c3 main"] Stopping server on 62754
<14>1 2019-01-09T16:17:32.068-08:00 localhost hs2-k8s 18643 883d82b8-bf79-11e8-be1b-029a6cb2d89e [mdc@18060 class="ipc.Server" level="INFO" thread="IPC Server listener on 62754"] Stopping IPC Server listener on 62754
<14>1 2019-01-09T16:17:32.068-08:00 localhost hs2-k8s 18643 883d82b8-bf79-11e8-be1b-029a6cb2d89e [mdc@18060 class="ipc.Server" level="INFO" thread="IPC Server Responder"] Stopping IPC Server Responder
<14>1 2019-01-09T16:17:32.071-08:00 localhost hs2-k8s 18643 883d82b8-bf79-11e8-be1b-029a6cb2d89e [mdc@18060 class="app.DAGAppMaster" level="INFO" thread="f279f359-2e2e-4223-8731-92fdc0db26c3 main"] Completed deletion of tez scratch data dir, path=file:/tmp/hive/pjayachandran/_tez_session_dir/f279f359-2e2e-4223-8731-92fdc0db26c3/.tez/application_1547079444444_0001
<14>1 2019-01-09T16:17:32.074-08:00 localhost hs2-k8s 18643 883d82b8-bf79-11e8-be1b-029a6cb2d89e [mdc@18060 class="tez.TezSessionState" level="INFO" thread="f279f359-2e2e-4223-8731-92fdc0db26c3 main"] Attemting to clean up resources for f279f359-2e2e-4223-8731-92fdc0db26c3: file:/tmp/hive/pjayachandran/_tez_session_dir/f279f359-2e2e-4223-8731-92fdc0db26c3-resources; 0 additional files, 0 localized resources
<14>1 2019-01-09T16:17:32.075-08:00 localhost hs2-k8s 18643 883d82b8-bf79-11e8-be1b-029a6cb2d89e [mdc@18060 class="session.SessionState" level="INFO" thread="f279f359-2e2e-4223-8731-92fdc0db26c3 main"] Deleted directory: /tmp/hive/pjayachandran/f279f359-2e2e-4223-8731-92fdc0db26c3 on fs with scheme file
<14>1 2019-01-09T16:17:32.075-08:00 localhost hs2-k8s 18643 883d82b8-bf79-11e8-be1b-029a6cb2d89e [mdc@18060 class="session.SessionState" level="INFO" thread="f279f359-2e2e-4223-8731-92fdc0db26c3 main"] Deleted directory: /var/folders/2w/4x52xg597k50_bt27x3_k9tw0000gs/T/pjayachandran/f279f359-2e2e-4223-8731-92fdc0db26c3 on fs with scheme file
<14>1 2019-01-09T16:17:32.082-08:00 localhost hs2-k8s 18643 883d82b8-bf79-11e8-be1b-029a6cb2d89e [mdc@18060 class="HiveMetaStore.audit" level="INFO" thread="f279f359-2e2e-4223-8731-92fdc0db26c3 main"] ugi=pjayachandran	ip=unknown-ip-addr	cmd=Done cleaning up thread local RawStore
